2024-11-21 20:30:42,582 - ==========================================
2024-11-21 20:30:42,582 - Starting inference for model: motion_deblurring, dataset: RealBlur-J
2024-11-21 20:30:42,582 - Input Directory: ./inference/dataset/motion/testrealblur/RealBlur-J
2024-11-21 20:30:42,582 - Results Directory: ./inference/results/motion/testrealblur/RealBlur-J
2024-11-21 20:30:42,582 - ==========================================
2024-11-21 20:30:42,604 - Found 980 input images and 980 target images.
2024-11-21 20:30:42,605 - Processing file: blur_1.png
2024-11-21 20:30:43,455 - Processing file: blur_2.png
2024-11-21 20:30:44,122 - Processing file: blur_3.png
2024-11-21 20:30:44,796 - Processing file: blur_4.png
2024-11-21 20:30:45,477 - Processing file: blur_5.png
2024-11-21 20:30:46,177 - Processing file: blur_6.png
2024-11-21 20:30:46,850 - Processing file: blur_7.png
2024-11-21 20:30:47,524 - Processing file: blur_8.png
2024-11-21 20:30:48,196 - Processing file: blur_9.png
2024-11-21 20:30:48,886 - Processing file: blur_10.png
2024-11-21 20:30:49,563 - Processing file: blur_11.png
2024-11-21 20:30:50,235 - Processing file: blur_12.png
2024-11-21 20:30:50,914 - Processing file: blur_13.png
2024-11-21 20:30:51,601 - Processing file: blur_14.png
2024-11-21 20:30:52,299 - Processing file: blur_15.png
2024-11-21 20:30:52,991 - Processing file: blur_16.png
2024-11-21 20:30:53,662 - Processing file: blur_17.png
2024-11-21 20:30:54,319 - Processing file: blur_18.png
2024-11-21 20:30:54,987 - Processing file: blur_19.png
2024-11-21 20:30:55,661 - Processing file: blur_20.png
2024-11-21 20:30:56,332 - Processing file: blur_21.png
2024-11-21 20:30:57,014 - Processing file: blur_22.png
2024-11-21 20:30:57,688 - Processing file: blur_23.png
2024-11-21 20:30:58,361 - Processing file: blur_24.png
2024-11-21 20:30:59,061 - Processing file: blur_25.png
2024-11-21 20:30:59,786 - Processing file: blur_26.png
2024-11-21 20:31:00,487 - Processing file: blur_27.png
2024-11-21 20:31:01,192 - Processing file: blur_28.png
2024-11-21 20:31:01,882 - Processing file: blur_29.png
2024-11-21 20:31:02,570 - Processing file: blur_30.png
2024-11-21 20:31:03,272 - Processing file: blur_31.png
2024-11-21 20:31:04,000 - Processing file: blur_32.png
2024-11-21 20:31:04,700 - Processing file: blur_33.png
2024-11-21 20:31:05,421 - Processing file: blur_34.png
2024-11-21 20:31:06,132 - Processing file: blur_35.png
2024-11-21 20:31:06,848 - Processing file: blur_36.png
2024-11-21 20:31:07,567 - Processing file: blur_37.png
2024-11-21 20:31:08,249 - Processing file: blur_38.png
2024-11-21 20:31:08,938 - Processing file: blur_39.png
2024-11-21 20:31:09,647 - Processing file: blur_40.png
2024-11-21 20:31:10,367 - Processing file: blur_41.png
2024-11-21 20:31:11,082 - Processing file: blur_42.png
2024-11-21 20:31:11,791 - Processing file: blur_43.png
2024-11-21 20:31:12,492 - Processing file: blur_44.png
2024-11-21 20:31:13,167 - Processing file: blur_45.png
2024-11-21 20:31:13,859 - Processing file: blur_46.png
2024-11-21 20:31:14,555 - Processing file: blur_47.png
2024-11-21 20:31:15,226 - Processing file: blur_48.png
2024-11-21 20:31:15,895 - Processing file: blur_49.png
2024-11-21 20:31:16,573 - Processing file: blur_50.png
2024-11-21 20:31:17,255 - Processing file: blur_51.png
2024-11-21 20:31:17,969 - Processing file: blur_52.png
2024-11-21 20:31:18,686 - Processing file: blur_53.png
2024-11-21 20:31:19,388 - Processing file: blur_54.png
2024-11-21 20:31:20,120 - Processing file: blur_55.png
2024-11-21 20:31:20,822 - Processing file: blur_56.png
2024-11-21 20:31:21,523 - Processing file: blur_57.png
2024-11-21 20:31:22,223 - Processing file: blur_58.png
2024-11-21 20:31:22,920 - Processing file: blur_59.png
2024-11-21 20:31:23,647 - Processing file: blur_60.png
2024-11-21 20:31:24,351 - Processing file: blur_61.png
2024-11-21 20:31:25,027 - Processing file: blur_62.png
2024-11-21 20:31:25,701 - Processing file: blur_63.png
2024-11-21 20:31:26,400 - Processing file: blur_64.png
2024-11-21 20:31:27,087 - Processing file: blur_65.png
2024-11-21 20:31:27,780 - Processing file: blur_66.png
2024-11-21 20:31:28,440 - Processing file: blur_67.png
2024-11-21 20:31:29,112 - Processing file: blur_68.png
2024-11-21 20:31:29,795 - Processing file: blur_69.png
2024-11-21 20:31:30,480 - Processing file: blur_70.png
2024-11-21 20:31:31,148 - Processing file: blur_71.png
2024-11-21 20:31:31,837 - Processing file: blur_72.png
2024-11-21 20:31:32,518 - Processing file: blur_73.png
2024-11-21 20:31:33,202 - Processing file: blur_74.png
2024-11-21 20:31:33,914 - Processing file: blur_75.png
2024-11-21 20:31:34,601 - Processing file: blur_76.png
2024-11-21 20:31:35,330 - Processing file: blur_77.png
2024-11-21 20:31:36,041 - Processing file: blur_78.png
2024-11-21 20:31:36,730 - Processing file: blur_79.png
2024-11-21 20:31:37,420 - Processing file: blur_80.png
2024-11-21 20:31:38,090 - Processing file: blur_81.png
2024-11-21 20:31:38,766 - Processing file: blur_82.png
2024-11-21 20:31:39,465 - Processing file: blur_83.png
2024-11-21 20:31:40,164 - Processing file: blur_84.png
2024-11-21 20:31:40,870 - Processing file: blur_85.png
2024-11-21 20:31:41,599 - Processing file: blur_86.png
2024-11-21 20:31:42,301 - Processing file: blur_87.png
2024-11-21 20:31:43,003 - Processing file: blur_88.png
2024-11-21 20:31:43,740 - Processing file: blur_89.png
2024-11-21 20:31:44,465 - Processing file: blur_90.png
2024-11-21 20:31:45,151 - Processing file: blur_91.png
2024-11-21 20:31:45,835 - Processing file: blur_92.png
2024-11-21 20:31:46,529 - Processing file: blur_93.png
2024-11-21 20:31:47,220 - Processing file: blur_94.png
2024-11-21 20:31:47,878 - Processing file: blur_95.png
2024-11-21 20:31:48,546 - Processing file: blur_96.png
2024-11-21 20:31:49,212 - Processing file: blur_97.png
2024-11-21 20:31:49,870 - Processing file: blur_98.png
2024-11-21 20:31:50,536 - Processing file: blur_99.png
2024-11-21 20:31:51,189 - Processing file: blur_100.png
2024-11-21 20:31:51,908 - Processing file: blur_101.png
2024-11-21 20:31:52,559 - Processing file: blur_102.png
2024-11-21 20:31:53,240 - Processing file: blur_103.png
2024-11-21 20:31:53,944 - Processing file: blur_104.png
2024-11-21 20:31:54,632 - Processing file: blur_105.png
2024-11-21 20:31:55,304 - Processing file: blur_106.png
2024-11-21 20:31:55,994 - Processing file: blur_107.png
2024-11-21 20:31:56,668 - Processing file: blur_108.png
2024-11-21 20:31:57,343 - Processing file: blur_109.png
2024-11-21 20:31:58,000 - Processing file: blur_110.png
2024-11-21 20:31:58,700 - Processing file: blur_111.png
2024-11-21 20:31:59,386 - Processing file: blur_112.png
2024-11-21 20:32:00,060 - Processing file: blur_113.png
2024-11-21 20:32:00,744 - Processing file: blur_114.png
2024-11-21 20:32:01,409 - Processing file: blur_115.png
2024-11-21 20:32:02,063 - Processing file: blur_116.png
2024-11-21 20:32:02,730 - Processing file: blur_117.png
2024-11-21 20:32:03,399 - Processing file: blur_118.png
2024-11-21 20:32:04,095 - Processing file: blur_119.png
2024-11-21 20:32:04,747 - Processing file: blur_120.png
2024-11-21 20:32:05,423 - Processing file: blur_121.png
2024-11-21 20:32:06,100 - Processing file: blur_122.png
2024-11-21 20:32:06,782 - Processing file: blur_123.png
2024-11-21 20:32:07,480 - Processing file: blur_124.png
2024-11-21 20:32:08,160 - Processing file: blur_125.png
2024-11-21 20:32:08,834 - Processing file: blur_126.png
2024-11-21 20:32:09,515 - Processing file: blur_127.png
2024-11-21 20:32:10,180 - Processing file: blur_128.png
2024-11-21 20:32:10,837 - Processing file: blur_129.png
2024-11-21 20:32:11,501 - Processing file: blur_130.png
2024-11-21 20:32:12,194 - Processing file: blur_131.png
2024-11-21 20:32:12,851 - Processing file: blur_132.png
2024-11-21 20:32:13,532 - Processing file: blur_133.png
2024-11-21 20:32:14,208 - Processing file: blur_134.png
2024-11-21 20:32:14,863 - Processing file: blur_135.png
2024-11-21 20:32:15,523 - Processing file: blur_136.png
2024-11-21 20:32:16,185 - Processing file: blur_137.png
2024-11-21 20:32:16,851 - Processing file: blur_138.png
2024-11-21 20:32:17,512 - Processing file: blur_139.png
2024-11-21 20:32:18,174 - Processing file: blur_140.png
2024-11-21 20:32:18,830 - Processing file: blur_141.png
2024-11-21 20:32:19,490 - Processing file: blur_142.png
2024-11-21 20:32:20,159 - Processing file: blur_143.png
2024-11-21 20:32:20,810 - Processing file: blur_144.png
2024-11-21 20:32:21,498 - Processing file: blur_145.png
2024-11-21 20:32:22,186 - Processing file: blur_146.png
2024-11-21 20:32:22,878 - Processing file: blur_147.png
2024-11-21 20:32:23,546 - Processing file: blur_148.png
2024-11-21 20:32:24,211 - Processing file: blur_149.png
2024-11-21 20:32:24,868 - Processing file: blur_150.png
2024-11-21 20:32:25,534 - Processing file: blur_151.png
2024-11-21 20:32:26,197 - Processing file: blur_152.png
2024-11-21 20:32:26,860 - Processing file: blur_153.png
2024-11-21 20:32:27,521 - Processing file: blur_154.png
2024-11-21 20:32:28,193 - Processing file: blur_155.png
2024-11-21 20:32:28,854 - Processing file: blur_156.png
2024-11-21 20:32:29,533 - Processing file: blur_157.png
2024-11-21 20:32:30,195 - Processing file: blur_158.png
2024-11-21 20:32:30,866 - Processing file: blur_159.png
2024-11-21 20:32:31,529 - Processing file: blur_160.png
2024-11-21 20:32:32,188 - Processing file: blur_161.png
2024-11-21 20:32:32,850 - Processing file: blur_162.png
2024-11-21 20:32:33,529 - Processing file: blur_163.png
2024-11-21 20:32:34,207 - Processing file: blur_164.png
2024-11-21 20:32:34,861 - Processing file: blur_165.png
2024-11-21 20:32:35,519 - Processing file: blur_166.png
2024-11-21 20:32:36,180 - Processing file: blur_167.png
2024-11-21 20:32:36,850 - Processing file: blur_168.png
2024-11-21 20:32:37,524 - Processing file: blur_169.png
2024-11-21 20:32:38,188 - Processing file: blur_170.png
2024-11-21 20:32:38,831 - Processing file: blur_171.png
2024-11-21 20:32:39,500 - Processing file: blur_172.png
2024-11-21 20:32:40,159 - Processing file: blur_173.png
2024-11-21 20:32:40,825 - Processing file: blur_174.png
2024-11-21 20:32:41,485 - Processing file: blur_175.png
2024-11-21 20:32:42,141 - Processing file: blur_176.png
2024-11-21 20:32:42,800 - Processing file: blur_177.png
2024-11-21 20:32:43,475 - Processing file: blur_178.png
2024-11-21 20:32:44,139 - Processing file: blur_179.png
2024-11-21 20:32:44,804 - Processing file: blur_180.png
2024-11-21 20:32:45,465 - Processing file: blur_181.png
2024-11-21 20:32:46,136 - Processing file: blur_182.png
2024-11-21 20:32:46,806 - Processing file: blur_183.png
2024-11-21 20:32:47,474 - Processing file: blur_184.png
2024-11-21 20:32:48,127 - Processing file: blur_185.png
2024-11-21 20:32:48,800 - Processing file: blur_186.png
2024-11-21 20:32:49,460 - Processing file: blur_187.png
2024-11-21 20:32:50,132 - Processing file: blur_188.png
2024-11-21 20:32:50,846 - Processing file: blur_189.png
2024-11-21 20:32:51,537 - Processing file: blur_190.png
2024-11-21 20:32:52,227 - Processing file: blur_191.png
2024-11-21 20:32:52,901 - Processing file: blur_192.png
2024-11-21 20:32:53,571 - Processing file: blur_193.png
2024-11-21 20:32:54,225 - Processing file: blur_194.png
2024-11-21 20:32:54,934 - Processing file: blur_195.png
2024-11-21 20:32:55,615 - Processing file: blur_196.png
2024-11-21 20:32:56,309 - Processing file: blur_197.png
2024-11-21 20:32:56,987 - Processing file: blur_198.png
2024-11-21 20:32:57,658 - Processing file: blur_199.png
2024-11-21 20:32:58,333 - Processing file: blur_200.png
2024-11-21 20:32:59,038 - Processing file: blur_201.png
2024-11-21 20:32:59,718 - Processing file: blur_202.png
2024-11-21 20:33:00,384 - Processing file: blur_203.png
2024-11-21 20:33:01,067 - Processing file: blur_204.png
2024-11-21 20:33:01,751 - Processing file: blur_205.png
2024-11-21 20:33:02,447 - Processing file: blur_206.png
2024-11-21 20:33:03,132 - Processing file: blur_207.png
2024-11-21 20:33:03,823 - Processing file: blur_208.png
2024-11-21 20:33:04,502 - Processing file: blur_209.png
2024-11-21 20:33:05,184 - Processing file: blur_210.png
2024-11-21 20:33:05,861 - Processing file: blur_211.png
2024-11-21 20:33:06,520 - Processing file: blur_212.png
2024-11-21 20:33:07,191 - Processing file: blur_213.png
2024-11-21 20:33:07,858 - Processing file: blur_214.png
2024-11-21 20:33:08,525 - Processing file: blur_215.png
2024-11-21 20:33:09,186 - Processing file: blur_216.png
2024-11-21 20:33:09,864 - Processing file: blur_217.png
2024-11-21 20:33:10,547 - Processing file: blur_218.png
2024-11-21 20:33:11,249 - Processing file: blur_219.png
2024-11-21 20:33:11,961 - Processing file: blur_220.png
2024-11-21 20:33:12,632 - Processing file: blur_221.png
2024-11-21 20:33:13,342 - Processing file: blur_222.png
2024-11-21 20:33:14,035 - Processing file: blur_223.png
2024-11-21 20:33:14,708 - Processing file: blur_224.png
2024-11-21 20:33:15,371 - Processing file: blur_225.png
2024-11-21 20:33:16,041 - Processing file: blur_226.png
2024-11-21 20:33:16,760 - Processing file: blur_227.png
2024-11-21 20:33:17,450 - Processing file: blur_228.png
2024-11-21 20:33:18,153 - Processing file: blur_229.png
2024-11-21 20:33:18,814 - Processing file: blur_230.png
2024-11-21 20:33:19,514 - Processing file: blur_231.png
2024-11-21 20:33:20,175 - Processing file: blur_232.png
2024-11-21 20:33:20,856 - Processing file: blur_233.png
2024-11-21 20:33:21,525 - Processing file: blur_234.png
2024-11-21 20:33:22,207 - Processing file: blur_235.png
2024-11-21 20:33:22,842 - Processing file: blur_236.png
2024-11-21 20:33:23,506 - Processing file: blur_237.png
2024-11-21 20:33:24,155 - Processing file: blur_238.png
2024-11-21 20:33:24,806 - Processing file: blur_239.png
2024-11-21 20:33:25,500 - Processing file: blur_240.png
2024-11-21 20:33:26,152 - Processing file: blur_241.png
2024-11-21 20:33:26,849 - Processing file: blur_242.png
2024-11-21 20:33:27,492 - Processing file: blur_243.png
2024-11-21 20:33:28,148 - Processing file: blur_244.png
2024-11-21 20:33:28,804 - Processing file: blur_245.png
2024-11-21 20:33:29,489 - Processing file: blur_246.png
2024-11-21 20:33:30,142 - Processing file: blur_247.png
2024-11-21 20:33:30,803 - Processing file: blur_248.png
2024-11-21 20:33:31,497 - Processing file: blur_249.png
2024-11-21 20:33:32,176 - Processing file: blur_250.png
2024-11-21 20:33:32,845 - Processing file: blur_251.png
2024-11-21 20:33:33,519 - Processing file: blur_252.png
2024-11-21 20:33:34,220 - Processing file: blur_253.png
2024-11-21 20:33:34,888 - Processing file: blur_254.png
2024-11-21 20:33:35,553 - Processing file: blur_255.png
2024-11-21 20:33:36,250 - Processing file: blur_256.png
2024-11-21 20:33:36,951 - Processing file: blur_257.png
2024-11-21 20:33:37,661 - Processing file: blur_258.png
2024-11-21 20:33:38,370 - Processing file: blur_259.png
2024-11-21 20:33:39,062 - Processing file: blur_260.png
2024-11-21 20:33:39,753 - Processing file: blur_261.png
2024-11-21 20:33:40,451 - Processing file: blur_262.png
2024-11-21 20:33:41,161 - Processing file: blur_263.png
2024-11-21 20:33:41,835 - Processing file: blur_264.png
2024-11-21 20:33:42,552 - Processing file: blur_265.png
2024-11-21 20:33:43,258 - Processing file: blur_266.png
2024-11-21 20:33:43,936 - Processing file: blur_267.png
2024-11-21 20:33:44,640 - Processing file: blur_268.png
2024-11-21 20:33:45,310 - Processing file: blur_269.png
2024-11-21 20:33:45,984 - Processing file: blur_270.png
2024-11-21 20:33:46,646 - Processing file: blur_271.png
2024-11-21 20:33:47,335 - Processing file: blur_272.png
2024-11-21 20:33:48,007 - Processing file: blur_273.png
2024-11-21 20:33:48,678 - Processing file: blur_274.png
2024-11-21 20:33:49,357 - Processing file: blur_275.png
2024-11-21 20:33:50,032 - Processing file: blur_276.png
2024-11-21 20:33:50,700 - Processing file: blur_277.png
2024-11-21 20:33:51,362 - Processing file: blur_278.png
2024-11-21 20:33:52,057 - Processing file: blur_279.png
2024-11-21 20:33:52,719 - Processing file: blur_280.png
2024-11-21 20:33:53,392 - Processing file: blur_281.png
2024-11-21 20:33:54,088 - Processing file: blur_282.png
2024-11-21 20:33:54,748 - Processing file: blur_283.png
2024-11-21 20:33:55,419 - Processing file: blur_284.png
2024-11-21 20:33:56,125 - Processing file: blur_285.png
2024-11-21 20:33:56,809 - Processing file: blur_286.png
2024-11-21 20:33:57,491 - Processing file: blur_287.png
2024-11-21 20:33:58,182 - Processing file: blur_288.png
2024-11-21 20:33:58,838 - Processing file: blur_289.png
2024-11-21 20:33:59,501 - Processing file: blur_290.png
2024-11-21 20:34:00,180 - Processing file: blur_291.png
2024-11-21 20:34:00,869 - Processing file: blur_292.png
2024-11-21 20:34:01,547 - Processing file: blur_293.png
2024-11-21 20:34:02,216 - Processing file: blur_294.png
2024-11-21 20:34:02,888 - Processing file: blur_295.png
2024-11-21 20:34:03,559 - Processing file: blur_296.png
2024-11-21 20:34:04,256 - Processing file: blur_297.png
2024-11-21 20:34:04,923 - Processing file: blur_298.png
2024-11-21 20:34:05,584 - Processing file: blur_299.png
2024-11-21 20:34:06,250 - Processing file: blur_300.png
2024-11-21 20:34:06,936 - Processing file: blur_301.png
2024-11-21 20:34:07,631 - Processing file: blur_302.png
2024-11-21 20:34:08,333 - Processing file: blur_303.png
2024-11-21 20:34:09,006 - Processing file: blur_304.png
2024-11-21 20:34:09,699 - Processing file: blur_305.png
2024-11-21 20:34:10,428 - Processing file: blur_306.png
2024-11-21 20:34:11,118 - Processing file: blur_307.png
2024-11-21 20:34:11,811 - Processing file: blur_308.png
2024-11-21 20:34:12,478 - Processing file: blur_309.png
2024-11-21 20:34:13,175 - Processing file: blur_310.png
2024-11-21 20:34:13,854 - Processing file: blur_311.png
2024-11-21 20:34:14,555 - Processing file: blur_312.png
2024-11-21 20:34:15,242 - Processing file: blur_313.png
2024-11-21 20:34:15,954 - Processing file: blur_314.png
2024-11-21 20:34:16,622 - Processing file: blur_315.png
2024-11-21 20:34:17,295 - Processing file: blur_316.png
2024-11-21 20:34:17,953 - Processing file: blur_317.png
2024-11-21 20:34:18,630 - Processing file: blur_318.png
2024-11-21 20:34:19,293 - Processing file: blur_319.png
2024-11-21 20:34:19,952 - Processing file: blur_320.png
2024-11-21 20:34:20,618 - Processing file: blur_321.png
2024-11-21 20:34:21,278 - Processing file: blur_322.png
2024-11-21 20:34:21,973 - Processing file: blur_323.png
2024-11-21 20:34:22,672 - Processing file: blur_324.png
2024-11-21 20:34:23,332 - Processing file: blur_325.png
2024-11-21 20:34:23,998 - Processing file: blur_326.png
2024-11-21 20:34:24,658 - Processing file: blur_327.png
2024-11-21 20:34:25,337 - Processing file: blur_328.png
2024-11-21 20:34:25,998 - Processing file: blur_329.png
2024-11-21 20:34:26,674 - Processing file: blur_330.png
2024-11-21 20:34:27,344 - Processing file: blur_331.png
2024-11-21 20:34:28,011 - Processing file: blur_332.png
2024-11-21 20:34:28,676 - Processing file: blur_333.png
2024-11-21 20:34:29,361 - Processing file: blur_334.png
2024-11-21 20:34:30,034 - Processing file: blur_335.png
2024-11-21 20:34:30,692 - Processing file: blur_336.png
2024-11-21 20:34:31,364 - Processing file: blur_337.png
2024-11-21 20:34:32,030 - Processing file: blur_338.png
2024-11-21 20:34:32,700 - Processing file: blur_339.png
2024-11-21 20:34:33,361 - Processing file: blur_340.png
2024-11-21 20:34:34,036 - Processing file: blur_341.png
2024-11-21 20:34:34,694 - Processing file: blur_342.png
2024-11-21 20:34:35,350 - Processing file: blur_343.png
2024-11-21 20:34:36,012 - Processing file: blur_344.png
2024-11-21 20:34:36,684 - Processing file: blur_345.png
2024-11-21 20:34:37,369 - Processing file: blur_346.png
2024-11-21 20:34:38,059 - Processing file: blur_347.png
2024-11-21 20:34:38,758 - Processing file: blur_348.png
2024-11-21 20:34:39,468 - Processing file: blur_349.png
2024-11-21 20:34:40,135 - Processing file: blur_350.png
2024-11-21 20:34:40,809 - Processing file: blur_351.png
2024-11-21 20:34:41,489 - Processing file: blur_352.png
2024-11-21 20:34:42,166 - Processing file: blur_353.png
2024-11-21 20:34:42,845 - Processing file: blur_354.png
2024-11-21 20:34:43,531 - Processing file: blur_355.png
2024-11-21 20:34:44,197 - Processing file: blur_356.png
2024-11-21 20:34:44,910 - Processing file: blur_357.png
2024-11-21 20:34:45,571 - Processing file: blur_358.png
2024-11-21 20:34:46,232 - Processing file: blur_359.png
2024-11-21 20:34:46,941 - Processing file: blur_360.png
2024-11-21 20:34:47,651 - Processing file: blur_361.png
2024-11-21 20:34:48,355 - Processing file: blur_362.png
2024-11-21 20:34:49,058 - Processing file: blur_363.png
2024-11-21 20:34:49,743 - Processing file: blur_364.png
2024-11-21 20:34:50,388 - Processing file: blur_365.png
2024-11-21 20:34:51,073 - Processing file: blur_366.png
2024-11-21 20:34:51,741 - Processing file: blur_367.png
2024-11-21 20:34:52,418 - Processing file: blur_368.png
2024-11-21 20:34:53,097 - Processing file: blur_369.png
2024-11-21 20:34:53,770 - Processing file: blur_370.png
2024-11-21 20:34:54,426 - Processing file: blur_371.png
2024-11-21 20:34:55,104 - Processing file: blur_372.png
2024-11-21 20:34:55,777 - Processing file: blur_373.png
2024-11-21 20:34:56,437 - Processing file: blur_374.png
2024-11-21 20:34:57,130 - Processing file: blur_375.png
2024-11-21 20:34:57,799 - Processing file: blur_376.png
2024-11-21 20:34:58,494 - Processing file: blur_377.png
2024-11-21 20:34:59,172 - Processing file: blur_378.png
2024-11-21 20:34:59,851 - Processing file: blur_379.png
2024-11-21 20:35:00,512 - Processing file: blur_380.png
2024-11-21 20:35:01,182 - Processing file: blur_381.png
2024-11-21 20:35:01,872 - Processing file: blur_382.png
2024-11-21 20:35:02,540 - Processing file: blur_383.png
2024-11-21 20:35:03,251 - Processing file: blur_384.png
2024-11-21 20:35:03,951 - Processing file: blur_385.png
2024-11-21 20:35:04,614 - Processing file: blur_386.png
2024-11-21 20:35:05,278 - Processing file: blur_387.png
2024-11-21 20:35:05,939 - Processing file: blur_388.png
2024-11-21 20:35:06,614 - Processing file: blur_389.png
2024-11-21 20:35:07,291 - Processing file: blur_390.png
2024-11-21 20:35:07,955 - Processing file: blur_391.png
2024-11-21 20:35:08,625 - Processing file: blur_392.png
2024-11-21 20:35:09,335 - Processing file: blur_393.png
2024-11-21 20:35:10,034 - Processing file: blur_394.png
2024-11-21 20:35:10,735 - Processing file: blur_395.png
2024-11-21 20:35:11,430 - Processing file: blur_396.png
2024-11-21 20:35:12,113 - Processing file: blur_397.png
2024-11-21 20:35:12,768 - Processing file: blur_398.png
2024-11-21 20:35:13,466 - Processing file: blur_399.png
2024-11-21 20:35:14,143 - Processing file: blur_400.png
2024-11-21 20:35:14,824 - Processing file: blur_401.png
2024-11-21 20:35:15,493 - Processing file: blur_402.png
2024-11-21 20:35:16,163 - Processing file: blur_403.png
2024-11-21 20:35:16,815 - Processing file: blur_404.png
2024-11-21 20:35:17,516 - Processing file: blur_405.png
2024-11-21 20:35:18,184 - Processing file: blur_406.png
2024-11-21 20:35:18,850 - Processing file: blur_407.png
2024-11-21 20:35:19,527 - Processing file: blur_408.png
2024-11-21 20:35:20,201 - Processing file: blur_409.png
2024-11-21 20:35:20,868 - Processing file: blur_410.png
2024-11-21 20:35:21,562 - Processing file: blur_411.png
2024-11-21 20:35:22,279 - Processing file: blur_412.png
2024-11-21 20:35:22,971 - Processing file: blur_413.png
2024-11-21 20:35:23,687 - Processing file: blur_414.png
2024-11-21 20:35:24,352 - Processing file: blur_415.png
2024-11-21 20:35:25,014 - Processing file: blur_416.png
2024-11-21 20:35:25,757 - Processing file: blur_417.png
2024-11-21 20:35:26,444 - Processing file: blur_418.png
2024-11-21 20:35:27,110 - Processing file: blur_419.png
2024-11-21 20:35:27,786 - Processing file: blur_420.png
2024-11-21 20:35:28,483 - Processing file: blur_421.png
2024-11-21 20:35:29,159 - Processing file: blur_422.png
2024-11-21 20:35:29,871 - Processing file: blur_423.png
2024-11-21 20:35:30,536 - Processing file: blur_424.png
2024-11-21 20:35:31,230 - Processing file: blur_425.png
2024-11-21 20:35:31,917 - Processing file: blur_426.png
2024-11-21 20:35:32,586 - Processing file: blur_427.png
2024-11-21 20:35:33,273 - Processing file: blur_428.png
2024-11-21 20:35:33,971 - Processing file: blur_429.png
2024-11-21 20:35:34,643 - Processing file: blur_430.png
2024-11-21 20:35:35,337 - Processing file: blur_431.png
2024-11-21 20:35:36,018 - Processing file: blur_432.png
2024-11-21 20:35:36,683 - Processing file: blur_433.png
2024-11-21 20:35:37,352 - Processing file: blur_434.png
2024-11-21 20:35:38,023 - Processing file: blur_435.png
2024-11-21 20:35:38,682 - Processing file: blur_436.png
2024-11-21 20:35:39,350 - Processing file: blur_437.png
2024-11-21 20:35:40,025 - Processing file: blur_438.png
2024-11-21 20:35:40,683 - Processing file: blur_439.png
2024-11-21 20:35:41,350 - Processing file: blur_440.png
2024-11-21 20:35:42,044 - Processing file: blur_441.png
2024-11-21 20:35:42,753 - Processing file: blur_442.png
2024-11-21 20:35:43,457 - Processing file: blur_443.png
2024-11-21 20:35:44,142 - Processing file: blur_444.png
2024-11-21 20:35:44,821 - Processing file: blur_445.png
2024-11-21 20:35:45,478 - Processing file: blur_446.png
2024-11-21 20:35:46,156 - Processing file: blur_447.png
2024-11-21 20:35:46,829 - Processing file: blur_448.png
2024-11-21 20:35:47,495 - Processing file: blur_449.png
2024-11-21 20:35:48,176 - Processing file: blur_450.png
2024-11-21 20:35:48,851 - Processing file: blur_451.png
2024-11-21 20:35:49,513 - Processing file: blur_452.png
2024-11-21 20:35:50,183 - Processing file: blur_453.png
2024-11-21 20:35:50,856 - Processing file: blur_454.png
2024-11-21 20:35:51,523 - Processing file: blur_455.png
2024-11-21 20:35:52,219 - Processing file: blur_456.png
2024-11-21 20:35:52,885 - Processing file: blur_457.png
2024-11-21 20:35:53,576 - Processing file: blur_458.png
2024-11-21 20:35:54,266 - Processing file: blur_459.png
2024-11-21 20:35:54,986 - Processing file: blur_460.png
2024-11-21 20:35:55,702 - Processing file: blur_461.png
2024-11-21 20:35:56,404 - Processing file: blur_462.png
2024-11-21 20:35:57,107 - Processing file: blur_463.png
2024-11-21 20:35:57,773 - Processing file: blur_464.png
2024-11-21 20:35:58,449 - Processing file: blur_465.png
2024-11-21 20:35:59,107 - Processing file: blur_466.png
2024-11-21 20:35:59,771 - Processing file: blur_467.png
2024-11-21 20:36:00,472 - Processing file: blur_468.png
2024-11-21 20:36:01,170 - Processing file: blur_469.png
2024-11-21 20:36:01,842 - Processing file: blur_470.png
2024-11-21 20:36:02,512 - Processing file: blur_471.png
2024-11-21 20:36:03,183 - Processing file: blur_472.png
2024-11-21 20:36:03,858 - Processing file: blur_473.png
2024-11-21 20:36:04,528 - Processing file: blur_474.png
2024-11-21 20:36:05,209 - Processing file: blur_475.png
2024-11-21 20:36:05,880 - Processing file: blur_476.png
2024-11-21 20:36:06,541 - Processing file: blur_477.png
2024-11-21 20:36:07,202 - Processing file: blur_478.png
2024-11-21 20:36:07,876 - Processing file: blur_479.png
2024-11-21 20:36:08,541 - Processing file: blur_480.png
2024-11-21 20:36:09,220 - Processing file: blur_481.png
2024-11-21 20:36:09,914 - Processing file: blur_482.png
2024-11-21 20:36:10,606 - Processing file: blur_483.png
2024-11-21 20:36:11,325 - Processing file: blur_484.png
2024-11-21 20:36:12,000 - Processing file: blur_485.png
2024-11-21 20:36:12,687 - Processing file: blur_486.png
2024-11-21 20:36:13,356 - Processing file: blur_487.png
2024-11-21 20:36:14,025 - Processing file: blur_488.png
2024-11-21 20:36:14,693 - Processing file: blur_489.png
2024-11-21 20:36:15,357 - Processing file: blur_490.png
2024-11-21 20:36:16,028 - Processing file: blur_491.png
2024-11-21 20:36:16,728 - Processing file: blur_492.png
2024-11-21 20:36:17,395 - Processing file: blur_493.png
2024-11-21 20:36:18,087 - Processing file: blur_494.png
2024-11-21 20:36:18,754 - Processing file: blur_495.png
2024-11-21 20:36:19,434 - Processing file: blur_496.png
2024-11-21 20:36:20,101 - Processing file: blur_497.png
2024-11-21 20:36:20,770 - Processing file: blur_498.png
2024-11-21 20:36:21,441 - Processing file: blur_499.png
2024-11-21 20:36:22,094 - Processing file: blur_500.png
2024-11-21 20:36:22,751 - Processing file: blur_501.png
2024-11-21 20:36:23,412 - Processing file: blur_502.png
2024-11-21 20:36:24,089 - Processing file: blur_503.png
2024-11-21 20:36:24,749 - Processing file: blur_504.png
2024-11-21 20:36:25,421 - Processing file: blur_505.png
2024-11-21 20:36:26,102 - Processing file: blur_506.png
2024-11-21 20:36:26,768 - Processing file: blur_507.png
2024-11-21 20:36:27,417 - Processing file: blur_508.png
2024-11-21 20:36:28,091 - Processing file: blur_509.png
2024-11-21 20:36:28,716 - Processing file: blur_510.png
2024-11-21 20:36:29,388 - Processing file: blur_511.png
2024-11-21 20:36:30,046 - Processing file: blur_512.png
2024-11-21 20:36:30,747 - Processing file: blur_513.png
2024-11-21 20:36:31,387 - Processing file: blur_514.png
2024-11-21 20:36:32,049 - Processing file: blur_515.png
2024-11-21 20:36:32,694 - Processing file: blur_516.png
2024-11-21 20:36:33,357 - Processing file: blur_517.png
2024-11-21 20:36:34,000 - Processing file: blur_518.png
2024-11-21 20:36:34,656 - Processing file: blur_519.png
2024-11-21 20:36:35,325 - Processing file: blur_520.png
2024-11-21 20:36:35,980 - Processing file: blur_521.png
2024-11-21 20:36:36,628 - Processing file: blur_522.png
2024-11-21 20:36:37,282 - Processing file: blur_523.png
2024-11-21 20:36:37,941 - Processing file: blur_524.png
2024-11-21 20:36:38,604 - Processing file: blur_525.png
2024-11-21 20:36:39,261 - Processing file: blur_526.png
2024-11-21 20:36:39,908 - Processing file: blur_527.png
2024-11-21 20:36:40,571 - Processing file: blur_528.png
2024-11-21 20:36:41,223 - Processing file: blur_529.png
2024-11-21 20:36:41,907 - Processing file: blur_530.png
2024-11-21 20:36:42,582 - Processing file: blur_531.png
2024-11-21 20:36:43,252 - Processing file: blur_532.png
2024-11-21 20:36:43,941 - Processing file: blur_533.png
2024-11-21 20:36:44,628 - Processing file: blur_534.png
2024-11-21 20:36:45,306 - Processing file: blur_535.png
2024-11-21 20:36:45,987 - Processing file: blur_536.png
2024-11-21 20:36:46,684 - Processing file: blur_537.png
2024-11-21 20:36:47,353 - Processing file: blur_538.png
2024-11-21 20:36:48,022 - Processing file: blur_539.png
2024-11-21 20:36:48,698 - Processing file: blur_540.png
2024-11-21 20:36:49,404 - Processing file: blur_541.png
2024-11-21 20:36:50,139 - Processing file: blur_542.png
2024-11-21 20:36:50,842 - Processing file: blur_543.png
2024-11-21 20:36:51,502 - Processing file: blur_544.png
2024-11-21 20:36:52,179 - Processing file: blur_545.png
2024-11-21 20:36:52,890 - Processing file: blur_546.png
2024-11-21 20:36:53,581 - Processing file: blur_547.png
2024-11-21 20:36:54,307 - Processing file: blur_548.png
2024-11-21 20:36:54,982 - Processing file: blur_549.png
2024-11-21 20:36:55,646 - Processing file: blur_550.png
2024-11-21 20:36:56,328 - Processing file: blur_551.png
2024-11-21 20:36:57,002 - Processing file: blur_552.png
2024-11-21 20:36:57,679 - Processing file: blur_553.png
2024-11-21 20:36:58,379 - Processing file: blur_554.png
2024-11-21 20:36:59,030 - Processing file: blur_555.png
2024-11-21 20:36:59,702 - Processing file: blur_556.png
2024-11-21 20:37:00,359 - Processing file: blur_557.png
2024-11-21 20:37:01,026 - Processing file: blur_558.png
2024-11-21 20:37:01,689 - Processing file: blur_559.png
2024-11-21 20:37:02,338 - Processing file: blur_560.png
2024-11-21 20:37:03,000 - Processing file: blur_561.png
2024-11-21 20:37:03,672 - Processing file: blur_562.png
2024-11-21 20:37:04,337 - Processing file: blur_563.png
2024-11-21 20:37:04,990 - Processing file: blur_564.png
2024-11-21 20:37:05,666 - Processing file: blur_565.png
2024-11-21 20:37:06,365 - Processing file: blur_566.png
2024-11-21 20:37:07,069 - Processing file: blur_567.png
2024-11-21 20:37:07,788 - Processing file: blur_568.png
2024-11-21 20:37:08,461 - Processing file: blur_569.png
2024-11-21 20:37:09,129 - Processing file: blur_570.png
2024-11-21 20:37:09,829 - Processing file: blur_571.png
2024-11-21 20:37:10,503 - Processing file: blur_572.png
2024-11-21 20:37:11,191 - Processing file: blur_573.png
2024-11-21 20:37:11,854 - Processing file: blur_574.png
2024-11-21 20:37:12,518 - Processing file: blur_575.png
2024-11-21 20:37:13,202 - Processing file: blur_576.png
2024-11-21 20:37:13,876 - Processing file: blur_577.png
2024-11-21 20:37:14,538 - Processing file: blur_578.png
2024-11-21 20:37:15,212 - Processing file: blur_579.png
2024-11-21 20:37:15,873 - Processing file: blur_580.png
2024-11-21 20:37:16,545 - Processing file: blur_581.png
2024-11-21 20:37:17,233 - Processing file: blur_582.png
2024-11-21 20:37:17,898 - Processing file: blur_583.png
2024-11-21 20:37:18,561 - Processing file: blur_584.png
2024-11-21 20:37:19,224 - Processing file: blur_585.png
2024-11-21 20:37:19,888 - Processing file: blur_586.png
2024-11-21 20:37:20,554 - Processing file: blur_587.png
2024-11-21 20:37:21,232 - Processing file: blur_588.png
2024-11-21 20:37:21,923 - Processing file: blur_589.png
2024-11-21 20:37:22,587 - Processing file: blur_590.png
2024-11-21 20:37:23,261 - Processing file: blur_591.png
2024-11-21 20:37:23,951 - Processing file: blur_592.png
2024-11-21 20:37:24,629 - Processing file: blur_593.png
2024-11-21 20:37:25,319 - Processing file: blur_594.png
2024-11-21 20:37:26,015 - Processing file: blur_595.png
2024-11-21 20:37:26,692 - Processing file: blur_596.png
2024-11-21 20:37:27,355 - Processing file: blur_597.png
2024-11-21 20:37:28,020 - Processing file: blur_598.png
2024-11-21 20:37:28,693 - Processing file: blur_599.png
2024-11-21 20:37:29,372 - Processing file: blur_600.png
2024-11-21 20:37:30,033 - Processing file: blur_601.png
2024-11-21 20:37:30,702 - Processing file: blur_602.png
2024-11-21 20:37:31,370 - Processing file: blur_603.png
2024-11-21 20:37:32,033 - Processing file: blur_604.png
2024-11-21 20:37:32,715 - Processing file: blur_605.png
2024-11-21 20:37:33,409 - Processing file: blur_606.png
2024-11-21 20:37:34,113 - Processing file: blur_607.png
2024-11-21 20:37:34,811 - Processing file: blur_608.png
2024-11-21 20:37:35,493 - Processing file: blur_609.png
2024-11-21 20:37:36,194 - Processing file: blur_610.png
2024-11-21 20:37:36,890 - Processing file: blur_611.png
2024-11-21 20:37:37,584 - Processing file: blur_612.png
2024-11-21 20:37:38,268 - Processing file: blur_613.png
2024-11-21 20:37:38,969 - Processing file: blur_614.png
2024-11-21 20:37:39,657 - Processing file: blur_615.png
2024-11-21 20:37:40,369 - Processing file: blur_616.png
2024-11-21 20:37:41,063 - Processing file: blur_617.png
2024-11-21 20:37:41,773 - Processing file: blur_618.png
2024-11-21 20:37:42,453 - Processing file: blur_619.png
2024-11-21 20:37:43,123 - Processing file: blur_620.png
2024-11-21 20:37:43,809 - Processing file: blur_621.png
2024-11-21 20:37:44,538 - Processing file: blur_622.png
2024-11-21 20:37:45,215 - Processing file: blur_623.png
2024-11-21 20:37:45,889 - Processing file: blur_624.png
2024-11-21 20:37:46,557 - Processing file: blur_625.png
2024-11-21 20:37:47,219 - Processing file: blur_626.png
2024-11-21 20:37:47,893 - Processing file: blur_627.png
2024-11-21 20:37:48,588 - Processing file: blur_628.png
2024-11-21 20:37:49,256 - Processing file: blur_629.png
2024-11-21 20:37:49,920 - Processing file: blur_630.png
2024-11-21 20:37:50,616 - Processing file: blur_631.png
2024-11-21 20:37:51,328 - Processing file: blur_632.png
2024-11-21 20:37:52,025 - Processing file: blur_633.png
2024-11-21 20:37:52,757 - Processing file: blur_634.png
2024-11-21 20:37:53,434 - Processing file: blur_635.png
2024-11-21 20:37:54,110 - Processing file: blur_636.png
2024-11-21 20:37:54,776 - Processing file: blur_637.png
2024-11-21 20:37:55,455 - Processing file: blur_638.png
2024-11-21 20:37:56,135 - Processing file: blur_639.png
2024-11-21 20:37:56,817 - Processing file: blur_640.png
2024-11-21 20:37:57,505 - Processing file: blur_641.png
2024-11-21 20:37:58,166 - Processing file: blur_642.png
2024-11-21 20:37:58,834 - Processing file: blur_643.png
2024-11-21 20:37:59,520 - Processing file: blur_644.png
2024-11-21 20:38:00,180 - Processing file: blur_645.png
2024-11-21 20:38:00,865 - Processing file: blur_646.png
2024-11-21 20:38:01,586 - Processing file: blur_647.png
2024-11-21 20:38:02,299 - Processing file: blur_648.png
2024-11-21 20:38:02,992 - Processing file: blur_649.png
2024-11-21 20:38:03,663 - Processing file: blur_650.png
2024-11-21 20:38:04,340 - Processing file: blur_651.png
2024-11-21 20:38:05,015 - Processing file: blur_652.png
2024-11-21 20:38:05,680 - Processing file: blur_653.png
2024-11-21 20:38:06,338 - Processing file: blur_654.png
2024-11-21 20:38:06,999 - Processing file: blur_655.png
2024-11-21 20:38:07,668 - Processing file: blur_656.png
2024-11-21 20:38:08,338 - Processing file: blur_657.png
2024-11-21 20:38:09,015 - Processing file: blur_658.png
2024-11-21 20:38:09,700 - Processing file: blur_659.png
2024-11-21 20:38:10,401 - Processing file: blur_660.png
2024-11-21 20:38:11,066 - Processing file: blur_661.png
2024-11-21 20:38:11,785 - Processing file: blur_662.png
2024-11-21 20:38:12,460 - Processing file: blur_663.png
2024-11-21 20:38:13,125 - Processing file: blur_664.png
2024-11-21 20:38:13,787 - Processing file: blur_665.png
2024-11-21 20:38:14,489 - Processing file: blur_666.png
2024-11-21 20:38:15,161 - Processing file: blur_667.png
2024-11-21 20:38:15,819 - Processing file: blur_668.png
2024-11-21 20:38:16,508 - Processing file: blur_669.png
2024-11-21 20:38:17,189 - Processing file: blur_670.png
2024-11-21 20:38:17,843 - Processing file: blur_671.png
2024-11-21 20:38:18,513 - Processing file: blur_672.png
2024-11-21 20:38:19,182 - Processing file: blur_673.png
2024-11-21 20:38:19,861 - Processing file: blur_674.png
2024-11-21 20:38:20,555 - Processing file: blur_675.png
2024-11-21 20:38:21,216 - Processing file: blur_676.png
2024-11-21 20:38:21,878 - Processing file: blur_677.png
2024-11-21 20:38:22,577 - Processing file: blur_678.png
2024-11-21 20:38:23,252 - Processing file: blur_679.png
2024-11-21 20:38:23,959 - Processing file: blur_680.png
2024-11-21 20:38:24,620 - Processing file: blur_681.png
2024-11-21 20:38:25,281 - Processing file: blur_682.png
2024-11-21 20:38:25,967 - Processing file: blur_683.png
2024-11-21 20:38:26,655 - Processing file: blur_684.png
2024-11-21 20:38:27,335 - Processing file: blur_685.png
2024-11-21 20:38:28,010 - Processing file: blur_686.png
2024-11-21 20:38:28,666 - Processing file: blur_687.png
2024-11-21 20:38:29,340 - Processing file: blur_688.png
2024-11-21 20:38:30,018 - Processing file: blur_689.png
2024-11-21 20:38:30,714 - Processing file: blur_690.png
2024-11-21 20:38:31,373 - Processing file: blur_691.png
2024-11-21 20:38:32,028 - Processing file: blur_692.png
2024-11-21 20:38:32,693 - Processing file: blur_693.png
2024-11-21 20:38:33,380 - Processing file: blur_694.png
2024-11-21 20:38:34,068 - Processing file: blur_695.png
2024-11-21 20:38:34,747 - Processing file: blur_696.png
2024-11-21 20:38:35,405 - Processing file: blur_697.png
2024-11-21 20:38:36,069 - Processing file: blur_698.png
2024-11-21 20:38:36,734 - Processing file: blur_699.png
2024-11-21 20:38:37,379 - Processing file: blur_700.png
2024-11-21 20:38:38,049 - Processing file: blur_701.png
2024-11-21 20:38:38,715 - Processing file: blur_702.png
2024-11-21 20:38:39,397 - Processing file: blur_703.png
2024-11-21 20:38:40,096 - Processing file: blur_704.png
2024-11-21 20:38:40,773 - Processing file: blur_705.png
2024-11-21 20:38:41,457 - Processing file: blur_706.png
2024-11-21 20:38:42,125 - Processing file: blur_707.png
2024-11-21 20:38:42,811 - Processing file: blur_708.png
2024-11-21 20:38:43,493 - Processing file: blur_709.png
2024-11-21 20:38:44,164 - Processing file: blur_710.png
2024-11-21 20:38:44,897 - Processing file: blur_711.png
2024-11-21 20:38:45,569 - Processing file: blur_712.png
2024-11-21 20:38:46,249 - Processing file: blur_713.png
2024-11-21 20:38:46,912 - Processing file: blur_714.png
2024-11-21 20:38:47,571 - Processing file: blur_715.png
2024-11-21 20:38:48,238 - Processing file: blur_716.png
2024-11-21 20:38:48,927 - Processing file: blur_717.png
2024-11-21 20:38:49,588 - Processing file: blur_718.png
2024-11-21 20:38:50,284 - Processing file: blur_719.png
2024-11-21 20:38:50,968 - Processing file: blur_720.png
2024-11-21 20:38:51,652 - Processing file: blur_721.png
2024-11-21 20:38:52,325 - Processing file: blur_722.png
2024-11-21 20:38:52,989 - Processing file: blur_723.png
2024-11-21 20:38:53,657 - Processing file: blur_724.png
2024-11-21 20:38:54,329 - Processing file: blur_725.png
2024-11-21 20:38:55,044 - Processing file: blur_726.png
2024-11-21 20:38:55,705 - Processing file: blur_727.png
2024-11-21 20:38:56,363 - Processing file: blur_728.png
2024-11-21 20:38:57,029 - Processing file: blur_729.png
2024-11-21 20:38:57,720 - Processing file: blur_730.png
2024-11-21 20:38:58,397 - Processing file: blur_731.png
2024-11-21 20:38:59,090 - Processing file: blur_732.png
2024-11-21 20:38:59,794 - Processing file: blur_733.png
2024-11-21 20:39:00,505 - Processing file: blur_734.png
2024-11-21 20:39:01,204 - Processing file: blur_735.png
2024-11-21 20:39:01,906 - Processing file: blur_736.png
2024-11-21 20:39:02,617 - Processing file: blur_737.png
2024-11-21 20:39:03,307 - Processing file: blur_738.png
2024-11-21 20:39:03,989 - Processing file: blur_739.png
2024-11-21 20:39:04,685 - Processing file: blur_740.png
2024-11-21 20:39:05,379 - Processing file: blur_741.png
2024-11-21 20:39:06,103 - Processing file: blur_742.png
2024-11-21 20:39:06,785 - Processing file: blur_743.png
2024-11-21 20:39:07,453 - Processing file: blur_744.png
2024-11-21 20:39:08,135 - Processing file: blur_745.png
2024-11-21 20:39:08,817 - Processing file: blur_746.png
2024-11-21 20:39:09,485 - Processing file: blur_747.png
2024-11-21 20:39:10,179 - Processing file: blur_748.png
2024-11-21 20:39:10,876 - Processing file: blur_749.png
2024-11-21 20:39:11,585 - Processing file: blur_750.png
2024-11-21 20:39:12,275 - Processing file: blur_751.png
2024-11-21 20:39:12,953 - Processing file: blur_752.png
2024-11-21 20:39:13,660 - Processing file: blur_753.png
2024-11-21 20:39:14,362 - Processing file: blur_754.png
2024-11-21 20:39:15,049 - Processing file: blur_755.png
2024-11-21 20:39:15,727 - Processing file: blur_756.png
2024-11-21 20:39:16,417 - Processing file: blur_757.png
2024-11-21 20:39:17,113 - Processing file: blur_758.png
2024-11-21 20:39:17,777 - Processing file: blur_759.png
2024-11-21 20:39:18,447 - Processing file: blur_760.png
2024-11-21 20:39:19,120 - Processing file: blur_761.png
2024-11-21 20:39:19,785 - Processing file: blur_762.png
2024-11-21 20:39:20,455 - Processing file: blur_763.png
2024-11-21 20:39:21,119 - Processing file: blur_764.png
2024-11-21 20:39:21,776 - Processing file: blur_765.png
2024-11-21 20:39:22,448 - Processing file: blur_766.png
2024-11-21 20:39:23,103 - Processing file: blur_767.png
2024-11-21 20:39:23,764 - Processing file: blur_768.png
2024-11-21 20:39:24,422 - Processing file: blur_769.png
2024-11-21 20:39:25,087 - Processing file: blur_770.png
2024-11-21 20:39:25,755 - Processing file: blur_771.png
2024-11-21 20:39:26,420 - Processing file: blur_772.png
2024-11-21 20:39:27,092 - Processing file: blur_773.png
2024-11-21 20:39:27,751 - Processing file: blur_774.png
2024-11-21 20:39:28,414 - Processing file: blur_775.png
2024-11-21 20:39:29,085 - Processing file: blur_776.png
2024-11-21 20:39:29,755 - Processing file: blur_777.png
2024-11-21 20:39:30,429 - Processing file: blur_778.png
2024-11-21 20:39:31,094 - Processing file: blur_779.png
2024-11-21 20:39:31,757 - Processing file: blur_780.png
2024-11-21 20:39:32,429 - Processing file: blur_781.png
2024-11-21 20:39:33,101 - Processing file: blur_782.png
2024-11-21 20:39:33,761 - Processing file: blur_783.png
2024-11-21 20:39:34,445 - Processing file: blur_784.png
2024-11-21 20:39:35,111 - Processing file: blur_785.png
2024-11-21 20:39:35,793 - Processing file: blur_786.png
2024-11-21 20:39:36,456 - Processing file: blur_787.png
2024-11-21 20:39:37,126 - Processing file: blur_788.png
2024-11-21 20:39:37,794 - Processing file: blur_789.png
2024-11-21 20:39:38,456 - Processing file: blur_790.png
2024-11-21 20:39:39,127 - Processing file: blur_791.png
2024-11-21 20:39:39,791 - Processing file: blur_792.png
2024-11-21 20:39:40,455 - Processing file: blur_793.png
2024-11-21 20:39:41,131 - Processing file: blur_794.png
2024-11-21 20:39:41,790 - Processing file: blur_795.png
2024-11-21 20:39:42,464 - Processing file: blur_796.png
2024-11-21 20:39:43,133 - Processing file: blur_797.png
2024-11-21 20:39:43,786 - Processing file: blur_798.png
2024-11-21 20:39:44,447 - Processing file: blur_799.png
2024-11-21 20:39:45,111 - Processing file: blur_800.png
2024-11-21 20:39:45,794 - Processing file: blur_801.png
2024-11-21 20:39:46,454 - Processing file: blur_802.png
2024-11-21 20:39:47,121 - Processing file: blur_803.png
2024-11-21 20:39:47,800 - Processing file: blur_804.png
2024-11-21 20:39:48,480 - Processing file: blur_805.png
2024-11-21 20:39:49,154 - Processing file: blur_806.png
2024-11-21 20:39:49,857 - Processing file: blur_807.png
2024-11-21 20:39:50,569 - Processing file: blur_808.png
2024-11-21 20:39:51,282 - Processing file: blur_809.png
2024-11-21 20:39:51,988 - Processing file: blur_810.png
2024-11-21 20:39:52,684 - Processing file: blur_811.png
2024-11-21 20:39:53,386 - Processing file: blur_812.png
2024-11-21 20:39:54,080 - Processing file: blur_813.png
2024-11-21 20:39:54,785 - Processing file: blur_814.png
2024-11-21 20:39:55,516 - Processing file: blur_815.png
2024-11-21 20:39:56,204 - Processing file: blur_816.png
2024-11-21 20:39:56,896 - Processing file: blur_817.png
2024-11-21 20:39:57,580 - Processing file: blur_818.png
2024-11-21 20:39:58,286 - Processing file: blur_819.png
2024-11-21 20:39:58,991 - Processing file: blur_820.png
2024-11-21 20:39:59,669 - Processing file: blur_821.png
2024-11-21 20:40:00,391 - Processing file: blur_822.png
2024-11-21 20:40:01,087 - Processing file: blur_823.png
2024-11-21 20:40:01,754 - Processing file: blur_824.png
2024-11-21 20:40:02,426 - Processing file: blur_825.png
2024-11-21 20:40:03,115 - Processing file: blur_826.png
2024-11-21 20:40:03,812 - Processing file: blur_827.png
2024-11-21 20:40:04,505 - Processing file: blur_828.png
2024-11-21 20:40:05,182 - Processing file: blur_829.png
2024-11-21 20:40:05,845 - Processing file: blur_830.png
2024-11-21 20:40:06,500 - Processing file: blur_831.png
2024-11-21 20:40:07,171 - Processing file: blur_832.png
2024-11-21 20:40:07,829 - Processing file: blur_833.png
2024-11-21 20:40:08,533 - Processing file: blur_834.png
2024-11-21 20:40:09,210 - Processing file: blur_835.png
2024-11-21 20:40:09,868 - Processing file: blur_836.png
2024-11-21 20:40:10,530 - Processing file: blur_837.png
2024-11-21 20:40:11,205 - Processing file: blur_838.png
2024-11-21 20:40:11,861 - Processing file: blur_839.png
2024-11-21 20:40:12,537 - Processing file: blur_840.png
2024-11-21 20:40:13,198 - Processing file: blur_841.png
2024-11-21 20:40:13,861 - Processing file: blur_842.png
2024-11-21 20:40:14,517 - Processing file: blur_843.png
2024-11-21 20:40:15,180 - Processing file: blur_844.png
2024-11-21 20:40:15,862 - Processing file: blur_845.png
2024-11-21 20:40:16,593 - Processing file: blur_846.png
2024-11-21 20:40:17,291 - Processing file: blur_847.png
2024-11-21 20:40:17,982 - Processing file: blur_848.png
2024-11-21 20:40:18,656 - Processing file: blur_849.png
2024-11-21 20:40:19,341 - Processing file: blur_850.png
2024-11-21 20:40:20,061 - Processing file: blur_851.png
2024-11-21 20:40:20,770 - Processing file: blur_852.png
2024-11-21 20:40:21,438 - Processing file: blur_853.png
2024-11-21 20:40:22,119 - Processing file: blur_854.png
2024-11-21 20:40:22,797 - Processing file: blur_855.png
2024-11-21 20:40:23,477 - Processing file: blur_856.png
2024-11-21 20:40:24,150 - Processing file: blur_857.png
2024-11-21 20:40:24,819 - Processing file: blur_858.png
2024-11-21 20:40:25,508 - Processing file: blur_859.png
2024-11-21 20:40:26,186 - Processing file: blur_860.png
2024-11-21 20:40:26,849 - Processing file: blur_861.png
2024-11-21 20:40:27,519 - Processing file: blur_862.png
2024-11-21 20:40:28,194 - Processing file: blur_863.png
2024-11-21 20:40:28,869 - Processing file: blur_864.png
2024-11-21 20:40:29,551 - Processing file: blur_865.png
2024-11-21 20:40:30,227 - Processing file: blur_866.png
2024-11-21 20:40:30,903 - Processing file: blur_867.png
2024-11-21 20:40:31,573 - Processing file: blur_868.png
2024-11-21 20:40:32,242 - Processing file: blur_869.png
2024-11-21 20:40:32,916 - Processing file: blur_870.png
2024-11-21 20:40:33,609 - Processing file: blur_871.png
2024-11-21 20:40:34,290 - Processing file: blur_872.png
2024-11-21 20:40:34,966 - Processing file: blur_873.png
2024-11-21 20:40:35,624 - Processing file: blur_874.png
2024-11-21 20:40:36,295 - Processing file: blur_875.png
2024-11-21 20:40:36,976 - Processing file: blur_876.png
2024-11-21 20:40:37,659 - Processing file: blur_877.png
2024-11-21 20:40:38,343 - Processing file: blur_878.png
2024-11-21 20:40:39,012 - Processing file: blur_879.png
2024-11-21 20:40:39,682 - Processing file: blur_880.png
2024-11-21 20:40:40,363 - Processing file: blur_881.png
2024-11-21 20:40:41,052 - Processing file: blur_882.png
2024-11-21 20:40:41,715 - Processing file: blur_883.png
2024-11-21 20:40:42,389 - Processing file: blur_884.png
2024-11-21 20:40:43,052 - Processing file: blur_885.png
2024-11-21 20:40:43,720 - Processing file: blur_886.png
2024-11-21 20:40:44,394 - Processing file: blur_887.png
2024-11-21 20:40:45,080 - Processing file: blur_888.png
2024-11-21 20:40:45,723 - Processing file: blur_889.png
2024-11-21 20:40:46,374 - Processing file: blur_890.png
2024-11-21 20:40:47,044 - Processing file: blur_891.png
2024-11-21 20:40:47,695 - Processing file: blur_892.png
2024-11-21 20:40:48,359 - Processing file: blur_893.png
2024-11-21 20:40:49,019 - Processing file: blur_894.png
2024-11-21 20:40:49,689 - Processing file: blur_895.png
2024-11-21 20:40:50,334 - Processing file: blur_896.png
2024-11-21 20:40:51,000 - Processing file: blur_897.png
2024-11-21 20:40:51,707 - Processing file: blur_898.png
2024-11-21 20:40:52,398 - Processing file: blur_899.png
2024-11-21 20:40:53,043 - Processing file: blur_900.png
2024-11-21 20:40:53,729 - Processing file: blur_901.png
2024-11-21 20:40:54,404 - Processing file: blur_902.png
2024-11-21 20:40:55,065 - Processing file: blur_903.png
2024-11-21 20:40:55,732 - Processing file: blur_904.png
2024-11-21 20:40:56,389 - Processing file: blur_905.png
2024-11-21 20:40:57,077 - Processing file: blur_906.png
2024-11-21 20:40:57,749 - Processing file: blur_907.png
2024-11-21 20:40:58,419 - Processing file: blur_908.png
2024-11-21 20:40:59,085 - Processing file: blur_909.png
2024-11-21 20:40:59,778 - Processing file: blur_910.png
2024-11-21 20:41:00,470 - Processing file: blur_911.png
2024-11-21 20:41:01,153 - Processing file: blur_912.png
2024-11-21 20:41:01,848 - Processing file: blur_913.png
2024-11-21 20:41:02,535 - Processing file: blur_914.png
2024-11-21 20:41:03,222 - Processing file: blur_915.png
2024-11-21 20:41:03,910 - Processing file: blur_916.png
2024-11-21 20:41:04,585 - Processing file: blur_917.png
2024-11-21 20:41:05,260 - Processing file: blur_918.png
2024-11-21 20:41:05,919 - Processing file: blur_919.png
2024-11-21 20:41:06,592 - Processing file: blur_920.png
2024-11-21 20:41:07,288 - Processing file: blur_921.png
2024-11-21 20:41:07,967 - Processing file: blur_922.png
2024-11-21 20:41:08,665 - Processing file: blur_923.png
2024-11-21 20:41:09,336 - Processing file: blur_924.png
2024-11-21 20:41:10,029 - Processing file: blur_925.png
2024-11-21 20:41:10,715 - Processing file: blur_926.png
2024-11-21 20:41:11,390 - Processing file: blur_927.png
2024-11-21 20:41:12,064 - Processing file: blur_928.png
2024-11-21 20:41:12,741 - Processing file: blur_929.png
2024-11-21 20:41:13,429 - Processing file: blur_930.png
2024-11-21 20:41:14,128 - Processing file: blur_931.png
2024-11-21 20:41:14,807 - Processing file: blur_932.png
2024-11-21 20:41:15,486 - Processing file: blur_933.png
2024-11-21 20:41:16,173 - Processing file: blur_934.png
2024-11-21 20:41:16,866 - Processing file: blur_935.png
2024-11-21 20:41:17,573 - Processing file: blur_936.png
2024-11-21 20:41:18,251 - Processing file: blur_937.png
2024-11-21 20:41:18,914 - Processing file: blur_938.png
2024-11-21 20:41:19,589 - Processing file: blur_939.png
2024-11-21 20:41:20,257 - Processing file: blur_940.png
2024-11-21 20:41:20,916 - Processing file: blur_941.png
2024-11-21 20:41:21,590 - Processing file: blur_942.png
2024-11-21 20:41:22,269 - Processing file: blur_943.png
2024-11-21 20:41:22,956 - Processing file: blur_944.png
2024-11-21 20:41:23,643 - Processing file: blur_945.png
2024-11-21 20:41:24,322 - Processing file: blur_946.png
2024-11-21 20:41:25,005 - Processing file: blur_947.png
2024-11-21 20:41:25,675 - Processing file: blur_948.png
2024-11-21 20:41:26,348 - Processing file: blur_949.png
2024-11-21 20:41:27,045 - Processing file: blur_950.png
2024-11-21 20:41:27,714 - Processing file: blur_951.png
2024-11-21 20:41:28,386 - Processing file: blur_952.png
2024-11-21 20:41:29,057 - Processing file: blur_953.png
2024-11-21 20:41:29,725 - Processing file: blur_954.png
2024-11-21 20:41:30,409 - Processing file: blur_955.png
2024-11-21 20:41:31,084 - Processing file: blur_956.png
2024-11-21 20:41:31,760 - Processing file: blur_957.png
2024-11-21 20:41:32,429 - Processing file: blur_958.png
2024-11-21 20:41:33,138 - Processing file: blur_959.png
2024-11-21 20:41:33,802 - Processing file: blur_960.png
2024-11-21 20:41:34,465 - Processing file: blur_961.png
2024-11-21 20:41:35,134 - Processing file: blur_962.png
2024-11-21 20:41:35,812 - Processing file: blur_963.png
2024-11-21 20:41:36,481 - Processing file: blur_964.png
2024-11-21 20:41:37,154 - Processing file: blur_965.png
2024-11-21 20:41:37,810 - Processing file: blur_966.png
2024-11-21 20:41:38,484 - Processing file: blur_967.png
2024-11-21 20:41:39,144 - Processing file: blur_968.png
2024-11-21 20:41:39,831 - Processing file: blur_969.png
2024-11-21 20:41:40,488 - Processing file: blur_970.png
2024-11-21 20:41:41,127 - Processing file: blur_971.png
2024-11-21 20:41:41,800 - Processing file: blur_972.png
2024-11-21 20:41:42,466 - Processing file: blur_973.png
2024-11-21 20:41:43,138 - Processing file: blur_974.png
2024-11-21 20:41:43,826 - Processing file: blur_975.png
2024-11-21 20:41:44,518 - Processing file: blur_976.png
2024-11-21 20:41:45,190 - Processing file: blur_977.png
2024-11-21 20:41:45,873 - Processing file: blur_978.png
2024-11-21 20:41:46,533 - Processing file: blur_979.png
2024-11-21 20:41:47,189 - Processing file: blur_980.png
2024-11-21 20:41:47,837 - Inference completed in 665.23 seconds.
2024-11-21 20:41:47,837 - Overall Metrics - PSNR: 26.6280, SSIM: 0.8239, MAE: 0.0291, LPIPS: 0.1135, DeltaE: 2.6072
