2024-11-20 23:41:58,155 - ==========================================
2024-11-20 23:41:58,155 - Starting inference for model: trained_from_scratch, dataset: RealBlur-R
2024-11-20 23:41:58,155 - Input Directory: ./inference/dataset/motion/testrealblur/RealBlur-R
2024-11-20 23:41:58,155 - Results Directory: ./inference/results/motion/testrealblur/RealBlur-R
2024-11-20 23:41:58,155 - ==========================================
2024-11-20 23:41:58,170 - Found 980 input images and 980 target images.
2024-11-20 23:41:58,172 - Processing file: blur_1.png
2024-11-20 23:41:58,971 - Processing file: blur_2.png
2024-11-20 23:41:59,591 - Processing file: blur_3.png
2024-11-20 23:42:00,249 - Processing file: blur_4.png
2024-11-20 23:42:00,868 - Processing file: blur_5.png
2024-11-20 23:42:01,493 - Processing file: blur_6.png
2024-11-20 23:42:02,113 - Processing file: blur_7.png
2024-11-20 23:42:02,730 - Processing file: blur_8.png
2024-11-20 23:42:03,374 - Processing file: blur_9.png
2024-11-20 23:42:04,006 - Processing file: blur_10.png
2024-11-20 23:42:04,633 - Processing file: blur_11.png
2024-11-20 23:42:05,254 - Processing file: blur_12.png
2024-11-20 23:42:05,892 - Processing file: blur_13.png
2024-11-20 23:42:06,531 - Processing file: blur_14.png
2024-11-20 23:42:07,147 - Processing file: blur_15.png
2024-11-20 23:42:07,783 - Processing file: blur_16.png
2024-11-20 23:42:08,405 - Processing file: blur_17.png
2024-11-20 23:42:09,058 - Processing file: blur_18.png
2024-11-20 23:42:09,685 - Processing file: blur_19.png
2024-11-20 23:42:10,311 - Processing file: blur_20.png
2024-11-20 23:42:10,947 - Processing file: blur_21.png
2024-11-20 23:42:11,586 - Processing file: blur_22.png
2024-11-20 23:42:12,251 - Processing file: blur_23.png
2024-11-20 23:42:12,888 - Processing file: blur_24.png
2024-11-20 23:42:13,520 - Processing file: blur_25.png
2024-11-20 23:42:14,157 - Processing file: blur_26.png
2024-11-20 23:42:14,810 - Processing file: blur_27.png
2024-11-20 23:42:15,462 - Processing file: blur_28.png
2024-11-20 23:42:16,100 - Processing file: blur_29.png
2024-11-20 23:42:16,743 - Processing file: blur_30.png
2024-11-20 23:42:17,384 - Processing file: blur_31.png
2024-11-20 23:42:18,039 - Processing file: blur_32.png
2024-11-20 23:42:18,676 - Processing file: blur_33.png
2024-11-20 23:42:19,320 - Processing file: blur_34.png
2024-11-20 23:42:19,962 - Processing file: blur_35.png
2024-11-20 23:42:20,597 - Processing file: blur_36.png
2024-11-20 23:42:21,262 - Processing file: blur_37.png
2024-11-20 23:42:21,896 - Processing file: blur_38.png
2024-11-20 23:42:22,532 - Processing file: blur_39.png
2024-11-20 23:42:23,168 - Processing file: blur_40.png
2024-11-20 23:42:23,805 - Processing file: blur_41.png
2024-11-20 23:42:24,459 - Processing file: blur_42.png
2024-11-20 23:42:25,092 - Processing file: blur_43.png
2024-11-20 23:42:25,734 - Processing file: blur_44.png
2024-11-20 23:42:26,363 - Processing file: blur_45.png
2024-11-20 23:42:27,010 - Processing file: blur_46.png
2024-11-20 23:42:27,651 - Processing file: blur_47.png
2024-11-20 23:42:28,281 - Processing file: blur_48.png
2024-11-20 23:42:28,905 - Processing file: blur_49.png
2024-11-20 23:42:29,533 - Processing file: blur_50.png
2024-11-20 23:42:30,181 - Processing file: blur_51.png
2024-11-20 23:42:30,807 - Processing file: blur_52.png
2024-11-20 23:42:31,436 - Processing file: blur_53.png
2024-11-20 23:42:32,063 - Processing file: blur_54.png
2024-11-20 23:42:32,690 - Processing file: blur_55.png
2024-11-20 23:42:33,348 - Processing file: blur_56.png
2024-11-20 23:42:33,971 - Processing file: blur_57.png
2024-11-20 23:42:34,615 - Processing file: blur_58.png
2024-11-20 23:42:35,237 - Processing file: blur_59.png
2024-11-20 23:42:35,879 - Processing file: blur_60.png
2024-11-20 23:42:36,527 - Processing file: blur_61.png
2024-11-20 23:42:37,161 - Processing file: blur_62.png
2024-11-20 23:42:37,798 - Processing file: blur_63.png
2024-11-20 23:42:38,439 - Processing file: blur_64.png
2024-11-20 23:42:39,106 - Processing file: blur_65.png
2024-11-20 23:42:39,750 - Processing file: blur_66.png
2024-11-20 23:42:40,395 - Processing file: blur_67.png
2024-11-20 23:42:41,038 - Processing file: blur_68.png
2024-11-20 23:42:41,677 - Processing file: blur_69.png
2024-11-20 23:42:42,336 - Processing file: blur_70.png
2024-11-20 23:42:42,972 - Processing file: blur_71.png
2024-11-20 23:42:43,614 - Processing file: blur_72.png
2024-11-20 23:42:44,254 - Processing file: blur_73.png
2024-11-20 23:42:44,919 - Processing file: blur_74.png
2024-11-20 23:42:45,569 - Processing file: blur_75.png
2024-11-20 23:42:46,210 - Processing file: blur_76.png
2024-11-20 23:42:46,851 - Processing file: blur_77.png
2024-11-20 23:42:47,500 - Processing file: blur_78.png
2024-11-20 23:42:48,171 - Processing file: blur_79.png
2024-11-20 23:42:48,814 - Processing file: blur_80.png
2024-11-20 23:42:49,453 - Processing file: blur_81.png
2024-11-20 23:42:50,095 - Processing file: blur_82.png
2024-11-20 23:42:50,743 - Processing file: blur_83.png
2024-11-20 23:42:51,402 - Processing file: blur_84.png
2024-11-20 23:42:52,035 - Processing file: blur_85.png
2024-11-20 23:42:52,668 - Processing file: blur_86.png
2024-11-20 23:42:53,311 - Processing file: blur_87.png
2024-11-20 23:42:53,964 - Processing file: blur_88.png
2024-11-20 23:42:54,605 - Processing file: blur_89.png
2024-11-20 23:42:55,240 - Processing file: blur_90.png
2024-11-20 23:42:55,880 - Processing file: blur_91.png
2024-11-20 23:42:56,519 - Processing file: blur_92.png
2024-11-20 23:42:57,185 - Processing file: blur_93.png
2024-11-20 23:42:57,826 - Processing file: blur_94.png
2024-11-20 23:42:58,464 - Processing file: blur_95.png
2024-11-20 23:42:59,103 - Processing file: blur_96.png
2024-11-20 23:42:59,754 - Processing file: blur_97.png
2024-11-20 23:43:00,400 - Processing file: blur_98.png
2024-11-20 23:43:01,034 - Processing file: blur_99.png
2024-11-20 23:43:01,672 - Processing file: blur_100.png
2024-11-20 23:43:02,315 - Processing file: blur_101.png
2024-11-20 23:43:02,970 - Processing file: blur_102.png
2024-11-20 23:43:03,613 - Processing file: blur_103.png
2024-11-20 23:43:04,257 - Processing file: blur_104.png
2024-11-20 23:43:04,888 - Processing file: blur_105.png
2024-11-20 23:43:05,510 - Processing file: blur_106.png
2024-11-20 23:43:06,183 - Processing file: blur_107.png
2024-11-20 23:43:06,823 - Processing file: blur_108.png
2024-11-20 23:43:07,463 - Processing file: blur_109.png
2024-11-20 23:43:08,106 - Processing file: blur_110.png
2024-11-20 23:43:08,756 - Processing file: blur_111.png
2024-11-20 23:43:09,412 - Processing file: blur_112.png
2024-11-20 23:43:10,052 - Processing file: blur_113.png
2024-11-20 23:43:10,698 - Processing file: blur_114.png
2024-11-20 23:43:11,328 - Processing file: blur_115.png
2024-11-20 23:43:11,983 - Processing file: blur_116.png
2024-11-20 23:43:12,624 - Processing file: blur_117.png
2024-11-20 23:43:13,268 - Processing file: blur_118.png
2024-11-20 23:43:13,897 - Processing file: blur_119.png
2024-11-20 23:43:14,527 - Processing file: blur_120.png
2024-11-20 23:43:15,195 - Processing file: blur_121.png
2024-11-20 23:43:15,832 - Processing file: blur_122.png
2024-11-20 23:43:16,467 - Processing file: blur_123.png
2024-11-20 23:43:17,103 - Processing file: blur_124.png
2024-11-20 23:43:17,740 - Processing file: blur_125.png
2024-11-20 23:43:18,389 - Processing file: blur_126.png
2024-11-20 23:43:19,026 - Processing file: blur_127.png
2024-11-20 23:43:19,661 - Processing file: blur_128.png
2024-11-20 23:43:20,294 - Processing file: blur_129.png
2024-11-20 23:43:20,951 - Processing file: blur_130.png
2024-11-20 23:43:21,593 - Processing file: blur_131.png
2024-11-20 23:43:22,225 - Processing file: blur_132.png
2024-11-20 23:43:22,861 - Processing file: blur_133.png
2024-11-20 23:43:23,497 - Processing file: blur_134.png
2024-11-20 23:43:24,152 - Processing file: blur_135.png
2024-11-20 23:43:24,786 - Processing file: blur_136.png
2024-11-20 23:43:25,414 - Processing file: blur_137.png
2024-11-20 23:43:26,057 - Processing file: blur_138.png
2024-11-20 23:43:26,704 - Processing file: blur_139.png
2024-11-20 23:43:27,365 - Processing file: blur_140.png
2024-11-20 23:43:27,990 - Processing file: blur_141.png
2024-11-20 23:43:28,617 - Processing file: blur_142.png
2024-11-20 23:43:29,260 - Processing file: blur_143.png
2024-11-20 23:43:29,898 - Processing file: blur_144.png
2024-11-20 23:43:30,567 - Processing file: blur_145.png
2024-11-20 23:43:31,199 - Processing file: blur_146.png
2024-11-20 23:43:31,818 - Processing file: blur_147.png
2024-11-20 23:43:32,446 - Processing file: blur_148.png
2024-11-20 23:43:33,100 - Processing file: blur_149.png
2024-11-20 23:43:33,734 - Processing file: blur_150.png
2024-11-20 23:43:34,370 - Processing file: blur_151.png
2024-11-20 23:43:35,004 - Processing file: blur_152.png
2024-11-20 23:43:35,628 - Processing file: blur_153.png
2024-11-20 23:43:36,293 - Processing file: blur_154.png
2024-11-20 23:43:36,929 - Processing file: blur_155.png
2024-11-20 23:43:37,570 - Processing file: blur_156.png
2024-11-20 23:43:38,207 - Processing file: blur_157.png
2024-11-20 23:43:38,857 - Processing file: blur_158.png
2024-11-20 23:43:39,508 - Processing file: blur_159.png
2024-11-20 23:43:40,143 - Processing file: blur_160.png
2024-11-20 23:43:40,781 - Processing file: blur_161.png
2024-11-20 23:43:41,416 - Processing file: blur_162.png
2024-11-20 23:43:42,072 - Processing file: blur_163.png
2024-11-20 23:43:42,712 - Processing file: blur_164.png
2024-11-20 23:43:43,345 - Processing file: blur_165.png
2024-11-20 23:43:43,987 - Processing file: blur_166.png
2024-11-20 23:43:44,628 - Processing file: blur_167.png
2024-11-20 23:43:45,294 - Processing file: blur_168.png
2024-11-20 23:43:45,929 - Processing file: blur_169.png
2024-11-20 23:43:46,574 - Processing file: blur_170.png
2024-11-20 23:43:47,195 - Processing file: blur_171.png
2024-11-20 23:43:47,838 - Processing file: blur_172.png
2024-11-20 23:43:48,487 - Processing file: blur_173.png
2024-11-20 23:43:49,116 - Processing file: blur_174.png
2024-11-20 23:43:49,752 - Processing file: blur_175.png
2024-11-20 23:43:50,395 - Processing file: blur_176.png
2024-11-20 23:43:51,047 - Processing file: blur_177.png
2024-11-20 23:43:51,679 - Processing file: blur_178.png
2024-11-20 23:43:52,315 - Processing file: blur_179.png
2024-11-20 23:43:52,951 - Processing file: blur_180.png
2024-11-20 23:43:53,583 - Processing file: blur_181.png
2024-11-20 23:43:54,244 - Processing file: blur_182.png
2024-11-20 23:43:54,880 - Processing file: blur_183.png
2024-11-20 23:43:55,513 - Processing file: blur_184.png
2024-11-20 23:43:56,139 - Processing file: blur_185.png
2024-11-20 23:43:56,781 - Processing file: blur_186.png
2024-11-20 23:43:57,431 - Processing file: blur_187.png
2024-11-20 23:43:58,066 - Processing file: blur_188.png
2024-11-20 23:43:58,701 - Processing file: blur_189.png
2024-11-20 23:43:59,344 - Processing file: blur_190.png
2024-11-20 23:43:59,994 - Processing file: blur_191.png
2024-11-20 23:44:00,629 - Processing file: blur_192.png
2024-11-20 23:44:01,270 - Processing file: blur_193.png
2024-11-20 23:44:01,895 - Processing file: blur_194.png
2024-11-20 23:44:02,519 - Processing file: blur_195.png
2024-11-20 23:44:03,172 - Processing file: blur_196.png
2024-11-20 23:44:03,798 - Processing file: blur_197.png
2024-11-20 23:44:04,422 - Processing file: blur_198.png
2024-11-20 23:44:05,052 - Processing file: blur_199.png
2024-11-20 23:44:05,673 - Processing file: blur_200.png
2024-11-20 23:44:06,326 - Processing file: blur_201.png
2024-11-20 23:44:06,953 - Processing file: blur_202.png
2024-11-20 23:44:07,596 - Processing file: blur_203.png
2024-11-20 23:44:08,220 - Processing file: blur_204.png
2024-11-20 23:44:08,858 - Processing file: blur_205.png
2024-11-20 23:44:09,495 - Processing file: blur_206.png
2024-11-20 23:44:10,108 - Processing file: blur_207.png
2024-11-20 23:44:10,739 - Processing file: blur_208.png
2024-11-20 23:44:11,362 - Processing file: blur_209.png
2024-11-20 23:44:12,013 - Processing file: blur_210.png
2024-11-20 23:44:12,641 - Processing file: blur_211.png
2024-11-20 23:44:13,252 - Processing file: blur_212.png
2024-11-20 23:44:13,872 - Processing file: blur_213.png
2024-11-20 23:44:14,511 - Processing file: blur_214.png
2024-11-20 23:44:15,178 - Processing file: blur_215.png
2024-11-20 23:44:15,816 - Processing file: blur_216.png
2024-11-20 23:44:16,461 - Processing file: blur_217.png
2024-11-20 23:44:17,101 - Processing file: blur_218.png
2024-11-20 23:44:17,745 - Processing file: blur_219.png
2024-11-20 23:44:18,409 - Processing file: blur_220.png
2024-11-20 23:44:19,048 - Processing file: blur_221.png
2024-11-20 23:44:19,686 - Processing file: blur_222.png
2024-11-20 23:44:20,327 - Processing file: blur_223.png
2024-11-20 23:44:20,982 - Processing file: blur_224.png
2024-11-20 23:44:21,624 - Processing file: blur_225.png
2024-11-20 23:44:22,263 - Processing file: blur_226.png
2024-11-20 23:44:22,904 - Processing file: blur_227.png
2024-11-20 23:44:23,545 - Processing file: blur_228.png
2024-11-20 23:44:24,216 - Processing file: blur_229.png
2024-11-20 23:44:24,860 - Processing file: blur_230.png
2024-11-20 23:44:25,501 - Processing file: blur_231.png
2024-11-20 23:44:26,138 - Processing file: blur_232.png
2024-11-20 23:44:26,781 - Processing file: blur_233.png
2024-11-20 23:44:27,432 - Processing file: blur_234.png
2024-11-20 23:44:28,058 - Processing file: blur_235.png
2024-11-20 23:44:28,667 - Processing file: blur_236.png
2024-11-20 23:44:29,291 - Processing file: blur_237.png
2024-11-20 23:44:29,926 - Processing file: blur_238.png
2024-11-20 23:44:30,563 - Processing file: blur_239.png
2024-11-20 23:44:31,197 - Processing file: blur_240.png
2024-11-20 23:44:31,823 - Processing file: blur_241.png
2024-11-20 23:44:32,451 - Processing file: blur_242.png
2024-11-20 23:44:33,094 - Processing file: blur_243.png
2024-11-20 23:44:33,721 - Processing file: blur_244.png
2024-11-20 23:44:34,350 - Processing file: blur_245.png
2024-11-20 23:44:34,975 - Processing file: blur_246.png
2024-11-20 23:44:35,606 - Processing file: blur_247.png
2024-11-20 23:44:36,263 - Processing file: blur_248.png
2024-11-20 23:44:36,897 - Processing file: blur_249.png
2024-11-20 23:44:37,530 - Processing file: blur_250.png
2024-11-20 23:44:38,154 - Processing file: blur_251.png
2024-11-20 23:44:38,792 - Processing file: blur_252.png
2024-11-20 23:44:39,437 - Processing file: blur_253.png
2024-11-20 23:44:40,074 - Processing file: blur_254.png
2024-11-20 23:44:40,715 - Processing file: blur_255.png
2024-11-20 23:44:41,354 - Processing file: blur_256.png
2024-11-20 23:44:42,016 - Processing file: blur_257.png
2024-11-20 23:44:42,655 - Processing file: blur_258.png
2024-11-20 23:44:43,293 - Processing file: blur_259.png
2024-11-20 23:44:43,942 - Processing file: blur_260.png
2024-11-20 23:44:44,580 - Processing file: blur_261.png
2024-11-20 23:44:45,253 - Processing file: blur_262.png
2024-11-20 23:44:45,891 - Processing file: blur_263.png
2024-11-20 23:44:46,526 - Processing file: blur_264.png
2024-11-20 23:44:47,163 - Processing file: blur_265.png
2024-11-20 23:44:47,805 - Processing file: blur_266.png
2024-11-20 23:44:48,462 - Processing file: blur_267.png
2024-11-20 23:44:49,098 - Processing file: blur_268.png
2024-11-20 23:44:49,735 - Processing file: blur_269.png
2024-11-20 23:44:50,378 - Processing file: blur_270.png
2024-11-20 23:44:51,037 - Processing file: blur_271.png
2024-11-20 23:44:51,678 - Processing file: blur_272.png
2024-11-20 23:44:52,327 - Processing file: blur_273.png
2024-11-20 23:44:52,952 - Processing file: blur_274.png
2024-11-20 23:44:53,583 - Processing file: blur_275.png
2024-11-20 23:44:54,244 - Processing file: blur_276.png
2024-11-20 23:44:54,879 - Processing file: blur_277.png
2024-11-20 23:44:55,521 - Processing file: blur_278.png
2024-11-20 23:44:56,153 - Processing file: blur_279.png
2024-11-20 23:44:56,789 - Processing file: blur_280.png
2024-11-20 23:44:57,437 - Processing file: blur_281.png
2024-11-20 23:44:58,066 - Processing file: blur_282.png
2024-11-20 23:44:58,708 - Processing file: blur_283.png
2024-11-20 23:44:59,341 - Processing file: blur_284.png
2024-11-20 23:44:59,990 - Processing file: blur_285.png
2024-11-20 23:45:00,634 - Processing file: blur_286.png
2024-11-20 23:45:01,275 - Processing file: blur_287.png
2024-11-20 23:45:01,914 - Processing file: blur_288.png
2024-11-20 23:45:02,549 - Processing file: blur_289.png
2024-11-20 23:45:03,216 - Processing file: blur_290.png
2024-11-20 23:45:03,847 - Processing file: blur_291.png
2024-11-20 23:45:04,478 - Processing file: blur_292.png
2024-11-20 23:45:05,117 - Processing file: blur_293.png
2024-11-20 23:45:05,768 - Processing file: blur_294.png
2024-11-20 23:45:06,426 - Processing file: blur_295.png
2024-11-20 23:45:07,071 - Processing file: blur_296.png
2024-11-20 23:45:07,734 - Processing file: blur_297.png
2024-11-20 23:45:08,377 - Processing file: blur_298.png
2024-11-20 23:45:09,042 - Processing file: blur_299.png
2024-11-20 23:45:09,688 - Processing file: blur_300.png
2024-11-20 23:45:10,342 - Processing file: blur_301.png
2024-11-20 23:45:11,011 - Processing file: blur_302.png
2024-11-20 23:45:11,655 - Processing file: blur_303.png
2024-11-20 23:45:12,325 - Processing file: blur_304.png
2024-11-20 23:45:12,967 - Processing file: blur_305.png
2024-11-20 23:45:13,618 - Processing file: blur_306.png
2024-11-20 23:45:14,259 - Processing file: blur_307.png
2024-11-20 23:45:14,916 - Processing file: blur_308.png
2024-11-20 23:45:15,570 - Processing file: blur_309.png
2024-11-20 23:45:16,212 - Processing file: blur_310.png
2024-11-20 23:45:16,856 - Processing file: blur_311.png
2024-11-20 23:45:17,499 - Processing file: blur_312.png
2024-11-20 23:45:18,165 - Processing file: blur_313.png
2024-11-20 23:45:18,797 - Processing file: blur_314.png
2024-11-20 23:45:19,428 - Processing file: blur_315.png
2024-11-20 23:45:20,064 - Processing file: blur_316.png
2024-11-20 23:45:20,689 - Processing file: blur_317.png
2024-11-20 23:45:21,346 - Processing file: blur_318.png
2024-11-20 23:45:21,983 - Processing file: blur_319.png
2024-11-20 23:45:22,612 - Processing file: blur_320.png
2024-11-20 23:45:23,242 - Processing file: blur_321.png
2024-11-20 23:45:23,884 - Processing file: blur_322.png
2024-11-20 23:45:24,514 - Processing file: blur_323.png
2024-11-20 23:45:25,148 - Processing file: blur_324.png
2024-11-20 23:45:25,784 - Processing file: blur_325.png
2024-11-20 23:45:26,423 - Processing file: blur_326.png
2024-11-20 23:45:27,078 - Processing file: blur_327.png
2024-11-20 23:45:27,712 - Processing file: blur_328.png
2024-11-20 23:45:28,349 - Processing file: blur_329.png
2024-11-20 23:45:28,980 - Processing file: blur_330.png
2024-11-20 23:45:29,614 - Processing file: blur_331.png
2024-11-20 23:45:30,277 - Processing file: blur_332.png
2024-11-20 23:45:30,912 - Processing file: blur_333.png
2024-11-20 23:45:31,548 - Processing file: blur_334.png
2024-11-20 23:45:32,169 - Processing file: blur_335.png
2024-11-20 23:45:32,809 - Processing file: blur_336.png
2024-11-20 23:45:33,455 - Processing file: blur_337.png
2024-11-20 23:45:34,095 - Processing file: blur_338.png
2024-11-20 23:45:34,727 - Processing file: blur_339.png
2024-11-20 23:45:35,353 - Processing file: blur_340.png
2024-11-20 23:45:36,015 - Processing file: blur_341.png
2024-11-20 23:45:36,646 - Processing file: blur_342.png
2024-11-20 23:45:37,273 - Processing file: blur_343.png
2024-11-20 23:45:37,909 - Processing file: blur_344.png
2024-11-20 23:45:38,532 - Processing file: blur_345.png
2024-11-20 23:45:39,196 - Processing file: blur_346.png
2024-11-20 23:45:39,830 - Processing file: blur_347.png
2024-11-20 23:45:40,465 - Processing file: blur_348.png
2024-11-20 23:45:41,102 - Processing file: blur_349.png
2024-11-20 23:45:41,745 - Processing file: blur_350.png
2024-11-20 23:45:42,401 - Processing file: blur_351.png
2024-11-20 23:45:43,034 - Processing file: blur_352.png
2024-11-20 23:45:43,668 - Processing file: blur_353.png
2024-11-20 23:45:44,297 - Processing file: blur_354.png
2024-11-20 23:45:44,942 - Processing file: blur_355.png
2024-11-20 23:45:45,588 - Processing file: blur_356.png
2024-11-20 23:45:46,218 - Processing file: blur_357.png
2024-11-20 23:45:46,845 - Processing file: blur_358.png
2024-11-20 23:45:47,475 - Processing file: blur_359.png
2024-11-20 23:45:48,137 - Processing file: blur_360.png
2024-11-20 23:45:48,770 - Processing file: blur_361.png
2024-11-20 23:45:49,392 - Processing file: blur_362.png
2024-11-20 23:45:50,017 - Processing file: blur_363.png
2024-11-20 23:45:50,652 - Processing file: blur_364.png
2024-11-20 23:45:51,295 - Processing file: blur_365.png
2024-11-20 23:45:51,930 - Processing file: blur_366.png
2024-11-20 23:45:52,562 - Processing file: blur_367.png
2024-11-20 23:45:53,192 - Processing file: blur_368.png
2024-11-20 23:45:53,836 - Processing file: blur_369.png
2024-11-20 23:45:54,486 - Processing file: blur_370.png
2024-11-20 23:45:55,118 - Processing file: blur_371.png
2024-11-20 23:45:55,750 - Processing file: blur_372.png
2024-11-20 23:45:56,380 - Processing file: blur_373.png
2024-11-20 23:45:57,033 - Processing file: blur_374.png
2024-11-20 23:45:57,668 - Processing file: blur_375.png
2024-11-20 23:45:58,311 - Processing file: blur_376.png
2024-11-20 23:45:58,944 - Processing file: blur_377.png
2024-11-20 23:45:59,580 - Processing file: blur_378.png
2024-11-20 23:46:00,249 - Processing file: blur_379.png
2024-11-20 23:46:00,884 - Processing file: blur_380.png
2024-11-20 23:46:01,517 - Processing file: blur_381.png
2024-11-20 23:46:02,141 - Processing file: blur_382.png
2024-11-20 23:46:02,769 - Processing file: blur_383.png
2024-11-20 23:46:03,425 - Processing file: blur_384.png
2024-11-20 23:46:04,056 - Processing file: blur_385.png
2024-11-20 23:46:04,690 - Processing file: blur_386.png
2024-11-20 23:46:05,323 - Processing file: blur_387.png
2024-11-20 23:46:05,971 - Processing file: blur_388.png
2024-11-20 23:46:06,615 - Processing file: blur_389.png
2024-11-20 23:46:07,248 - Processing file: blur_390.png
2024-11-20 23:46:07,879 - Processing file: blur_391.png
2024-11-20 23:46:08,505 - Processing file: blur_392.png
2024-11-20 23:46:09,158 - Processing file: blur_393.png
2024-11-20 23:46:09,779 - Processing file: blur_394.png
2024-11-20 23:46:10,400 - Processing file: blur_395.png
2024-11-20 23:46:11,026 - Processing file: blur_396.png
2024-11-20 23:46:11,653 - Processing file: blur_397.png
2024-11-20 23:46:12,296 - Processing file: blur_398.png
2024-11-20 23:46:12,919 - Processing file: blur_399.png
2024-11-20 23:46:13,543 - Processing file: blur_400.png
2024-11-20 23:46:14,171 - Processing file: blur_401.png
2024-11-20 23:46:14,802 - Processing file: blur_402.png
2024-11-20 23:46:15,445 - Processing file: blur_403.png
2024-11-20 23:46:16,064 - Processing file: blur_404.png
2024-11-20 23:46:16,692 - Processing file: blur_405.png
2024-11-20 23:46:17,330 - Processing file: blur_406.png
2024-11-20 23:46:17,977 - Processing file: blur_407.png
2024-11-20 23:46:18,610 - Processing file: blur_408.png
2024-11-20 23:46:19,242 - Processing file: blur_409.png
2024-11-20 23:46:19,876 - Processing file: blur_410.png
2024-11-20 23:46:20,512 - Processing file: blur_411.png
2024-11-20 23:46:21,181 - Processing file: blur_412.png
2024-11-20 23:46:21,820 - Processing file: blur_413.png
2024-11-20 23:46:22,456 - Processing file: blur_414.png
2024-11-20 23:46:23,081 - Processing file: blur_415.png
2024-11-20 23:46:23,731 - Processing file: blur_416.png
2024-11-20 23:46:24,407 - Processing file: blur_417.png
2024-11-20 23:46:25,027 - Processing file: blur_418.png
2024-11-20 23:46:25,652 - Processing file: blur_419.png
2024-11-20 23:46:26,291 - Processing file: blur_420.png
2024-11-20 23:46:26,941 - Processing file: blur_421.png
2024-11-20 23:46:27,598 - Processing file: blur_422.png
2024-11-20 23:46:28,236 - Processing file: blur_423.png
2024-11-20 23:46:28,879 - Processing file: blur_424.png
2024-11-20 23:46:29,518 - Processing file: blur_425.png
2024-11-20 23:46:30,189 - Processing file: blur_426.png
2024-11-20 23:46:30,828 - Processing file: blur_427.png
2024-11-20 23:46:31,463 - Processing file: blur_428.png
2024-11-20 23:46:32,104 - Processing file: blur_429.png
2024-11-20 23:46:32,741 - Processing file: blur_430.png
2024-11-20 23:46:33,397 - Processing file: blur_431.png
2024-11-20 23:46:34,034 - Processing file: blur_432.png
2024-11-20 23:46:34,671 - Processing file: blur_433.png
2024-11-20 23:46:35,307 - Processing file: blur_434.png
2024-11-20 23:46:35,953 - Processing file: blur_435.png
2024-11-20 23:46:36,592 - Processing file: blur_436.png
2024-11-20 23:46:37,218 - Processing file: blur_437.png
2024-11-20 23:46:37,856 - Processing file: blur_438.png
2024-11-20 23:46:38,493 - Processing file: blur_439.png
2024-11-20 23:46:39,161 - Processing file: blur_440.png
2024-11-20 23:46:39,788 - Processing file: blur_441.png
2024-11-20 23:46:40,418 - Processing file: blur_442.png
2024-11-20 23:46:41,048 - Processing file: blur_443.png
2024-11-20 23:46:41,681 - Processing file: blur_444.png
2024-11-20 23:46:42,329 - Processing file: blur_445.png
2024-11-20 23:46:42,960 - Processing file: blur_446.png
2024-11-20 23:46:43,589 - Processing file: blur_447.png
2024-11-20 23:46:44,223 - Processing file: blur_448.png
2024-11-20 23:46:44,870 - Processing file: blur_449.png
2024-11-20 23:46:45,514 - Processing file: blur_450.png
2024-11-20 23:46:46,152 - Processing file: blur_451.png
2024-11-20 23:46:46,785 - Processing file: blur_452.png
2024-11-20 23:46:47,431 - Processing file: blur_453.png
2024-11-20 23:46:48,088 - Processing file: blur_454.png
2024-11-20 23:46:48,721 - Processing file: blur_455.png
2024-11-20 23:46:49,354 - Processing file: blur_456.png
2024-11-20 23:46:49,987 - Processing file: blur_457.png
2024-11-20 23:46:50,614 - Processing file: blur_458.png
2024-11-20 23:46:51,265 - Processing file: blur_459.png
2024-11-20 23:46:51,894 - Processing file: blur_460.png
2024-11-20 23:46:52,513 - Processing file: blur_461.png
2024-11-20 23:46:53,145 - Processing file: blur_462.png
2024-11-20 23:46:53,785 - Processing file: blur_463.png
2024-11-20 23:46:54,431 - Processing file: blur_464.png
2024-11-20 23:46:55,056 - Processing file: blur_465.png
2024-11-20 23:46:55,670 - Processing file: blur_466.png
2024-11-20 23:46:56,292 - Processing file: blur_467.png
2024-11-20 23:46:56,940 - Processing file: blur_468.png
2024-11-20 23:46:57,585 - Processing file: blur_469.png
2024-11-20 23:46:58,218 - Processing file: blur_470.png
2024-11-20 23:46:58,860 - Processing file: blur_471.png
2024-11-20 23:46:59,497 - Processing file: blur_472.png
2024-11-20 23:47:00,160 - Processing file: blur_473.png
2024-11-20 23:47:00,802 - Processing file: blur_474.png
2024-11-20 23:47:01,437 - Processing file: blur_475.png
2024-11-20 23:47:02,077 - Processing file: blur_476.png
2024-11-20 23:47:02,709 - Processing file: blur_477.png
2024-11-20 23:47:03,362 - Processing file: blur_478.png
2024-11-20 23:47:04,002 - Processing file: blur_479.png
2024-11-20 23:47:04,634 - Processing file: blur_480.png
2024-11-20 23:47:05,269 - Processing file: blur_481.png
2024-11-20 23:47:05,912 - Processing file: blur_482.png
2024-11-20 23:47:06,557 - Processing file: blur_483.png
2024-11-20 23:47:07,195 - Processing file: blur_484.png
2024-11-20 23:47:07,845 - Processing file: blur_485.png
2024-11-20 23:47:08,487 - Processing file: blur_486.png
2024-11-20 23:47:09,139 - Processing file: blur_487.png
2024-11-20 23:47:09,772 - Processing file: blur_488.png
2024-11-20 23:47:10,414 - Processing file: blur_489.png
2024-11-20 23:47:11,037 - Processing file: blur_490.png
2024-11-20 23:47:11,667 - Processing file: blur_491.png
2024-11-20 23:47:12,323 - Processing file: blur_492.png
2024-11-20 23:47:12,952 - Processing file: blur_493.png
2024-11-20 23:47:13,577 - Processing file: blur_494.png
2024-11-20 23:47:14,203 - Processing file: blur_495.png
2024-11-20 23:47:14,841 - Processing file: blur_496.png
2024-11-20 23:47:15,482 - Processing file: blur_497.png
2024-11-20 23:47:16,088 - Processing file: blur_498.png
2024-11-20 23:47:16,722 - Processing file: blur_499.png
2024-11-20 23:47:17,349 - Processing file: blur_500.png
2024-11-20 23:47:17,997 - Processing file: blur_501.png
2024-11-20 23:47:18,630 - Processing file: blur_502.png
2024-11-20 23:47:19,264 - Processing file: blur_503.png
2024-11-20 23:47:19,898 - Processing file: blur_504.png
2024-11-20 23:47:20,516 - Processing file: blur_505.png
2024-11-20 23:47:21,190 - Processing file: blur_506.png
2024-11-20 23:47:21,814 - Processing file: blur_507.png
2024-11-20 23:47:22,429 - Processing file: blur_508.png
2024-11-20 23:47:23,060 - Processing file: blur_509.png
2024-11-20 23:47:23,662 - Processing file: blur_510.png
2024-11-20 23:47:24,300 - Processing file: blur_511.png
2024-11-20 23:47:24,906 - Processing file: blur_512.png
2024-11-20 23:47:25,532 - Processing file: blur_513.png
2024-11-20 23:47:26,145 - Processing file: blur_514.png
2024-11-20 23:47:26,774 - Processing file: blur_515.png
2024-11-20 23:47:27,411 - Processing file: blur_516.png
2024-11-20 23:47:28,042 - Processing file: blur_517.png
2024-11-20 23:47:28,659 - Processing file: blur_518.png
2024-11-20 23:47:29,292 - Processing file: blur_519.png
2024-11-20 23:47:29,962 - Processing file: blur_520.png
2024-11-20 23:47:30,594 - Processing file: blur_521.png
2024-11-20 23:47:31,207 - Processing file: blur_522.png
2024-11-20 23:47:31,839 - Processing file: blur_523.png
2024-11-20 23:47:32,459 - Processing file: blur_524.png
2024-11-20 23:47:33,102 - Processing file: blur_525.png
2024-11-20 23:47:33,738 - Processing file: blur_526.png
2024-11-20 23:47:34,360 - Processing file: blur_527.png
2024-11-20 23:47:34,988 - Processing file: blur_528.png
2024-11-20 23:47:35,609 - Processing file: blur_529.png
2024-11-20 23:47:36,280 - Processing file: blur_530.png
2024-11-20 23:47:36,927 - Processing file: blur_531.png
2024-11-20 23:47:37,567 - Processing file: blur_532.png
2024-11-20 23:47:38,210 - Processing file: blur_533.png
2024-11-20 23:47:38,852 - Processing file: blur_534.png
2024-11-20 23:47:39,504 - Processing file: blur_535.png
2024-11-20 23:47:40,148 - Processing file: blur_536.png
2024-11-20 23:47:40,776 - Processing file: blur_537.png
2024-11-20 23:47:41,417 - Processing file: blur_538.png
2024-11-20 23:47:42,080 - Processing file: blur_539.png
2024-11-20 23:47:42,729 - Processing file: blur_540.png
2024-11-20 23:47:43,379 - Processing file: blur_541.png
2024-11-20 23:47:44,030 - Processing file: blur_542.png
2024-11-20 23:47:44,668 - Processing file: blur_543.png
2024-11-20 23:47:45,329 - Processing file: blur_544.png
2024-11-20 23:47:45,976 - Processing file: blur_545.png
2024-11-20 23:47:46,658 - Processing file: blur_546.png
2024-11-20 23:47:47,361 - Processing file: blur_547.png
2024-11-20 23:47:48,016 - Processing file: blur_548.png
2024-11-20 23:47:48,660 - Processing file: blur_549.png
2024-11-20 23:47:49,308 - Processing file: blur_550.png
2024-11-20 23:47:49,956 - Processing file: blur_551.png
2024-11-20 23:47:50,595 - Processing file: blur_552.png
2024-11-20 23:47:51,273 - Processing file: blur_553.png
2024-11-20 23:47:51,923 - Processing file: blur_554.png
2024-11-20 23:47:52,546 - Processing file: blur_555.png
2024-11-20 23:47:53,179 - Processing file: blur_556.png
2024-11-20 23:47:53,818 - Processing file: blur_557.png
2024-11-20 23:47:54,462 - Processing file: blur_558.png
2024-11-20 23:47:55,118 - Processing file: blur_559.png
2024-11-20 23:47:55,761 - Processing file: blur_560.png
2024-11-20 23:47:56,407 - Processing file: blur_561.png
2024-11-20 23:47:57,083 - Processing file: blur_562.png
2024-11-20 23:47:57,741 - Processing file: blur_563.png
2024-11-20 23:47:58,404 - Processing file: blur_564.png
2024-11-20 23:47:59,054 - Processing file: blur_565.png
2024-11-20 23:47:59,720 - Processing file: blur_566.png
2024-11-20 23:48:00,373 - Processing file: blur_567.png
2024-11-20 23:48:01,012 - Processing file: blur_568.png
2024-11-20 23:48:01,662 - Processing file: blur_569.png
2024-11-20 23:48:02,301 - Processing file: blur_570.png
2024-11-20 23:48:02,954 - Processing file: blur_571.png
2024-11-20 23:48:03,613 - Processing file: blur_572.png
2024-11-20 23:48:04,259 - Processing file: blur_573.png
2024-11-20 23:48:04,926 - Processing file: blur_574.png
2024-11-20 23:48:05,594 - Processing file: blur_575.png
2024-11-20 23:48:06,278 - Processing file: blur_576.png
2024-11-20 23:48:06,940 - Processing file: blur_577.png
2024-11-20 23:48:07,590 - Processing file: blur_578.png
2024-11-20 23:48:08,243 - Processing file: blur_579.png
2024-11-20 23:48:08,919 - Processing file: blur_580.png
2024-11-20 23:48:09,576 - Processing file: blur_581.png
2024-11-20 23:48:10,221 - Processing file: blur_582.png
2024-11-20 23:48:10,861 - Processing file: blur_583.png
2024-11-20 23:48:11,501 - Processing file: blur_584.png
2024-11-20 23:48:12,167 - Processing file: blur_585.png
2024-11-20 23:48:12,809 - Processing file: blur_586.png
2024-11-20 23:48:13,445 - Processing file: blur_587.png
2024-11-20 23:48:14,083 - Processing file: blur_588.png
2024-11-20 23:48:14,714 - Processing file: blur_589.png
2024-11-20 23:48:15,369 - Processing file: blur_590.png
2024-11-20 23:48:15,997 - Processing file: blur_591.png
2024-11-20 23:48:16,627 - Processing file: blur_592.png
2024-11-20 23:48:17,261 - Processing file: blur_593.png
2024-11-20 23:48:17,903 - Processing file: blur_594.png
2024-11-20 23:48:18,540 - Processing file: blur_595.png
2024-11-20 23:48:19,164 - Processing file: blur_596.png
2024-11-20 23:48:19,796 - Processing file: blur_597.png
2024-11-20 23:48:20,430 - Processing file: blur_598.png
2024-11-20 23:48:21,088 - Processing file: blur_599.png
2024-11-20 23:48:21,722 - Processing file: blur_600.png
2024-11-20 23:48:22,350 - Processing file: blur_601.png
2024-11-20 23:48:22,977 - Processing file: blur_602.png
2024-11-20 23:48:23,613 - Processing file: blur_603.png
2024-11-20 23:48:24,276 - Processing file: blur_604.png
2024-11-20 23:48:24,913 - Processing file: blur_605.png
2024-11-20 23:48:25,541 - Processing file: blur_606.png
2024-11-20 23:48:26,186 - Processing file: blur_607.png
2024-11-20 23:48:26,847 - Processing file: blur_608.png
2024-11-20 23:48:27,483 - Processing file: blur_609.png
2024-11-20 23:48:28,113 - Processing file: blur_610.png
2024-11-20 23:48:28,765 - Processing file: blur_611.png
2024-11-20 23:48:29,391 - Processing file: blur_612.png
2024-11-20 23:48:30,049 - Processing file: blur_613.png
2024-11-20 23:48:30,706 - Processing file: blur_614.png
2024-11-20 23:48:31,362 - Processing file: blur_615.png
2024-11-20 23:48:32,014 - Processing file: blur_616.png
2024-11-20 23:48:32,644 - Processing file: blur_617.png
2024-11-20 23:48:33,335 - Processing file: blur_618.png
2024-11-20 23:48:33,996 - Processing file: blur_619.png
2024-11-20 23:48:34,662 - Processing file: blur_620.png
2024-11-20 23:48:35,318 - Processing file: blur_621.png
2024-11-20 23:48:35,990 - Processing file: blur_622.png
2024-11-20 23:48:36,625 - Processing file: blur_623.png
2024-11-20 23:48:37,262 - Processing file: blur_624.png
2024-11-20 23:48:37,896 - Processing file: blur_625.png
2024-11-20 23:48:38,556 - Processing file: blur_626.png
2024-11-20 23:48:39,238 - Processing file: blur_627.png
2024-11-20 23:48:39,908 - Processing file: blur_628.png
2024-11-20 23:48:40,594 - Processing file: blur_629.png
2024-11-20 23:48:41,271 - Processing file: blur_630.png
2024-11-20 23:48:41,926 - Processing file: blur_631.png
2024-11-20 23:48:42,570 - Processing file: blur_632.png
2024-11-20 23:48:43,220 - Processing file: blur_633.png
2024-11-20 23:48:43,863 - Processing file: blur_634.png
2024-11-20 23:48:44,514 - Processing file: blur_635.png
2024-11-20 23:48:45,175 - Processing file: blur_636.png
2024-11-20 23:48:45,815 - Processing file: blur_637.png
2024-11-20 23:48:46,464 - Processing file: blur_638.png
2024-11-20 23:48:47,107 - Processing file: blur_639.png
2024-11-20 23:48:47,765 - Processing file: blur_640.png
2024-11-20 23:48:48,434 - Processing file: blur_641.png
2024-11-20 23:48:49,066 - Processing file: blur_642.png
2024-11-20 23:48:49,714 - Processing file: blur_643.png
2024-11-20 23:48:50,357 - Processing file: blur_644.png
2024-11-20 23:48:51,007 - Processing file: blur_645.png
2024-11-20 23:48:51,666 - Processing file: blur_646.png
2024-11-20 23:48:52,304 - Processing file: blur_647.png
2024-11-20 23:48:52,955 - Processing file: blur_648.png
2024-11-20 23:48:53,620 - Processing file: blur_649.png
2024-11-20 23:48:54,286 - Processing file: blur_650.png
2024-11-20 23:48:54,936 - Processing file: blur_651.png
2024-11-20 23:48:55,581 - Processing file: blur_652.png
2024-11-20 23:48:56,244 - Processing file: blur_653.png
2024-11-20 23:48:56,900 - Processing file: blur_654.png
2024-11-20 23:48:57,548 - Processing file: blur_655.png
2024-11-20 23:48:58,199 - Processing file: blur_656.png
2024-11-20 23:48:58,851 - Processing file: blur_657.png
2024-11-20 23:48:59,523 - Processing file: blur_658.png
2024-11-20 23:49:00,197 - Processing file: blur_659.png
2024-11-20 23:49:00,852 - Processing file: blur_660.png
2024-11-20 23:49:01,488 - Processing file: blur_661.png
2024-11-20 23:49:02,129 - Processing file: blur_662.png
2024-11-20 23:49:02,785 - Processing file: blur_663.png
2024-11-20 23:49:03,466 - Processing file: blur_664.png
2024-11-20 23:49:04,108 - Processing file: blur_665.png
2024-11-20 23:49:04,750 - Processing file: blur_666.png
2024-11-20 23:49:05,396 - Processing file: blur_667.png
2024-11-20 23:49:06,047 - Processing file: blur_668.png
2024-11-20 23:49:06,691 - Processing file: blur_669.png
2024-11-20 23:49:07,338 - Processing file: blur_670.png
2024-11-20 23:49:07,986 - Processing file: blur_671.png
2024-11-20 23:49:08,655 - Processing file: blur_672.png
2024-11-20 23:49:09,329 - Processing file: blur_673.png
2024-11-20 23:49:09,971 - Processing file: blur_674.png
2024-11-20 23:49:10,609 - Processing file: blur_675.png
2024-11-20 23:49:11,252 - Processing file: blur_676.png
2024-11-20 23:49:11,920 - Processing file: blur_677.png
2024-11-20 23:49:12,585 - Processing file: blur_678.png
2024-11-20 23:49:13,232 - Processing file: blur_679.png
2024-11-20 23:49:13,877 - Processing file: blur_680.png
2024-11-20 23:49:14,517 - Processing file: blur_681.png
2024-11-20 23:49:15,185 - Processing file: blur_682.png
2024-11-20 23:49:15,830 - Processing file: blur_683.png
2024-11-20 23:49:16,471 - Processing file: blur_684.png
2024-11-20 23:49:17,123 - Processing file: blur_685.png
2024-11-20 23:49:17,779 - Processing file: blur_686.png
2024-11-20 23:49:18,434 - Processing file: blur_687.png
2024-11-20 23:49:19,070 - Processing file: blur_688.png
2024-11-20 23:49:19,709 - Processing file: blur_689.png
2024-11-20 23:49:20,366 - Processing file: blur_690.png
2024-11-20 23:49:21,033 - Processing file: blur_691.png
2024-11-20 23:49:21,689 - Processing file: blur_692.png
2024-11-20 23:49:22,329 - Processing file: blur_693.png
2024-11-20 23:49:22,983 - Processing file: blur_694.png
2024-11-20 23:49:23,623 - Processing file: blur_695.png
2024-11-20 23:49:24,303 - Processing file: blur_696.png
2024-11-20 23:49:24,943 - Processing file: blur_697.png
2024-11-20 23:49:25,608 - Processing file: blur_698.png
2024-11-20 23:49:26,257 - Processing file: blur_699.png
2024-11-20 23:49:26,903 - Processing file: blur_700.png
2024-11-20 23:49:27,560 - Processing file: blur_701.png
2024-11-20 23:49:28,222 - Processing file: blur_702.png
2024-11-20 23:49:28,861 - Processing file: blur_703.png
2024-11-20 23:49:29,518 - Processing file: blur_704.png
2024-11-20 23:49:30,203 - Processing file: blur_705.png
2024-11-20 23:49:30,877 - Processing file: blur_706.png
2024-11-20 23:49:31,525 - Processing file: blur_707.png
2024-11-20 23:49:32,193 - Processing file: blur_708.png
2024-11-20 23:49:32,862 - Processing file: blur_709.png
2024-11-20 23:49:33,545 - Processing file: blur_710.png
2024-11-20 23:49:34,247 - Processing file: blur_711.png
2024-11-20 23:49:34,910 - Processing file: blur_712.png
2024-11-20 23:49:35,549 - Processing file: blur_713.png
2024-11-20 23:49:36,225 - Processing file: blur_714.png
2024-11-20 23:49:36,873 - Processing file: blur_715.png
2024-11-20 23:49:37,522 - Processing file: blur_716.png
2024-11-20 23:49:38,169 - Processing file: blur_717.png
2024-11-20 23:49:38,859 - Processing file: blur_718.png
2024-11-20 23:49:39,537 - Processing file: blur_719.png
2024-11-20 23:49:40,215 - Processing file: blur_720.png
2024-11-20 23:49:40,891 - Processing file: blur_721.png
2024-11-20 23:49:41,580 - Processing file: blur_722.png
2024-11-20 23:49:42,252 - Processing file: blur_723.png
2024-11-20 23:49:42,898 - Processing file: blur_724.png
2024-11-20 23:49:43,540 - Processing file: blur_725.png
2024-11-20 23:49:44,178 - Processing file: blur_726.png
2024-11-20 23:49:44,840 - Processing file: blur_727.png
2024-11-20 23:49:45,519 - Processing file: blur_728.png
2024-11-20 23:49:46,170 - Processing file: blur_729.png
2024-11-20 23:49:46,809 - Processing file: blur_730.png
2024-11-20 23:49:47,449 - Processing file: blur_731.png
2024-11-20 23:49:48,105 - Processing file: blur_732.png
2024-11-20 23:49:48,747 - Processing file: blur_733.png
2024-11-20 23:49:49,391 - Processing file: blur_734.png
2024-11-20 23:49:50,053 - Processing file: blur_735.png
2024-11-20 23:49:50,711 - Processing file: blur_736.png
2024-11-20 23:49:51,374 - Processing file: blur_737.png
2024-11-20 23:49:52,021 - Processing file: blur_738.png
2024-11-20 23:49:52,669 - Processing file: blur_739.png
2024-11-20 23:49:53,319 - Processing file: blur_740.png
2024-11-20 23:49:54,000 - Processing file: blur_741.png
2024-11-20 23:49:54,639 - Processing file: blur_742.png
2024-11-20 23:49:55,280 - Processing file: blur_743.png
2024-11-20 23:49:55,913 - Processing file: blur_744.png
2024-11-20 23:49:56,557 - Processing file: blur_745.png
2024-11-20 23:49:57,231 - Processing file: blur_746.png
2024-11-20 23:49:57,882 - Processing file: blur_747.png
2024-11-20 23:49:58,535 - Processing file: blur_748.png
2024-11-20 23:49:59,174 - Processing file: blur_749.png
2024-11-20 23:49:59,821 - Processing file: blur_750.png
2024-11-20 23:50:00,467 - Processing file: blur_751.png
2024-11-20 23:50:01,092 - Processing file: blur_752.png
2024-11-20 23:50:01,728 - Processing file: blur_753.png
2024-11-20 23:50:02,361 - Processing file: blur_754.png
2024-11-20 23:50:03,020 - Processing file: blur_755.png
2024-11-20 23:50:03,699 - Processing file: blur_756.png
2024-11-20 23:50:04,347 - Processing file: blur_757.png
2024-11-20 23:50:04,993 - Processing file: blur_758.png
2024-11-20 23:50:05,641 - Processing file: blur_759.png
2024-11-20 23:50:06,312 - Processing file: blur_760.png
2024-11-20 23:50:06,952 - Processing file: blur_761.png
2024-11-20 23:50:07,595 - Processing file: blur_762.png
2024-11-20 23:50:08,245 - Processing file: blur_763.png
2024-11-20 23:50:08,940 - Processing file: blur_764.png
2024-11-20 23:50:09,591 - Processing file: blur_765.png
2024-11-20 23:50:10,225 - Processing file: blur_766.png
2024-11-20 23:50:10,863 - Processing file: blur_767.png
2024-11-20 23:50:11,505 - Processing file: blur_768.png
2024-11-20 23:50:12,175 - Processing file: blur_769.png
2024-11-20 23:50:12,856 - Processing file: blur_770.png
2024-11-20 23:50:13,497 - Processing file: blur_771.png
2024-11-20 23:50:14,140 - Processing file: blur_772.png
2024-11-20 23:50:14,783 - Processing file: blur_773.png
2024-11-20 23:50:15,458 - Processing file: blur_774.png
2024-11-20 23:50:16,097 - Processing file: blur_775.png
2024-11-20 23:50:16,737 - Processing file: blur_776.png
2024-11-20 23:50:17,389 - Processing file: blur_777.png
2024-11-20 23:50:18,072 - Processing file: blur_778.png
2024-11-20 23:50:18,717 - Processing file: blur_779.png
2024-11-20 23:50:19,359 - Processing file: blur_780.png
2024-11-20 23:50:20,001 - Processing file: blur_781.png
2024-11-20 23:50:20,643 - Processing file: blur_782.png
2024-11-20 23:50:21,319 - Processing file: blur_783.png
2024-11-20 23:50:21,987 - Processing file: blur_784.png
2024-11-20 23:50:22,639 - Processing file: blur_785.png
2024-11-20 23:50:23,295 - Processing file: blur_786.png
2024-11-20 23:50:23,954 - Processing file: blur_787.png
2024-11-20 23:50:24,599 - Processing file: blur_788.png
2024-11-20 23:50:25,247 - Processing file: blur_789.png
2024-11-20 23:50:25,898 - Processing file: blur_790.png
2024-11-20 23:50:26,551 - Processing file: blur_791.png
2024-11-20 23:50:27,225 - Processing file: blur_792.png
2024-11-20 23:50:27,868 - Processing file: blur_793.png
2024-11-20 23:50:28,509 - Processing file: blur_794.png
2024-11-20 23:50:29,148 - Processing file: blur_795.png
2024-11-20 23:50:29,799 - Processing file: blur_796.png
2024-11-20 23:50:30,455 - Processing file: blur_797.png
2024-11-20 23:50:31,096 - Processing file: blur_798.png
2024-11-20 23:50:31,773 - Processing file: blur_799.png
2024-11-20 23:50:32,421 - Processing file: blur_800.png
2024-11-20 23:50:33,087 - Processing file: blur_801.png
2024-11-20 23:50:33,730 - Processing file: blur_802.png
2024-11-20 23:50:34,382 - Processing file: blur_803.png
2024-11-20 23:50:35,045 - Processing file: blur_804.png
2024-11-20 23:50:35,712 - Processing file: blur_805.png
2024-11-20 23:50:36,384 - Processing file: blur_806.png
2024-11-20 23:50:37,049 - Processing file: blur_807.png
2024-11-20 23:50:37,711 - Processing file: blur_808.png
2024-11-20 23:50:38,356 - Processing file: blur_809.png
2024-11-20 23:50:39,038 - Processing file: blur_810.png
2024-11-20 23:50:39,688 - Processing file: blur_811.png
2024-11-20 23:50:40,333 - Processing file: blur_812.png
2024-11-20 23:50:41,007 - Processing file: blur_813.png
2024-11-20 23:50:41,663 - Processing file: blur_814.png
2024-11-20 23:50:42,350 - Processing file: blur_815.png
2024-11-20 23:50:42,993 - Processing file: blur_816.png
2024-11-20 23:50:43,637 - Processing file: blur_817.png
2024-11-20 23:50:44,285 - Processing file: blur_818.png
2024-11-20 23:50:44,961 - Processing file: blur_819.png
2024-11-20 23:50:45,652 - Processing file: blur_820.png
2024-11-20 23:50:46,298 - Processing file: blur_821.png
2024-11-20 23:50:46,958 - Processing file: blur_822.png
2024-11-20 23:50:47,607 - Processing file: blur_823.png
2024-11-20 23:50:48,283 - Processing file: blur_824.png
2024-11-20 23:50:48,920 - Processing file: blur_825.png
2024-11-20 23:50:49,560 - Processing file: blur_826.png
2024-11-20 23:50:50,199 - Processing file: blur_827.png
2024-11-20 23:50:50,869 - Processing file: blur_828.png
2024-11-20 23:50:51,515 - Processing file: blur_829.png
2024-11-20 23:50:52,151 - Processing file: blur_830.png
2024-11-20 23:50:52,768 - Processing file: blur_831.png
2024-11-20 23:50:53,411 - Processing file: blur_832.png
2024-11-20 23:50:54,058 - Processing file: blur_833.png
2024-11-20 23:50:54,729 - Processing file: blur_834.png
2024-11-20 23:50:55,343 - Processing file: blur_835.png
2024-11-20 23:50:55,979 - Processing file: blur_836.png
2024-11-20 23:50:56,601 - Processing file: blur_837.png
2024-11-20 23:50:57,276 - Processing file: blur_838.png
2024-11-20 23:50:57,907 - Processing file: blur_839.png
2024-11-20 23:50:58,546 - Processing file: blur_840.png
2024-11-20 23:50:59,189 - Processing file: blur_841.png
2024-11-20 23:50:59,865 - Processing file: blur_842.png
2024-11-20 23:51:00,504 - Processing file: blur_843.png
2024-11-20 23:51:01,134 - Processing file: blur_844.png
2024-11-20 23:51:01,773 - Processing file: blur_845.png
2024-11-20 23:51:02,428 - Processing file: blur_846.png
2024-11-20 23:51:03,089 - Processing file: blur_847.png
2024-11-20 23:51:03,726 - Processing file: blur_848.png
2024-11-20 23:51:04,367 - Processing file: blur_849.png
2024-11-20 23:51:05,032 - Processing file: blur_850.png
2024-11-20 23:51:05,694 - Processing file: blur_851.png
2024-11-20 23:51:06,354 - Processing file: blur_852.png
2024-11-20 23:51:06,981 - Processing file: blur_853.png
2024-11-20 23:51:07,614 - Processing file: blur_854.png
2024-11-20 23:51:08,255 - Processing file: blur_855.png
2024-11-20 23:51:08,926 - Processing file: blur_856.png
2024-11-20 23:51:09,567 - Processing file: blur_857.png
2024-11-20 23:51:10,195 - Processing file: blur_858.png
2024-11-20 23:51:10,817 - Processing file: blur_859.png
2024-11-20 23:51:11,448 - Processing file: blur_860.png
2024-11-20 23:51:12,110 - Processing file: blur_861.png
2024-11-20 23:51:12,746 - Processing file: blur_862.png
2024-11-20 23:51:13,387 - Processing file: blur_863.png
2024-11-20 23:51:14,034 - Processing file: blur_864.png
2024-11-20 23:51:14,677 - Processing file: blur_865.png
2024-11-20 23:51:15,336 - Processing file: blur_866.png
2024-11-20 23:51:15,970 - Processing file: blur_867.png
2024-11-20 23:51:16,606 - Processing file: blur_868.png
2024-11-20 23:51:17,232 - Processing file: blur_869.png
2024-11-20 23:51:17,869 - Processing file: blur_870.png
2024-11-20 23:51:18,520 - Processing file: blur_871.png
2024-11-20 23:51:19,163 - Processing file: blur_872.png
2024-11-20 23:51:19,798 - Processing file: blur_873.png
2024-11-20 23:51:20,418 - Processing file: blur_874.png
2024-11-20 23:51:21,067 - Processing file: blur_875.png
2024-11-20 23:51:21,701 - Processing file: blur_876.png
2024-11-20 23:51:22,342 - Processing file: blur_877.png
2024-11-20 23:51:23,009 - Processing file: blur_878.png
2024-11-20 23:51:23,639 - Processing file: blur_879.png
2024-11-20 23:51:24,305 - Processing file: blur_880.png
2024-11-20 23:51:24,932 - Processing file: blur_881.png
2024-11-20 23:51:25,565 - Processing file: blur_882.png
2024-11-20 23:51:26,187 - Processing file: blur_883.png
2024-11-20 23:51:26,831 - Processing file: blur_884.png
2024-11-20 23:51:27,502 - Processing file: blur_885.png
2024-11-20 23:51:28,143 - Processing file: blur_886.png
2024-11-20 23:51:28,769 - Processing file: blur_887.png
2024-11-20 23:51:29,405 - Processing file: blur_888.png
2024-11-20 23:51:30,036 - Processing file: blur_889.png
2024-11-20 23:51:30,659 - Processing file: blur_890.png
2024-11-20 23:51:31,284 - Processing file: blur_891.png
2024-11-20 23:51:31,897 - Processing file: blur_892.png
2024-11-20 23:51:32,525 - Processing file: blur_893.png
2024-11-20 23:51:33,185 - Processing file: blur_894.png
2024-11-20 23:51:33,811 - Processing file: blur_895.png
2024-11-20 23:51:34,421 - Processing file: blur_896.png
2024-11-20 23:51:35,047 - Processing file: blur_897.png
2024-11-20 23:51:35,673 - Processing file: blur_898.png
2024-11-20 23:51:36,337 - Processing file: blur_899.png
2024-11-20 23:51:36,998 - Processing file: blur_900.png
2024-11-20 23:51:37,629 - Processing file: blur_901.png
2024-11-20 23:51:38,276 - Processing file: blur_902.png
2024-11-20 23:51:38,930 - Processing file: blur_903.png
2024-11-20 23:51:39,576 - Processing file: blur_904.png
2024-11-20 23:51:40,217 - Processing file: blur_905.png
2024-11-20 23:51:40,866 - Processing file: blur_906.png
2024-11-20 23:51:41,512 - Processing file: blur_907.png
2024-11-20 23:51:42,191 - Processing file: blur_908.png
2024-11-20 23:51:42,835 - Processing file: blur_909.png
2024-11-20 23:51:43,473 - Processing file: blur_910.png
2024-11-20 23:51:44,112 - Processing file: blur_911.png
2024-11-20 23:51:44,757 - Processing file: blur_912.png
2024-11-20 23:51:45,416 - Processing file: blur_913.png
2024-11-20 23:51:46,062 - Processing file: blur_914.png
2024-11-20 23:51:46,739 - Processing file: blur_915.png
2024-11-20 23:51:47,381 - Processing file: blur_916.png
2024-11-20 23:51:48,032 - Processing file: blur_917.png
2024-11-20 23:51:48,678 - Processing file: blur_918.png
2024-11-20 23:51:49,319 - Processing file: blur_919.png
2024-11-20 23:51:49,952 - Processing file: blur_920.png
2024-11-20 23:51:50,597 - Processing file: blur_921.png
2024-11-20 23:51:51,251 - Processing file: blur_922.png
2024-11-20 23:51:51,889 - Processing file: blur_923.png
2024-11-20 23:51:52,530 - Processing file: blur_924.png
2024-11-20 23:51:53,169 - Processing file: blur_925.png
2024-11-20 23:51:53,799 - Processing file: blur_926.png
2024-11-20 23:51:54,447 - Processing file: blur_927.png
2024-11-20 23:51:55,091 - Processing file: blur_928.png
2024-11-20 23:51:55,733 - Processing file: blur_929.png
2024-11-20 23:51:56,371 - Processing file: blur_930.png
2024-11-20 23:51:57,029 - Processing file: blur_931.png
2024-11-20 23:51:57,700 - Processing file: blur_932.png
2024-11-20 23:51:58,322 - Processing file: blur_933.png
2024-11-20 23:51:58,966 - Processing file: blur_934.png
2024-11-20 23:51:59,603 - Processing file: blur_935.png
2024-11-20 23:52:00,273 - Processing file: blur_936.png
2024-11-20 23:52:00,888 - Processing file: blur_937.png
2024-11-20 23:52:01,505 - Processing file: blur_938.png
2024-11-20 23:52:02,138 - Processing file: blur_939.png
2024-11-20 23:52:02,804 - Processing file: blur_940.png
2024-11-20 23:52:03,442 - Processing file: blur_941.png
2024-11-20 23:52:04,081 - Processing file: blur_942.png
2024-11-20 23:52:04,725 - Processing file: blur_943.png
2024-11-20 23:52:05,377 - Processing file: blur_944.png
2024-11-20 23:52:06,033 - Processing file: blur_945.png
2024-11-20 23:52:06,675 - Processing file: blur_946.png
2024-11-20 23:52:07,319 - Processing file: blur_947.png
2024-11-20 23:52:07,954 - Processing file: blur_948.png
2024-11-20 23:52:08,622 - Processing file: blur_949.png
2024-11-20 23:52:09,315 - Processing file: blur_950.png
2024-11-20 23:52:09,960 - Processing file: blur_951.png
2024-11-20 23:52:10,599 - Processing file: blur_952.png
2024-11-20 23:52:11,242 - Processing file: blur_953.png
2024-11-20 23:52:11,898 - Processing file: blur_954.png
2024-11-20 23:52:12,544 - Processing file: blur_955.png
2024-11-20 23:52:13,175 - Processing file: blur_956.png
2024-11-20 23:52:13,815 - Processing file: blur_957.png
2024-11-20 23:52:14,458 - Processing file: blur_958.png
2024-11-20 23:52:15,132 - Processing file: blur_959.png
2024-11-20 23:52:15,767 - Processing file: blur_960.png
2024-11-20 23:52:16,404 - Processing file: blur_961.png
2024-11-20 23:52:17,014 - Processing file: blur_962.png
2024-11-20 23:52:17,644 - Processing file: blur_963.png
2024-11-20 23:52:18,298 - Processing file: blur_964.png
2024-11-20 23:52:18,914 - Processing file: blur_965.png
2024-11-20 23:52:19,542 - Processing file: blur_966.png
2024-11-20 23:52:20,179 - Processing file: blur_967.png
2024-11-20 23:52:20,843 - Processing file: blur_968.png
2024-11-20 23:52:21,490 - Processing file: blur_969.png
2024-11-20 23:52:22,104 - Processing file: blur_970.png
2024-11-20 23:52:22,708 - Processing file: blur_971.png
2024-11-20 23:52:23,336 - Processing file: blur_972.png
2024-11-20 23:52:23,979 - Processing file: blur_973.png
2024-11-20 23:52:24,607 - Processing file: blur_974.png
2024-11-20 23:52:25,229 - Processing file: blur_975.png
2024-11-20 23:52:25,866 - Processing file: blur_976.png
2024-11-20 23:52:26,484 - Processing file: blur_977.png
2024-11-20 23:52:27,125 - Processing file: blur_978.png
2024-11-20 23:52:27,782 - Processing file: blur_979.png
2024-11-20 23:52:28,433 - Processing file: blur_980.png
2024-11-20 23:52:29,036 - Inference completed in 630.87 seconds.
2024-11-20 23:52:29,037 - Overall Metrics - PSNR: 33.6854, SSIM: 0.9384, MAE: 0.0095, LPIPS: 0.0629, DeltaE: 0.8655
