2024-11-21 20:14:27,621 - ==========================================
2024-11-21 20:14:27,621 - Starting inference for model: motion_deblurring, dataset: RealBlur-R
2024-11-21 20:14:27,621 - Input Directory: ./inference/dataset/motion/testrealblur/RealBlur-R
2024-11-21 20:14:27,621 - Results Directory: ./inference/results/motion/testrealblur/RealBlur-R
2024-11-21 20:14:27,621 - ==========================================
2024-11-21 20:14:27,642 - Found 980 input images and 980 target images.
2024-11-21 20:14:27,644 - Processing file: blur_1.png
2024-11-21 20:14:28,503 - Processing file: blur_2.png
2024-11-21 20:14:29,181 - Processing file: blur_3.png
2024-11-21 20:14:29,853 - Processing file: blur_4.png
2024-11-21 20:14:30,534 - Processing file: blur_5.png
2024-11-21 20:14:31,207 - Processing file: blur_6.png
2024-11-21 20:14:31,880 - Processing file: blur_7.png
2024-11-21 20:14:32,552 - Processing file: blur_8.png
2024-11-21 20:14:33,248 - Processing file: blur_9.png
2024-11-21 20:14:33,960 - Processing file: blur_10.png
2024-11-21 20:14:34,628 - Processing file: blur_11.png
2024-11-21 20:14:35,295 - Processing file: blur_12.png
2024-11-21 20:14:35,959 - Processing file: blur_13.png
2024-11-21 20:14:36,640 - Processing file: blur_14.png
2024-11-21 20:14:37,302 - Processing file: blur_15.png
2024-11-21 20:14:37,972 - Processing file: blur_16.png
2024-11-21 20:14:38,643 - Processing file: blur_17.png
2024-11-21 20:14:39,316 - Processing file: blur_18.png
2024-11-21 20:14:39,990 - Processing file: blur_19.png
2024-11-21 20:14:40,661 - Processing file: blur_20.png
2024-11-21 20:14:41,336 - Processing file: blur_21.png
2024-11-21 20:14:42,022 - Processing file: blur_22.png
2024-11-21 20:14:42,721 - Processing file: blur_23.png
2024-11-21 20:14:43,426 - Processing file: blur_24.png
2024-11-21 20:14:44,112 - Processing file: blur_25.png
2024-11-21 20:14:44,806 - Processing file: blur_26.png
2024-11-21 20:14:45,502 - Processing file: blur_27.png
2024-11-21 20:14:46,188 - Processing file: blur_28.png
2024-11-21 20:14:46,866 - Processing file: blur_29.png
2024-11-21 20:14:47,546 - Processing file: blur_30.png
2024-11-21 20:14:48,235 - Processing file: blur_31.png
2024-11-21 20:14:48,897 - Processing file: blur_32.png
2024-11-21 20:14:49,562 - Processing file: blur_33.png
2024-11-21 20:14:50,221 - Processing file: blur_34.png
2024-11-21 20:14:50,888 - Processing file: blur_35.png
2024-11-21 20:14:51,542 - Processing file: blur_36.png
2024-11-21 20:14:52,191 - Processing file: blur_37.png
2024-11-21 20:14:52,854 - Processing file: blur_38.png
2024-11-21 20:14:53,540 - Processing file: blur_39.png
2024-11-21 20:14:54,206 - Processing file: blur_40.png
2024-11-21 20:14:54,852 - Processing file: blur_41.png
2024-11-21 20:14:55,537 - Processing file: blur_42.png
2024-11-21 20:14:56,212 - Processing file: blur_43.png
2024-11-21 20:14:56,888 - Processing file: blur_44.png
2024-11-21 20:14:57,549 - Processing file: blur_45.png
2024-11-21 20:14:58,211 - Processing file: blur_46.png
2024-11-21 20:14:58,878 - Processing file: blur_47.png
2024-11-21 20:14:59,541 - Processing file: blur_48.png
2024-11-21 20:15:00,205 - Processing file: blur_49.png
2024-11-21 20:15:00,890 - Processing file: blur_50.png
2024-11-21 20:15:01,560 - Processing file: blur_51.png
2024-11-21 20:15:02,232 - Processing file: blur_52.png
2024-11-21 20:15:02,890 - Processing file: blur_53.png
2024-11-21 20:15:03,556 - Processing file: blur_54.png
2024-11-21 20:15:04,232 - Processing file: blur_55.png
2024-11-21 20:15:04,908 - Processing file: blur_56.png
2024-11-21 20:15:05,577 - Processing file: blur_57.png
2024-11-21 20:15:06,261 - Processing file: blur_58.png
2024-11-21 20:15:06,922 - Processing file: blur_59.png
2024-11-21 20:15:07,613 - Processing file: blur_60.png
2024-11-21 20:15:08,297 - Processing file: blur_61.png
2024-11-21 20:15:08,972 - Processing file: blur_62.png
2024-11-21 20:15:09,650 - Processing file: blur_63.png
2024-11-21 20:15:10,317 - Processing file: blur_64.png
2024-11-21 20:15:10,994 - Processing file: blur_65.png
2024-11-21 20:15:11,670 - Processing file: blur_66.png
2024-11-21 20:15:12,373 - Processing file: blur_67.png
2024-11-21 20:15:13,052 - Processing file: blur_68.png
2024-11-21 20:15:13,737 - Processing file: blur_69.png
2024-11-21 20:15:14,419 - Processing file: blur_70.png
2024-11-21 20:15:15,089 - Processing file: blur_71.png
2024-11-21 20:15:15,774 - Processing file: blur_72.png
2024-11-21 20:15:16,488 - Processing file: blur_73.png
2024-11-21 20:15:17,181 - Processing file: blur_74.png
2024-11-21 20:15:17,860 - Processing file: blur_75.png
2024-11-21 20:15:18,527 - Processing file: blur_76.png
2024-11-21 20:15:19,207 - Processing file: blur_77.png
2024-11-21 20:15:19,894 - Processing file: blur_78.png
2024-11-21 20:15:20,603 - Processing file: blur_79.png
2024-11-21 20:15:21,291 - Processing file: blur_80.png
2024-11-21 20:15:22,000 - Processing file: blur_81.png
2024-11-21 20:15:22,688 - Processing file: blur_82.png
2024-11-21 20:15:23,362 - Processing file: blur_83.png
2024-11-21 20:15:24,041 - Processing file: blur_84.png
2024-11-21 20:15:24,731 - Processing file: blur_85.png
2024-11-21 20:15:25,408 - Processing file: blur_86.png
2024-11-21 20:15:26,085 - Processing file: blur_87.png
2024-11-21 20:15:26,782 - Processing file: blur_88.png
2024-11-21 20:15:27,473 - Processing file: blur_89.png
2024-11-21 20:15:28,151 - Processing file: blur_90.png
2024-11-21 20:15:28,868 - Processing file: blur_91.png
2024-11-21 20:15:29,568 - Processing file: blur_92.png
2024-11-21 20:15:30,264 - Processing file: blur_93.png
2024-11-21 20:15:30,973 - Processing file: blur_94.png
2024-11-21 20:15:31,658 - Processing file: blur_95.png
2024-11-21 20:15:32,381 - Processing file: blur_96.png
2024-11-21 20:15:33,084 - Processing file: blur_97.png
2024-11-21 20:15:33,786 - Processing file: blur_98.png
2024-11-21 20:15:34,496 - Processing file: blur_99.png
2024-11-21 20:15:35,187 - Processing file: blur_100.png
2024-11-21 20:15:35,883 - Processing file: blur_101.png
2024-11-21 20:15:36,560 - Processing file: blur_102.png
2024-11-21 20:15:37,239 - Processing file: blur_103.png
2024-11-21 20:15:37,924 - Processing file: blur_104.png
2024-11-21 20:15:38,603 - Processing file: blur_105.png
2024-11-21 20:15:39,269 - Processing file: blur_106.png
2024-11-21 20:15:39,962 - Processing file: blur_107.png
2024-11-21 20:15:40,655 - Processing file: blur_108.png
2024-11-21 20:15:41,338 - Processing file: blur_109.png
2024-11-21 20:15:42,018 - Processing file: blur_110.png
2024-11-21 20:15:42,723 - Processing file: blur_111.png
2024-11-21 20:15:43,421 - Processing file: blur_112.png
2024-11-21 20:15:44,110 - Processing file: blur_113.png
2024-11-21 20:15:44,808 - Processing file: blur_114.png
2024-11-21 20:15:45,491 - Processing file: blur_115.png
2024-11-21 20:15:46,192 - Processing file: blur_116.png
2024-11-21 20:15:46,864 - Processing file: blur_117.png
2024-11-21 20:15:47,568 - Processing file: blur_118.png
2024-11-21 20:15:48,246 - Processing file: blur_119.png
2024-11-21 20:15:48,931 - Processing file: blur_120.png
2024-11-21 20:15:49,632 - Processing file: blur_121.png
2024-11-21 20:15:50,331 - Processing file: blur_122.png
2024-11-21 20:15:51,018 - Processing file: blur_123.png
2024-11-21 20:15:51,730 - Processing file: blur_124.png
2024-11-21 20:15:52,445 - Processing file: blur_125.png
2024-11-21 20:15:53,129 - Processing file: blur_126.png
2024-11-21 20:15:53,822 - Processing file: blur_127.png
2024-11-21 20:15:54,507 - Processing file: blur_128.png
2024-11-21 20:15:55,191 - Processing file: blur_129.png
2024-11-21 20:15:55,876 - Processing file: blur_130.png
2024-11-21 20:15:56,562 - Processing file: blur_131.png
2024-11-21 20:15:57,266 - Processing file: blur_132.png
2024-11-21 20:15:57,961 - Processing file: blur_133.png
2024-11-21 20:15:58,661 - Processing file: blur_134.png
2024-11-21 20:15:59,343 - Processing file: blur_135.png
2024-11-21 20:16:00,026 - Processing file: blur_136.png
2024-11-21 20:16:00,694 - Processing file: blur_137.png
2024-11-21 20:16:01,384 - Processing file: blur_138.png
2024-11-21 20:16:02,055 - Processing file: blur_139.png
2024-11-21 20:16:02,729 - Processing file: blur_140.png
2024-11-21 20:16:03,395 - Processing file: blur_141.png
2024-11-21 20:16:04,067 - Processing file: blur_142.png
2024-11-21 20:16:04,750 - Processing file: blur_143.png
2024-11-21 20:16:05,423 - Processing file: blur_144.png
2024-11-21 20:16:06,122 - Processing file: blur_145.png
2024-11-21 20:16:06,822 - Processing file: blur_146.png
2024-11-21 20:16:07,487 - Processing file: blur_147.png
2024-11-21 20:16:08,162 - Processing file: blur_148.png
2024-11-21 20:16:08,836 - Processing file: blur_149.png
2024-11-21 20:16:09,509 - Processing file: blur_150.png
2024-11-21 20:16:10,197 - Processing file: blur_151.png
2024-11-21 20:16:10,905 - Processing file: blur_152.png
2024-11-21 20:16:11,577 - Processing file: blur_153.png
2024-11-21 20:16:12,269 - Processing file: blur_154.png
2024-11-21 20:16:12,956 - Processing file: blur_155.png
2024-11-21 20:16:13,657 - Processing file: blur_156.png
2024-11-21 20:16:14,340 - Processing file: blur_157.png
2024-11-21 20:16:15,018 - Processing file: blur_158.png
2024-11-21 20:16:15,709 - Processing file: blur_159.png
2024-11-21 20:16:16,374 - Processing file: blur_160.png
2024-11-21 20:16:17,069 - Processing file: blur_161.png
2024-11-21 20:16:17,754 - Processing file: blur_162.png
2024-11-21 20:16:18,446 - Processing file: blur_163.png
2024-11-21 20:16:19,160 - Processing file: blur_164.png
2024-11-21 20:16:19,847 - Processing file: blur_165.png
2024-11-21 20:16:20,540 - Processing file: blur_166.png
2024-11-21 20:16:21,230 - Processing file: blur_167.png
2024-11-21 20:16:21,915 - Processing file: blur_168.png
2024-11-21 20:16:22,601 - Processing file: blur_169.png
2024-11-21 20:16:23,304 - Processing file: blur_170.png
2024-11-21 20:16:23,961 - Processing file: blur_171.png
2024-11-21 20:16:24,638 - Processing file: blur_172.png
2024-11-21 20:16:25,312 - Processing file: blur_173.png
2024-11-21 20:16:25,993 - Processing file: blur_174.png
2024-11-21 20:16:26,678 - Processing file: blur_175.png
2024-11-21 20:16:27,359 - Processing file: blur_176.png
2024-11-21 20:16:28,049 - Processing file: blur_177.png
2024-11-21 20:16:28,729 - Processing file: blur_178.png
2024-11-21 20:16:29,419 - Processing file: blur_179.png
2024-11-21 20:16:30,090 - Processing file: blur_180.png
2024-11-21 20:16:30,790 - Processing file: blur_181.png
2024-11-21 20:16:31,469 - Processing file: blur_182.png
2024-11-21 20:16:32,135 - Processing file: blur_183.png
2024-11-21 20:16:32,806 - Processing file: blur_184.png
2024-11-21 20:16:33,490 - Processing file: blur_185.png
2024-11-21 20:16:34,172 - Processing file: blur_186.png
2024-11-21 20:16:34,859 - Processing file: blur_187.png
2024-11-21 20:16:35,535 - Processing file: blur_188.png
2024-11-21 20:16:36,209 - Processing file: blur_189.png
2024-11-21 20:16:36,893 - Processing file: blur_190.png
2024-11-21 20:16:37,565 - Processing file: blur_191.png
2024-11-21 20:16:38,256 - Processing file: blur_192.png
2024-11-21 20:16:38,946 - Processing file: blur_193.png
2024-11-21 20:16:39,607 - Processing file: blur_194.png
2024-11-21 20:16:40,267 - Processing file: blur_195.png
2024-11-21 20:16:40,928 - Processing file: blur_196.png
2024-11-21 20:16:41,598 - Processing file: blur_197.png
2024-11-21 20:16:42,264 - Processing file: blur_198.png
2024-11-21 20:16:42,936 - Processing file: blur_199.png
2024-11-21 20:16:43,593 - Processing file: blur_200.png
2024-11-21 20:16:44,272 - Processing file: blur_201.png
2024-11-21 20:16:44,942 - Processing file: blur_202.png
2024-11-21 20:16:45,618 - Processing file: blur_203.png
2024-11-21 20:16:46,278 - Processing file: blur_204.png
2024-11-21 20:16:46,933 - Processing file: blur_205.png
2024-11-21 20:16:47,606 - Processing file: blur_206.png
2024-11-21 20:16:48,263 - Processing file: blur_207.png
2024-11-21 20:16:48,921 - Processing file: blur_208.png
2024-11-21 20:16:49,580 - Processing file: blur_209.png
2024-11-21 20:16:50,246 - Processing file: blur_210.png
2024-11-21 20:16:50,910 - Processing file: blur_211.png
2024-11-21 20:16:51,565 - Processing file: blur_212.png
2024-11-21 20:16:52,222 - Processing file: blur_213.png
2024-11-21 20:16:52,903 - Processing file: blur_214.png
2024-11-21 20:16:53,592 - Processing file: blur_215.png
2024-11-21 20:16:54,272 - Processing file: blur_216.png
2024-11-21 20:16:54,964 - Processing file: blur_217.png
2024-11-21 20:16:55,653 - Processing file: blur_218.png
2024-11-21 20:16:56,345 - Processing file: blur_219.png
2024-11-21 20:16:57,032 - Processing file: blur_220.png
2024-11-21 20:16:57,717 - Processing file: blur_221.png
2024-11-21 20:16:58,402 - Processing file: blur_222.png
2024-11-21 20:16:59,085 - Processing file: blur_223.png
2024-11-21 20:16:59,768 - Processing file: blur_224.png
2024-11-21 20:17:00,439 - Processing file: blur_225.png
2024-11-21 20:17:01,125 - Processing file: blur_226.png
2024-11-21 20:17:01,819 - Processing file: blur_227.png
2024-11-21 20:17:02,514 - Processing file: blur_228.png
2024-11-21 20:17:03,189 - Processing file: blur_229.png
2024-11-21 20:17:03,870 - Processing file: blur_230.png
2024-11-21 20:17:04,569 - Processing file: blur_231.png
2024-11-21 20:17:05,252 - Processing file: blur_232.png
2024-11-21 20:17:05,947 - Processing file: blur_233.png
2024-11-21 20:17:06,623 - Processing file: blur_234.png
2024-11-21 20:17:07,292 - Processing file: blur_235.png
2024-11-21 20:17:07,972 - Processing file: blur_236.png
2024-11-21 20:17:08,642 - Processing file: blur_237.png
2024-11-21 20:17:09,306 - Processing file: blur_238.png
2024-11-21 20:17:09,981 - Processing file: blur_239.png
2024-11-21 20:17:10,660 - Processing file: blur_240.png
2024-11-21 20:17:11,335 - Processing file: blur_241.png
2024-11-21 20:17:12,002 - Processing file: blur_242.png
2024-11-21 20:17:12,663 - Processing file: blur_243.png
2024-11-21 20:17:13,331 - Processing file: blur_244.png
2024-11-21 20:17:14,004 - Processing file: blur_245.png
2024-11-21 20:17:14,674 - Processing file: blur_246.png
2024-11-21 20:17:15,360 - Processing file: blur_247.png
2024-11-21 20:17:16,029 - Processing file: blur_248.png
2024-11-21 20:17:16,702 - Processing file: blur_249.png
2024-11-21 20:17:17,379 - Processing file: blur_250.png
2024-11-21 20:17:18,054 - Processing file: blur_251.png
2024-11-21 20:17:18,728 - Processing file: blur_252.png
2024-11-21 20:17:19,396 - Processing file: blur_253.png
2024-11-21 20:17:20,084 - Processing file: blur_254.png
2024-11-21 20:17:20,767 - Processing file: blur_255.png
2024-11-21 20:17:21,453 - Processing file: blur_256.png
2024-11-21 20:17:22,138 - Processing file: blur_257.png
2024-11-21 20:17:22,821 - Processing file: blur_258.png
2024-11-21 20:17:23,510 - Processing file: blur_259.png
2024-11-21 20:17:24,184 - Processing file: blur_260.png
2024-11-21 20:17:24,868 - Processing file: blur_261.png
2024-11-21 20:17:25,547 - Processing file: blur_262.png
2024-11-21 20:17:26,223 - Processing file: blur_263.png
2024-11-21 20:17:26,899 - Processing file: blur_264.png
2024-11-21 20:17:27,583 - Processing file: blur_265.png
2024-11-21 20:17:28,260 - Processing file: blur_266.png
2024-11-21 20:17:28,947 - Processing file: blur_267.png
2024-11-21 20:17:29,626 - Processing file: blur_268.png
2024-11-21 20:17:30,318 - Processing file: blur_269.png
2024-11-21 20:17:31,000 - Processing file: blur_270.png
2024-11-21 20:17:31,741 - Processing file: blur_271.png
2024-11-21 20:17:32,450 - Processing file: blur_272.png
2024-11-21 20:17:33,136 - Processing file: blur_273.png
2024-11-21 20:17:33,800 - Processing file: blur_274.png
2024-11-21 20:17:34,468 - Processing file: blur_275.png
2024-11-21 20:17:35,138 - Processing file: blur_276.png
2024-11-21 20:17:35,818 - Processing file: blur_277.png
2024-11-21 20:17:36,496 - Processing file: blur_278.png
2024-11-21 20:17:37,170 - Processing file: blur_279.png
2024-11-21 20:17:37,847 - Processing file: blur_280.png
2024-11-21 20:17:38,543 - Processing file: blur_281.png
2024-11-21 20:17:39,223 - Processing file: blur_282.png
2024-11-21 20:17:39,905 - Processing file: blur_283.png
2024-11-21 20:17:40,578 - Processing file: blur_284.png
2024-11-21 20:17:41,251 - Processing file: blur_285.png
2024-11-21 20:17:41,934 - Processing file: blur_286.png
2024-11-21 20:17:42,607 - Processing file: blur_287.png
2024-11-21 20:17:43,284 - Processing file: blur_288.png
2024-11-21 20:17:43,955 - Processing file: blur_289.png
2024-11-21 20:17:44,634 - Processing file: blur_290.png
2024-11-21 20:17:45,320 - Processing file: blur_291.png
2024-11-21 20:17:45,993 - Processing file: blur_292.png
2024-11-21 20:17:46,667 - Processing file: blur_293.png
2024-11-21 20:17:47,356 - Processing file: blur_294.png
2024-11-21 20:17:48,045 - Processing file: blur_295.png
2024-11-21 20:17:48,741 - Processing file: blur_296.png
2024-11-21 20:17:49,430 - Processing file: blur_297.png
2024-11-21 20:17:50,117 - Processing file: blur_298.png
2024-11-21 20:17:50,808 - Processing file: blur_299.png
2024-11-21 20:17:51,500 - Processing file: blur_300.png
2024-11-21 20:17:52,204 - Processing file: blur_301.png
2024-11-21 20:17:52,892 - Processing file: blur_302.png
2024-11-21 20:17:53,587 - Processing file: blur_303.png
2024-11-21 20:17:54,289 - Processing file: blur_304.png
2024-11-21 20:17:54,979 - Processing file: blur_305.png
2024-11-21 20:17:55,672 - Processing file: blur_306.png
2024-11-21 20:17:56,364 - Processing file: blur_307.png
2024-11-21 20:17:57,050 - Processing file: blur_308.png
2024-11-21 20:17:57,749 - Processing file: blur_309.png
2024-11-21 20:17:58,437 - Processing file: blur_310.png
2024-11-21 20:17:59,136 - Processing file: blur_311.png
2024-11-21 20:17:59,823 - Processing file: blur_312.png
2024-11-21 20:18:00,501 - Processing file: blur_313.png
2024-11-21 20:18:01,180 - Processing file: blur_314.png
2024-11-21 20:18:01,856 - Processing file: blur_315.png
2024-11-21 20:18:02,541 - Processing file: blur_316.png
2024-11-21 20:18:03,211 - Processing file: blur_317.png
2024-11-21 20:18:03,888 - Processing file: blur_318.png
2024-11-21 20:18:04,570 - Processing file: blur_319.png
2024-11-21 20:18:05,246 - Processing file: blur_320.png
2024-11-21 20:18:05,939 - Processing file: blur_321.png
2024-11-21 20:18:06,618 - Processing file: blur_322.png
2024-11-21 20:18:07,286 - Processing file: blur_323.png
2024-11-21 20:18:07,963 - Processing file: blur_324.png
2024-11-21 20:18:08,634 - Processing file: blur_325.png
2024-11-21 20:18:09,315 - Processing file: blur_326.png
2024-11-21 20:18:09,987 - Processing file: blur_327.png
2024-11-21 20:18:10,678 - Processing file: blur_328.png
2024-11-21 20:18:11,357 - Processing file: blur_329.png
2024-11-21 20:18:12,037 - Processing file: blur_330.png
2024-11-21 20:18:12,710 - Processing file: blur_331.png
2024-11-21 20:18:13,394 - Processing file: blur_332.png
2024-11-21 20:18:14,076 - Processing file: blur_333.png
2024-11-21 20:18:14,761 - Processing file: blur_334.png
2024-11-21 20:18:15,428 - Processing file: blur_335.png
2024-11-21 20:18:16,100 - Processing file: blur_336.png
2024-11-21 20:18:16,775 - Processing file: blur_337.png
2024-11-21 20:18:17,454 - Processing file: blur_338.png
2024-11-21 20:18:18,125 - Processing file: blur_339.png
2024-11-21 20:18:18,795 - Processing file: blur_340.png
2024-11-21 20:18:19,483 - Processing file: blur_341.png
2024-11-21 20:18:20,151 - Processing file: blur_342.png
2024-11-21 20:18:20,827 - Processing file: blur_343.png
2024-11-21 20:18:21,526 - Processing file: blur_344.png
2024-11-21 20:18:22,197 - Processing file: blur_345.png
2024-11-21 20:18:22,869 - Processing file: blur_346.png
2024-11-21 20:18:23,548 - Processing file: blur_347.png
2024-11-21 20:18:24,224 - Processing file: blur_348.png
2024-11-21 20:18:24,899 - Processing file: blur_349.png
2024-11-21 20:18:25,577 - Processing file: blur_350.png
2024-11-21 20:18:26,270 - Processing file: blur_351.png
2024-11-21 20:18:26,950 - Processing file: blur_352.png
2024-11-21 20:18:27,635 - Processing file: blur_353.png
2024-11-21 20:18:28,340 - Processing file: blur_354.png
2024-11-21 20:18:29,016 - Processing file: blur_355.png
2024-11-21 20:18:29,695 - Processing file: blur_356.png
2024-11-21 20:18:30,398 - Processing file: blur_357.png
2024-11-21 20:18:31,078 - Processing file: blur_358.png
2024-11-21 20:18:31,761 - Processing file: blur_359.png
2024-11-21 20:18:32,437 - Processing file: blur_360.png
2024-11-21 20:18:33,123 - Processing file: blur_361.png
2024-11-21 20:18:33,798 - Processing file: blur_362.png
2024-11-21 20:18:34,464 - Processing file: blur_363.png
2024-11-21 20:18:35,147 - Processing file: blur_364.png
2024-11-21 20:18:35,806 - Processing file: blur_365.png
2024-11-21 20:18:36,493 - Processing file: blur_366.png
2024-11-21 20:18:37,198 - Processing file: blur_367.png
2024-11-21 20:18:37,887 - Processing file: blur_368.png
2024-11-21 20:18:38,583 - Processing file: blur_369.png
2024-11-21 20:18:39,277 - Processing file: blur_370.png
2024-11-21 20:18:39,981 - Processing file: blur_371.png
2024-11-21 20:18:40,693 - Processing file: blur_372.png
2024-11-21 20:18:41,389 - Processing file: blur_373.png
2024-11-21 20:18:42,118 - Processing file: blur_374.png
2024-11-21 20:18:42,833 - Processing file: blur_375.png
2024-11-21 20:18:43,518 - Processing file: blur_376.png
2024-11-21 20:18:44,198 - Processing file: blur_377.png
2024-11-21 20:18:44,877 - Processing file: blur_378.png
2024-11-21 20:18:45,566 - Processing file: blur_379.png
2024-11-21 20:18:46,245 - Processing file: blur_380.png
2024-11-21 20:18:46,933 - Processing file: blur_381.png
2024-11-21 20:18:47,609 - Processing file: blur_382.png
2024-11-21 20:18:48,284 - Processing file: blur_383.png
2024-11-21 20:18:48,971 - Processing file: blur_384.png
2024-11-21 20:18:49,658 - Processing file: blur_385.png
2024-11-21 20:18:50,359 - Processing file: blur_386.png
2024-11-21 20:18:51,058 - Processing file: blur_387.png
2024-11-21 20:18:51,739 - Processing file: blur_388.png
2024-11-21 20:18:52,417 - Processing file: blur_389.png
2024-11-21 20:18:53,113 - Processing file: blur_390.png
2024-11-21 20:18:53,785 - Processing file: blur_391.png
2024-11-21 20:18:54,458 - Processing file: blur_392.png
2024-11-21 20:18:55,127 - Processing file: blur_393.png
2024-11-21 20:18:55,820 - Processing file: blur_394.png
2024-11-21 20:18:56,490 - Processing file: blur_395.png
2024-11-21 20:18:57,160 - Processing file: blur_396.png
2024-11-21 20:18:57,844 - Processing file: blur_397.png
2024-11-21 20:18:58,509 - Processing file: blur_398.png
2024-11-21 20:18:59,192 - Processing file: blur_399.png
2024-11-21 20:18:59,872 - Processing file: blur_400.png
2024-11-21 20:19:00,548 - Processing file: blur_401.png
2024-11-21 20:19:01,229 - Processing file: blur_402.png
2024-11-21 20:19:01,902 - Processing file: blur_403.png
2024-11-21 20:19:02,566 - Processing file: blur_404.png
2024-11-21 20:19:03,233 - Processing file: blur_405.png
2024-11-21 20:19:03,924 - Processing file: blur_406.png
2024-11-21 20:19:04,602 - Processing file: blur_407.png
2024-11-21 20:19:05,296 - Processing file: blur_408.png
2024-11-21 20:19:05,985 - Processing file: blur_409.png
2024-11-21 20:19:06,675 - Processing file: blur_410.png
2024-11-21 20:19:07,354 - Processing file: blur_411.png
2024-11-21 20:19:08,033 - Processing file: blur_412.png
2024-11-21 20:19:08,740 - Processing file: blur_413.png
2024-11-21 20:19:09,435 - Processing file: blur_414.png
2024-11-21 20:19:10,113 - Processing file: blur_415.png
2024-11-21 20:19:10,796 - Processing file: blur_416.png
2024-11-21 20:19:11,538 - Processing file: blur_417.png
2024-11-21 20:19:12,215 - Processing file: blur_418.png
2024-11-21 20:19:12,883 - Processing file: blur_419.png
2024-11-21 20:19:13,571 - Processing file: blur_420.png
2024-11-21 20:19:14,253 - Processing file: blur_421.png
2024-11-21 20:19:14,939 - Processing file: blur_422.png
2024-11-21 20:19:15,620 - Processing file: blur_423.png
2024-11-21 20:19:16,323 - Processing file: blur_424.png
2024-11-21 20:19:17,007 - Processing file: blur_425.png
2024-11-21 20:19:17,718 - Processing file: blur_426.png
2024-11-21 20:19:18,393 - Processing file: blur_427.png
2024-11-21 20:19:19,091 - Processing file: blur_428.png
2024-11-21 20:19:19,772 - Processing file: blur_429.png
2024-11-21 20:19:20,456 - Processing file: blur_430.png
2024-11-21 20:19:21,139 - Processing file: blur_431.png
2024-11-21 20:19:21,820 - Processing file: blur_432.png
2024-11-21 20:19:22,493 - Processing file: blur_433.png
2024-11-21 20:19:23,171 - Processing file: blur_434.png
2024-11-21 20:19:23,861 - Processing file: blur_435.png
2024-11-21 20:19:24,531 - Processing file: blur_436.png
2024-11-21 20:19:25,230 - Processing file: blur_437.png
2024-11-21 20:19:25,937 - Processing file: blur_438.png
2024-11-21 20:19:26,612 - Processing file: blur_439.png
2024-11-21 20:19:27,306 - Processing file: blur_440.png
2024-11-21 20:19:27,969 - Processing file: blur_441.png
2024-11-21 20:19:28,654 - Processing file: blur_442.png
2024-11-21 20:19:29,321 - Processing file: blur_443.png
2024-11-21 20:19:29,995 - Processing file: blur_444.png
2024-11-21 20:19:30,662 - Processing file: blur_445.png
2024-11-21 20:19:31,346 - Processing file: blur_446.png
2024-11-21 20:19:32,027 - Processing file: blur_447.png
2024-11-21 20:19:32,721 - Processing file: blur_448.png
2024-11-21 20:19:33,409 - Processing file: blur_449.png
2024-11-21 20:19:34,107 - Processing file: blur_450.png
2024-11-21 20:19:34,796 - Processing file: blur_451.png
2024-11-21 20:19:35,489 - Processing file: blur_452.png
2024-11-21 20:19:36,195 - Processing file: blur_453.png
2024-11-21 20:19:36,895 - Processing file: blur_454.png
2024-11-21 20:19:37,594 - Processing file: blur_455.png
2024-11-21 20:19:38,281 - Processing file: blur_456.png
2024-11-21 20:19:38,974 - Processing file: blur_457.png
2024-11-21 20:19:39,662 - Processing file: blur_458.png
2024-11-21 20:19:40,335 - Processing file: blur_459.png
2024-11-21 20:19:41,015 - Processing file: blur_460.png
2024-11-21 20:19:41,678 - Processing file: blur_461.png
2024-11-21 20:19:42,357 - Processing file: blur_462.png
2024-11-21 20:19:43,061 - Processing file: blur_463.png
2024-11-21 20:19:43,741 - Processing file: blur_464.png
2024-11-21 20:19:44,428 - Processing file: blur_465.png
2024-11-21 20:19:45,085 - Processing file: blur_466.png
2024-11-21 20:19:45,773 - Processing file: blur_467.png
2024-11-21 20:19:46,461 - Processing file: blur_468.png
2024-11-21 20:19:47,164 - Processing file: blur_469.png
2024-11-21 20:19:47,843 - Processing file: blur_470.png
2024-11-21 20:19:48,634 - Processing file: blur_471.png
2024-11-21 20:19:49,371 - Processing file: blur_472.png
2024-11-21 20:19:50,074 - Processing file: blur_473.png
2024-11-21 20:19:50,808 - Processing file: blur_474.png
2024-11-21 20:19:51,511 - Processing file: blur_475.png
2024-11-21 20:19:52,226 - Processing file: blur_476.png
2024-11-21 20:19:52,931 - Processing file: blur_477.png
2024-11-21 20:19:53,611 - Processing file: blur_478.png
2024-11-21 20:19:54,315 - Processing file: blur_479.png
2024-11-21 20:19:55,015 - Processing file: blur_480.png
2024-11-21 20:19:55,759 - Processing file: blur_481.png
2024-11-21 20:19:56,463 - Processing file: blur_482.png
2024-11-21 20:19:57,159 - Processing file: blur_483.png
2024-11-21 20:19:57,859 - Processing file: blur_484.png
2024-11-21 20:19:58,575 - Processing file: blur_485.png
2024-11-21 20:19:59,279 - Processing file: blur_486.png
2024-11-21 20:19:59,980 - Processing file: blur_487.png
2024-11-21 20:20:00,681 - Processing file: blur_488.png
2024-11-21 20:20:01,379 - Processing file: blur_489.png
2024-11-21 20:20:02,061 - Processing file: blur_490.png
2024-11-21 20:20:02,758 - Processing file: blur_491.png
2024-11-21 20:20:03,449 - Processing file: blur_492.png
2024-11-21 20:20:04,138 - Processing file: blur_493.png
2024-11-21 20:20:04,827 - Processing file: blur_494.png
2024-11-21 20:20:05,522 - Processing file: blur_495.png
2024-11-21 20:20:06,230 - Processing file: blur_496.png
2024-11-21 20:20:06,934 - Processing file: blur_497.png
2024-11-21 20:20:07,607 - Processing file: blur_498.png
2024-11-21 20:20:08,329 - Processing file: blur_499.png
2024-11-21 20:20:09,019 - Processing file: blur_500.png
2024-11-21 20:20:09,726 - Processing file: blur_501.png
2024-11-21 20:20:10,423 - Processing file: blur_502.png
2024-11-21 20:20:11,127 - Processing file: blur_503.png
2024-11-21 20:20:11,855 - Processing file: blur_504.png
2024-11-21 20:20:12,535 - Processing file: blur_505.png
2024-11-21 20:20:13,233 - Processing file: blur_506.png
2024-11-21 20:20:13,922 - Processing file: blur_507.png
2024-11-21 20:20:14,608 - Processing file: blur_508.png
2024-11-21 20:20:15,295 - Processing file: blur_509.png
2024-11-21 20:20:15,955 - Processing file: blur_510.png
2024-11-21 20:20:16,628 - Processing file: blur_511.png
2024-11-21 20:20:17,324 - Processing file: blur_512.png
2024-11-21 20:20:18,006 - Processing file: blur_513.png
2024-11-21 20:20:18,684 - Processing file: blur_514.png
2024-11-21 20:20:19,356 - Processing file: blur_515.png
2024-11-21 20:20:20,016 - Processing file: blur_516.png
2024-11-21 20:20:20,691 - Processing file: blur_517.png
2024-11-21 20:20:21,360 - Processing file: blur_518.png
2024-11-21 20:20:22,059 - Processing file: blur_519.png
2024-11-21 20:20:22,742 - Processing file: blur_520.png
2024-11-21 20:20:23,425 - Processing file: blur_521.png
2024-11-21 20:20:24,096 - Processing file: blur_522.png
2024-11-21 20:20:24,782 - Processing file: blur_523.png
2024-11-21 20:20:25,454 - Processing file: blur_524.png
2024-11-21 20:20:26,143 - Processing file: blur_525.png
2024-11-21 20:20:26,828 - Processing file: blur_526.png
2024-11-21 20:20:27,486 - Processing file: blur_527.png
2024-11-21 20:20:28,176 - Processing file: blur_528.png
2024-11-21 20:20:28,867 - Processing file: blur_529.png
2024-11-21 20:20:29,555 - Processing file: blur_530.png
2024-11-21 20:20:30,234 - Processing file: blur_531.png
2024-11-21 20:20:30,946 - Processing file: blur_532.png
2024-11-21 20:20:31,637 - Processing file: blur_533.png
2024-11-21 20:20:32,330 - Processing file: blur_534.png
2024-11-21 20:20:33,021 - Processing file: blur_535.png
2024-11-21 20:20:33,709 - Processing file: blur_536.png
2024-11-21 20:20:34,388 - Processing file: blur_537.png
2024-11-21 20:20:35,076 - Processing file: blur_538.png
2024-11-21 20:20:35,766 - Processing file: blur_539.png
2024-11-21 20:20:36,463 - Processing file: blur_540.png
2024-11-21 20:20:37,150 - Processing file: blur_541.png
2024-11-21 20:20:37,842 - Processing file: blur_542.png
2024-11-21 20:20:38,531 - Processing file: blur_543.png
2024-11-21 20:20:39,225 - Processing file: blur_544.png
2024-11-21 20:20:39,939 - Processing file: blur_545.png
2024-11-21 20:20:40,637 - Processing file: blur_546.png
2024-11-21 20:20:41,328 - Processing file: blur_547.png
2024-11-21 20:20:42,026 - Processing file: blur_548.png
2024-11-21 20:20:42,724 - Processing file: blur_549.png
2024-11-21 20:20:43,415 - Processing file: blur_550.png
2024-11-21 20:20:44,147 - Processing file: blur_551.png
2024-11-21 20:20:44,846 - Processing file: blur_552.png
2024-11-21 20:20:45,546 - Processing file: blur_553.png
2024-11-21 20:20:46,262 - Processing file: blur_554.png
2024-11-21 20:20:46,942 - Processing file: blur_555.png
2024-11-21 20:20:47,669 - Processing file: blur_556.png
2024-11-21 20:20:48,383 - Processing file: blur_557.png
2024-11-21 20:20:49,064 - Processing file: blur_558.png
2024-11-21 20:20:49,763 - Processing file: blur_559.png
2024-11-21 20:20:50,449 - Processing file: blur_560.png
2024-11-21 20:20:51,161 - Processing file: blur_561.png
2024-11-21 20:20:51,889 - Processing file: blur_562.png
2024-11-21 20:20:52,593 - Processing file: blur_563.png
2024-11-21 20:20:53,282 - Processing file: blur_564.png
2024-11-21 20:20:53,967 - Processing file: blur_565.png
2024-11-21 20:20:54,654 - Processing file: blur_566.png
2024-11-21 20:20:55,364 - Processing file: blur_567.png
2024-11-21 20:20:56,052 - Processing file: blur_568.png
2024-11-21 20:20:56,765 - Processing file: blur_569.png
2024-11-21 20:20:57,456 - Processing file: blur_570.png
2024-11-21 20:20:58,135 - Processing file: blur_571.png
2024-11-21 20:20:58,803 - Processing file: blur_572.png
2024-11-21 20:20:59,517 - Processing file: blur_573.png
2024-11-21 20:21:00,213 - Processing file: blur_574.png
2024-11-21 20:21:00,908 - Processing file: blur_575.png
2024-11-21 20:21:01,592 - Processing file: blur_576.png
2024-11-21 20:21:02,291 - Processing file: blur_577.png
2024-11-21 20:21:02,979 - Processing file: blur_578.png
2024-11-21 20:21:03,678 - Processing file: blur_579.png
2024-11-21 20:21:04,374 - Processing file: blur_580.png
2024-11-21 20:21:05,084 - Processing file: blur_581.png
2024-11-21 20:21:05,791 - Processing file: blur_582.png
2024-11-21 20:21:06,477 - Processing file: blur_583.png
2024-11-21 20:21:07,163 - Processing file: blur_584.png
2024-11-21 20:21:07,853 - Processing file: blur_585.png
2024-11-21 20:21:08,548 - Processing file: blur_586.png
2024-11-21 20:21:09,225 - Processing file: blur_587.png
2024-11-21 20:21:09,906 - Processing file: blur_588.png
2024-11-21 20:21:10,585 - Processing file: blur_589.png
2024-11-21 20:21:11,284 - Processing file: blur_590.png
2024-11-21 20:21:11,960 - Processing file: blur_591.png
2024-11-21 20:21:12,655 - Processing file: blur_592.png
2024-11-21 20:21:13,352 - Processing file: blur_593.png
2024-11-21 20:21:14,039 - Processing file: blur_594.png
2024-11-21 20:21:14,738 - Processing file: blur_595.png
2024-11-21 20:21:15,414 - Processing file: blur_596.png
2024-11-21 20:21:16,117 - Processing file: blur_597.png
2024-11-21 20:21:16,807 - Processing file: blur_598.png
2024-11-21 20:21:17,518 - Processing file: blur_599.png
2024-11-21 20:21:18,223 - Processing file: blur_600.png
2024-11-21 20:21:18,909 - Processing file: blur_601.png
2024-11-21 20:21:19,589 - Processing file: blur_602.png
2024-11-21 20:21:20,267 - Processing file: blur_603.png
2024-11-21 20:21:20,957 - Processing file: blur_604.png
2024-11-21 20:21:21,655 - Processing file: blur_605.png
2024-11-21 20:21:22,345 - Processing file: blur_606.png
2024-11-21 20:21:23,054 - Processing file: blur_607.png
2024-11-21 20:21:23,763 - Processing file: blur_608.png
2024-11-21 20:21:24,428 - Processing file: blur_609.png
2024-11-21 20:21:25,112 - Processing file: blur_610.png
2024-11-21 20:21:25,813 - Processing file: blur_611.png
2024-11-21 20:21:26,489 - Processing file: blur_612.png
2024-11-21 20:21:27,191 - Processing file: blur_613.png
2024-11-21 20:21:27,865 - Processing file: blur_614.png
2024-11-21 20:21:28,571 - Processing file: blur_615.png
2024-11-21 20:21:29,286 - Processing file: blur_616.png
2024-11-21 20:21:29,961 - Processing file: blur_617.png
2024-11-21 20:21:30,661 - Processing file: blur_618.png
2024-11-21 20:21:31,336 - Processing file: blur_619.png
2024-11-21 20:21:32,009 - Processing file: blur_620.png
2024-11-21 20:21:32,682 - Processing file: blur_621.png
2024-11-21 20:21:33,403 - Processing file: blur_622.png
2024-11-21 20:21:34,086 - Processing file: blur_623.png
2024-11-21 20:21:34,758 - Processing file: blur_624.png
2024-11-21 20:21:35,436 - Processing file: blur_625.png
2024-11-21 20:21:36,133 - Processing file: blur_626.png
2024-11-21 20:21:36,835 - Processing file: blur_627.png
2024-11-21 20:21:37,525 - Processing file: blur_628.png
2024-11-21 20:21:38,212 - Processing file: blur_629.png
2024-11-21 20:21:38,913 - Processing file: blur_630.png
2024-11-21 20:21:39,620 - Processing file: blur_631.png
2024-11-21 20:21:40,319 - Processing file: blur_632.png
2024-11-21 20:21:41,005 - Processing file: blur_633.png
2024-11-21 20:21:41,682 - Processing file: blur_634.png
2024-11-21 20:21:42,350 - Processing file: blur_635.png
2024-11-21 20:21:43,017 - Processing file: blur_636.png
2024-11-21 20:21:43,671 - Processing file: blur_637.png
2024-11-21 20:21:44,367 - Processing file: blur_638.png
2024-11-21 20:21:45,036 - Processing file: blur_639.png
2024-11-21 20:21:45,728 - Processing file: blur_640.png
2024-11-21 20:21:46,417 - Processing file: blur_641.png
2024-11-21 20:21:47,092 - Processing file: blur_642.png
2024-11-21 20:21:47,772 - Processing file: blur_643.png
2024-11-21 20:21:48,448 - Processing file: blur_644.png
2024-11-21 20:21:49,096 - Processing file: blur_645.png
2024-11-21 20:21:49,756 - Processing file: blur_646.png
2024-11-21 20:21:50,415 - Processing file: blur_647.png
2024-11-21 20:21:51,094 - Processing file: blur_648.png
2024-11-21 20:21:51,764 - Processing file: blur_649.png
2024-11-21 20:21:52,417 - Processing file: blur_650.png
2024-11-21 20:21:53,102 - Processing file: blur_651.png
2024-11-21 20:21:53,778 - Processing file: blur_652.png
2024-11-21 20:21:54,440 - Processing file: blur_653.png
2024-11-21 20:21:55,086 - Processing file: blur_654.png
2024-11-21 20:21:55,749 - Processing file: blur_655.png
2024-11-21 20:21:56,404 - Processing file: blur_656.png
2024-11-21 20:21:57,073 - Processing file: blur_657.png
2024-11-21 20:21:57,725 - Processing file: blur_658.png
2024-11-21 20:21:58,394 - Processing file: blur_659.png
2024-11-21 20:21:59,071 - Processing file: blur_660.png
2024-11-21 20:21:59,726 - Processing file: blur_661.png
2024-11-21 20:22:00,376 - Processing file: blur_662.png
2024-11-21 20:22:01,043 - Processing file: blur_663.png
2024-11-21 20:22:01,693 - Processing file: blur_664.png
2024-11-21 20:22:02,346 - Processing file: blur_665.png
2024-11-21 20:22:03,008 - Processing file: blur_666.png
2024-11-21 20:22:03,663 - Processing file: blur_667.png
2024-11-21 20:22:04,349 - Processing file: blur_668.png
2024-11-21 20:22:05,043 - Processing file: blur_669.png
2024-11-21 20:22:05,698 - Processing file: blur_670.png
2024-11-21 20:22:06,338 - Processing file: blur_671.png
2024-11-21 20:22:07,002 - Processing file: blur_672.png
2024-11-21 20:22:07,664 - Processing file: blur_673.png
2024-11-21 20:22:08,329 - Processing file: blur_674.png
2024-11-21 20:22:08,975 - Processing file: blur_675.png
2024-11-21 20:22:09,637 - Processing file: blur_676.png
2024-11-21 20:22:10,296 - Processing file: blur_677.png
2024-11-21 20:22:10,963 - Processing file: blur_678.png
2024-11-21 20:22:11,625 - Processing file: blur_679.png
2024-11-21 20:22:12,306 - Processing file: blur_680.png
2024-11-21 20:22:12,991 - Processing file: blur_681.png
2024-11-21 20:22:13,655 - Processing file: blur_682.png
2024-11-21 20:22:14,332 - Processing file: blur_683.png
2024-11-21 20:22:15,013 - Processing file: blur_684.png
2024-11-21 20:22:15,695 - Processing file: blur_685.png
2024-11-21 20:22:16,357 - Processing file: blur_686.png
2024-11-21 20:22:17,016 - Processing file: blur_687.png
2024-11-21 20:22:17,689 - Processing file: blur_688.png
2024-11-21 20:22:18,335 - Processing file: blur_689.png
2024-11-21 20:22:18,979 - Processing file: blur_690.png
2024-11-21 20:22:19,636 - Processing file: blur_691.png
2024-11-21 20:22:20,281 - Processing file: blur_692.png
2024-11-21 20:22:20,922 - Processing file: blur_693.png
2024-11-21 20:22:21,580 - Processing file: blur_694.png
2024-11-21 20:22:22,230 - Processing file: blur_695.png
2024-11-21 20:22:22,894 - Processing file: blur_696.png
2024-11-21 20:22:23,544 - Processing file: blur_697.png
2024-11-21 20:22:24,190 - Processing file: blur_698.png
2024-11-21 20:22:24,840 - Processing file: blur_699.png
2024-11-21 20:22:25,486 - Processing file: blur_700.png
2024-11-21 20:22:26,139 - Processing file: blur_701.png
2024-11-21 20:22:26,789 - Processing file: blur_702.png
2024-11-21 20:22:27,446 - Processing file: blur_703.png
2024-11-21 20:22:28,105 - Processing file: blur_704.png
2024-11-21 20:22:28,762 - Processing file: blur_705.png
2024-11-21 20:22:29,406 - Processing file: blur_706.png
2024-11-21 20:22:30,058 - Processing file: blur_707.png
2024-11-21 20:22:30,722 - Processing file: blur_708.png
2024-11-21 20:22:31,364 - Processing file: blur_709.png
2024-11-21 20:22:32,018 - Processing file: blur_710.png
2024-11-21 20:22:32,672 - Processing file: blur_711.png
2024-11-21 20:22:33,332 - Processing file: blur_712.png
2024-11-21 20:22:33,992 - Processing file: blur_713.png
2024-11-21 20:22:34,641 - Processing file: blur_714.png
2024-11-21 20:22:35,302 - Processing file: blur_715.png
2024-11-21 20:22:35,955 - Processing file: blur_716.png
2024-11-21 20:22:36,596 - Processing file: blur_717.png
2024-11-21 20:22:37,247 - Processing file: blur_718.png
2024-11-21 20:22:37,900 - Processing file: blur_719.png
2024-11-21 20:22:38,562 - Processing file: blur_720.png
2024-11-21 20:22:39,216 - Processing file: blur_721.png
2024-11-21 20:22:39,867 - Processing file: blur_722.png
2024-11-21 20:22:40,520 - Processing file: blur_723.png
2024-11-21 20:22:41,184 - Processing file: blur_724.png
2024-11-21 20:22:41,828 - Processing file: blur_725.png
2024-11-21 20:22:42,474 - Processing file: blur_726.png
2024-11-21 20:22:43,118 - Processing file: blur_727.png
2024-11-21 20:22:43,771 - Processing file: blur_728.png
2024-11-21 20:22:44,427 - Processing file: blur_729.png
2024-11-21 20:22:45,081 - Processing file: blur_730.png
2024-11-21 20:22:45,745 - Processing file: blur_731.png
2024-11-21 20:22:46,397 - Processing file: blur_732.png
2024-11-21 20:22:47,054 - Processing file: blur_733.png
2024-11-21 20:22:47,707 - Processing file: blur_734.png
2024-11-21 20:22:48,358 - Processing file: blur_735.png
2024-11-21 20:22:49,025 - Processing file: blur_736.png
2024-11-21 20:22:49,670 - Processing file: blur_737.png
2024-11-21 20:22:50,321 - Processing file: blur_738.png
2024-11-21 20:22:50,968 - Processing file: blur_739.png
2024-11-21 20:22:51,629 - Processing file: blur_740.png
2024-11-21 20:22:52,286 - Processing file: blur_741.png
2024-11-21 20:22:52,934 - Processing file: blur_742.png
2024-11-21 20:22:53,585 - Processing file: blur_743.png
2024-11-21 20:22:54,232 - Processing file: blur_744.png
2024-11-21 20:22:54,886 - Processing file: blur_745.png
2024-11-21 20:22:55,546 - Processing file: blur_746.png
2024-11-21 20:22:56,210 - Processing file: blur_747.png
2024-11-21 20:22:56,868 - Processing file: blur_748.png
2024-11-21 20:22:57,523 - Processing file: blur_749.png
2024-11-21 20:22:58,183 - Processing file: blur_750.png
2024-11-21 20:22:58,859 - Processing file: blur_751.png
2024-11-21 20:22:59,497 - Processing file: blur_752.png
2024-11-21 20:23:00,148 - Processing file: blur_753.png
2024-11-21 20:23:00,794 - Processing file: blur_754.png
2024-11-21 20:23:01,449 - Processing file: blur_755.png
2024-11-21 20:23:02,102 - Processing file: blur_756.png
2024-11-21 20:23:02,759 - Processing file: blur_757.png
2024-11-21 20:23:03,426 - Processing file: blur_758.png
2024-11-21 20:23:04,086 - Processing file: blur_759.png
2024-11-21 20:23:04,740 - Processing file: blur_760.png
2024-11-21 20:23:05,397 - Processing file: blur_761.png
2024-11-21 20:23:06,056 - Processing file: blur_762.png
2024-11-21 20:23:06,719 - Processing file: blur_763.png
2024-11-21 20:23:07,386 - Processing file: blur_764.png
2024-11-21 20:23:08,040 - Processing file: blur_765.png
2024-11-21 20:23:08,686 - Processing file: blur_766.png
2024-11-21 20:23:09,343 - Processing file: blur_767.png
2024-11-21 20:23:10,014 - Processing file: blur_768.png
2024-11-21 20:23:10,665 - Processing file: blur_769.png
2024-11-21 20:23:11,315 - Processing file: blur_770.png
2024-11-21 20:23:11,964 - Processing file: blur_771.png
2024-11-21 20:23:12,617 - Processing file: blur_772.png
2024-11-21 20:23:13,270 - Processing file: blur_773.png
2024-11-21 20:23:13,929 - Processing file: blur_774.png
2024-11-21 20:23:14,586 - Processing file: blur_775.png
2024-11-21 20:23:15,244 - Processing file: blur_776.png
2024-11-21 20:23:15,907 - Processing file: blur_777.png
2024-11-21 20:23:16,564 - Processing file: blur_778.png
2024-11-21 20:23:17,221 - Processing file: blur_779.png
2024-11-21 20:23:17,876 - Processing file: blur_780.png
2024-11-21 20:23:18,529 - Processing file: blur_781.png
2024-11-21 20:23:19,175 - Processing file: blur_782.png
2024-11-21 20:23:19,825 - Processing file: blur_783.png
2024-11-21 20:23:20,480 - Processing file: blur_784.png
2024-11-21 20:23:21,137 - Processing file: blur_785.png
2024-11-21 20:23:21,798 - Processing file: blur_786.png
2024-11-21 20:23:22,471 - Processing file: blur_787.png
2024-11-21 20:23:23,127 - Processing file: blur_788.png
2024-11-21 20:23:23,802 - Processing file: blur_789.png
2024-11-21 20:23:24,459 - Processing file: blur_790.png
2024-11-21 20:23:25,115 - Processing file: blur_791.png
2024-11-21 20:23:25,772 - Processing file: blur_792.png
2024-11-21 20:23:26,439 - Processing file: blur_793.png
2024-11-21 20:23:27,098 - Processing file: blur_794.png
2024-11-21 20:23:27,758 - Processing file: blur_795.png
2024-11-21 20:23:28,418 - Processing file: blur_796.png
2024-11-21 20:23:29,077 - Processing file: blur_797.png
2024-11-21 20:23:29,731 - Processing file: blur_798.png
2024-11-21 20:23:30,385 - Processing file: blur_799.png
2024-11-21 20:23:31,052 - Processing file: blur_800.png
2024-11-21 20:23:31,705 - Processing file: blur_801.png
2024-11-21 20:23:32,378 - Processing file: blur_802.png
2024-11-21 20:23:33,031 - Processing file: blur_803.png
2024-11-21 20:23:33,710 - Processing file: blur_804.png
2024-11-21 20:23:34,384 - Processing file: blur_805.png
2024-11-21 20:23:35,039 - Processing file: blur_806.png
2024-11-21 20:23:35,706 - Processing file: blur_807.png
2024-11-21 20:23:36,393 - Processing file: blur_808.png
2024-11-21 20:23:37,049 - Processing file: blur_809.png
2024-11-21 20:23:37,719 - Processing file: blur_810.png
2024-11-21 20:23:38,377 - Processing file: blur_811.png
2024-11-21 20:23:39,040 - Processing file: blur_812.png
2024-11-21 20:23:39,718 - Processing file: blur_813.png
2024-11-21 20:23:40,428 - Processing file: blur_814.png
2024-11-21 20:23:41,126 - Processing file: blur_815.png
2024-11-21 20:23:41,792 - Processing file: blur_816.png
2024-11-21 20:23:42,455 - Processing file: blur_817.png
2024-11-21 20:23:43,122 - Processing file: blur_818.png
2024-11-21 20:23:43,785 - Processing file: blur_819.png
2024-11-21 20:23:44,469 - Processing file: blur_820.png
2024-11-21 20:23:45,167 - Processing file: blur_821.png
2024-11-21 20:23:45,851 - Processing file: blur_822.png
2024-11-21 20:23:46,523 - Processing file: blur_823.png
2024-11-21 20:23:47,189 - Processing file: blur_824.png
2024-11-21 20:23:47,837 - Processing file: blur_825.png
2024-11-21 20:23:48,494 - Processing file: blur_826.png
2024-11-21 20:23:49,152 - Processing file: blur_827.png
2024-11-21 20:23:49,799 - Processing file: blur_828.png
2024-11-21 20:23:50,441 - Processing file: blur_829.png
2024-11-21 20:23:51,083 - Processing file: blur_830.png
2024-11-21 20:23:51,708 - Processing file: blur_831.png
2024-11-21 20:23:52,369 - Processing file: blur_832.png
2024-11-21 20:23:53,008 - Processing file: blur_833.png
2024-11-21 20:23:53,663 - Processing file: blur_834.png
2024-11-21 20:23:54,287 - Processing file: blur_835.png
2024-11-21 20:23:54,932 - Processing file: blur_836.png
2024-11-21 20:23:55,572 - Processing file: blur_837.png
2024-11-21 20:23:56,245 - Processing file: blur_838.png
2024-11-21 20:23:56,882 - Processing file: blur_839.png
2024-11-21 20:23:57,534 - Processing file: blur_840.png
2024-11-21 20:23:58,187 - Processing file: blur_841.png
2024-11-21 20:23:58,836 - Processing file: blur_842.png
2024-11-21 20:23:59,474 - Processing file: blur_843.png
2024-11-21 20:24:00,139 - Processing file: blur_844.png
2024-11-21 20:24:00,798 - Processing file: blur_845.png
2024-11-21 20:24:01,484 - Processing file: blur_846.png
2024-11-21 20:24:02,133 - Processing file: blur_847.png
2024-11-21 20:24:02,789 - Processing file: blur_848.png
2024-11-21 20:24:03,439 - Processing file: blur_849.png
2024-11-21 20:24:04,091 - Processing file: blur_850.png
2024-11-21 20:24:04,768 - Processing file: blur_851.png
2024-11-21 20:24:05,419 - Processing file: blur_852.png
2024-11-21 20:24:06,058 - Processing file: blur_853.png
2024-11-21 20:24:06,715 - Processing file: blur_854.png
2024-11-21 20:24:07,365 - Processing file: blur_855.png
2024-11-21 20:24:07,999 - Processing file: blur_856.png
2024-11-21 20:24:08,641 - Processing file: blur_857.png
2024-11-21 20:24:09,293 - Processing file: blur_858.png
2024-11-21 20:24:09,923 - Processing file: blur_859.png
2024-11-21 20:24:10,567 - Processing file: blur_860.png
2024-11-21 20:24:11,218 - Processing file: blur_861.png
2024-11-21 20:24:11,870 - Processing file: blur_862.png
2024-11-21 20:24:12,521 - Processing file: blur_863.png
2024-11-21 20:24:13,161 - Processing file: blur_864.png
2024-11-21 20:24:13,829 - Processing file: blur_865.png
2024-11-21 20:24:14,480 - Processing file: blur_866.png
2024-11-21 20:24:15,139 - Processing file: blur_867.png
2024-11-21 20:24:15,778 - Processing file: blur_868.png
2024-11-21 20:24:16,421 - Processing file: blur_869.png
2024-11-21 20:24:17,061 - Processing file: blur_870.png
2024-11-21 20:24:17,732 - Processing file: blur_871.png
2024-11-21 20:24:18,374 - Processing file: blur_872.png
2024-11-21 20:24:19,025 - Processing file: blur_873.png
2024-11-21 20:24:19,652 - Processing file: blur_874.png
2024-11-21 20:24:20,291 - Processing file: blur_875.png
2024-11-21 20:24:20,928 - Processing file: blur_876.png
2024-11-21 20:24:21,575 - Processing file: blur_877.png
2024-11-21 20:24:22,219 - Processing file: blur_878.png
2024-11-21 20:24:22,856 - Processing file: blur_879.png
2024-11-21 20:24:23,506 - Processing file: blur_880.png
2024-11-21 20:24:24,144 - Processing file: blur_881.png
2024-11-21 20:24:24,798 - Processing file: blur_882.png
2024-11-21 20:24:25,436 - Processing file: blur_883.png
2024-11-21 20:24:26,080 - Processing file: blur_884.png
2024-11-21 20:24:26,721 - Processing file: blur_885.png
2024-11-21 20:24:27,358 - Processing file: blur_886.png
2024-11-21 20:24:27,991 - Processing file: blur_887.png
2024-11-21 20:24:28,656 - Processing file: blur_888.png
2024-11-21 20:24:29,291 - Processing file: blur_889.png
2024-11-21 20:24:29,930 - Processing file: blur_890.png
2024-11-21 20:24:30,586 - Processing file: blur_891.png
2024-11-21 20:24:31,232 - Processing file: blur_892.png
2024-11-21 20:24:31,857 - Processing file: blur_893.png
2024-11-21 20:24:32,492 - Processing file: blur_894.png
2024-11-21 20:24:33,129 - Processing file: blur_895.png
2024-11-21 20:24:33,765 - Processing file: blur_896.png
2024-11-21 20:24:34,406 - Processing file: blur_897.png
2024-11-21 20:24:35,039 - Processing file: blur_898.png
2024-11-21 20:24:35,688 - Processing file: blur_899.png
2024-11-21 20:24:36,311 - Processing file: blur_900.png
2024-11-21 20:24:36,959 - Processing file: blur_901.png
2024-11-21 20:24:37,615 - Processing file: blur_902.png
2024-11-21 20:24:38,265 - Processing file: blur_903.png
2024-11-21 20:24:38,927 - Processing file: blur_904.png
2024-11-21 20:24:39,579 - Processing file: blur_905.png
2024-11-21 20:24:40,233 - Processing file: blur_906.png
2024-11-21 20:24:40,884 - Processing file: blur_907.png
2024-11-21 20:24:41,540 - Processing file: blur_908.png
2024-11-21 20:24:42,197 - Processing file: blur_909.png
2024-11-21 20:24:42,850 - Processing file: blur_910.png
2024-11-21 20:24:43,501 - Processing file: blur_911.png
2024-11-21 20:24:44,150 - Processing file: blur_912.png
2024-11-21 20:24:44,808 - Processing file: blur_913.png
2024-11-21 20:24:45,465 - Processing file: blur_914.png
2024-11-21 20:24:46,115 - Processing file: blur_915.png
2024-11-21 20:24:46,770 - Processing file: blur_916.png
2024-11-21 20:24:47,429 - Processing file: blur_917.png
2024-11-21 20:24:48,110 - Processing file: blur_918.png
2024-11-21 20:24:48,788 - Processing file: blur_919.png
2024-11-21 20:24:49,463 - Processing file: blur_920.png
2024-11-21 20:24:50,138 - Processing file: blur_921.png
2024-11-21 20:24:50,779 - Processing file: blur_922.png
2024-11-21 20:24:51,427 - Processing file: blur_923.png
2024-11-21 20:24:52,073 - Processing file: blur_924.png
2024-11-21 20:24:52,735 - Processing file: blur_925.png
2024-11-21 20:24:53,367 - Processing file: blur_926.png
2024-11-21 20:24:54,027 - Processing file: blur_927.png
2024-11-21 20:24:54,679 - Processing file: blur_928.png
2024-11-21 20:24:55,332 - Processing file: blur_929.png
2024-11-21 20:24:55,989 - Processing file: blur_930.png
2024-11-21 20:24:56,640 - Processing file: blur_931.png
2024-11-21 20:24:57,294 - Processing file: blur_932.png
2024-11-21 20:24:57,936 - Processing file: blur_933.png
2024-11-21 20:24:58,592 - Processing file: blur_934.png
2024-11-21 20:24:59,240 - Processing file: blur_935.png
2024-11-21 20:24:59,891 - Processing file: blur_936.png
2024-11-21 20:25:00,520 - Processing file: blur_937.png
2024-11-21 20:25:01,143 - Processing file: blur_938.png
2024-11-21 20:25:01,806 - Processing file: blur_939.png
2024-11-21 20:25:02,456 - Processing file: blur_940.png
2024-11-21 20:25:03,116 - Processing file: blur_941.png
2024-11-21 20:25:03,769 - Processing file: blur_942.png
2024-11-21 20:25:04,423 - Processing file: blur_943.png
2024-11-21 20:25:05,080 - Processing file: blur_944.png
2024-11-21 20:25:05,737 - Processing file: blur_945.png
2024-11-21 20:25:06,395 - Processing file: blur_946.png
2024-11-21 20:25:07,043 - Processing file: blur_947.png
2024-11-21 20:25:07,690 - Processing file: blur_948.png
2024-11-21 20:25:08,340 - Processing file: blur_949.png
2024-11-21 20:25:08,996 - Processing file: blur_950.png
2024-11-21 20:25:09,650 - Processing file: blur_951.png
2024-11-21 20:25:10,299 - Processing file: blur_952.png
2024-11-21 20:25:10,968 - Processing file: blur_953.png
2024-11-21 20:25:11,634 - Processing file: blur_954.png
2024-11-21 20:25:12,284 - Processing file: blur_955.png
2024-11-21 20:25:12,956 - Processing file: blur_956.png
2024-11-21 20:25:13,613 - Processing file: blur_957.png
2024-11-21 20:25:14,266 - Processing file: blur_958.png
2024-11-21 20:25:14,919 - Processing file: blur_959.png
2024-11-21 20:25:15,580 - Processing file: blur_960.png
2024-11-21 20:25:16,242 - Processing file: blur_961.png
2024-11-21 20:25:16,867 - Processing file: blur_962.png
2024-11-21 20:25:17,515 - Processing file: blur_963.png
2024-11-21 20:25:18,162 - Processing file: blur_964.png
2024-11-21 20:25:18,792 - Processing file: blur_965.png
2024-11-21 20:25:19,421 - Processing file: blur_966.png
2024-11-21 20:25:20,074 - Processing file: blur_967.png
2024-11-21 20:25:20,703 - Processing file: blur_968.png
2024-11-21 20:25:21,355 - Processing file: blur_969.png
2024-11-21 20:25:21,989 - Processing file: blur_970.png
2024-11-21 20:25:22,601 - Processing file: blur_971.png
2024-11-21 20:25:23,235 - Processing file: blur_972.png
2024-11-21 20:25:23,866 - Processing file: blur_973.png
2024-11-21 20:25:24,499 - Processing file: blur_974.png
2024-11-21 20:25:25,135 - Processing file: blur_975.png
2024-11-21 20:25:25,813 - Processing file: blur_976.png
2024-11-21 20:25:26,465 - Processing file: blur_977.png
2024-11-21 20:25:27,096 - Processing file: blur_978.png
2024-11-21 20:25:27,726 - Processing file: blur_979.png
2024-11-21 20:25:28,364 - Processing file: blur_980.png
2024-11-21 20:25:28,975 - Inference completed in 661.33 seconds.
2024-11-21 20:25:28,975 - Overall Metrics - PSNR: 33.9975, SSIM: 0.9461, MAE: 0.0091, LPIPS: 0.0422, DeltaE: 0.8392
