2024-11-20 23:24:20,201 - ==========================================
2024-11-20 23:24:20,201 - Starting inference for model: motion_deblurring, dataset: RealBlur-R
2024-11-20 23:24:20,201 - Input Directory: ./inference/dataset/motion/testrealblur/RealBlur-R
2024-11-20 23:24:20,201 - Results Directory: ./inference/results/motion/testrealblur/RealBlur-R
2024-11-20 23:24:20,201 - ==========================================
2024-11-20 23:24:20,233 - Found 980 input images and 980 target images.
2024-11-20 23:24:20,238 - Processing file: blur_1.png
2024-11-20 23:24:22,851 - Processing file: blur_2.png
2024-11-20 23:24:24,020 - Processing file: blur_3.png
2024-11-20 23:24:25,147 - Processing file: blur_4.png
2024-11-20 23:24:26,273 - Processing file: blur_5.png
2024-11-20 23:24:27,427 - Processing file: blur_6.png
2024-11-20 23:24:28,570 - Processing file: blur_7.png
2024-11-20 23:24:29,641 - Processing file: blur_8.png
2024-11-20 23:24:30,812 - Processing file: blur_9.png
2024-11-20 23:24:31,979 - Processing file: blur_10.png
2024-11-20 23:24:33,144 - Processing file: blur_11.png
2024-11-20 23:24:34,275 - Processing file: blur_12.png
2024-11-20 23:24:35,455 - Processing file: blur_13.png
2024-11-20 23:24:36,618 - Processing file: blur_14.png
2024-11-20 23:24:37,723 - Processing file: blur_15.png
2024-11-20 23:24:38,889 - Processing file: blur_16.png
2024-11-20 23:24:40,056 - Processing file: blur_17.png
2024-11-20 23:24:41,209 - Processing file: blur_18.png
2024-11-20 23:24:42,376 - Processing file: blur_19.png
2024-11-20 23:24:43,507 - Processing file: blur_20.png
2024-11-20 23:24:44,629 - Processing file: blur_21.png
2024-11-20 23:24:45,830 - Processing file: blur_22.png
2024-11-20 23:24:47,045 - Processing file: blur_23.png
2024-11-20 23:24:48,153 - Processing file: blur_24.png
2024-11-20 23:24:49,343 - Processing file: blur_25.png
2024-11-20 23:24:50,527 - Processing file: blur_26.png
2024-11-20 23:24:51,727 - Processing file: blur_27.png
2024-11-20 23:24:52,898 - Processing file: blur_28.png
2024-11-20 23:24:54,043 - Processing file: blur_29.png
2024-11-20 23:24:55,215 - Processing file: blur_30.png
2024-11-20 23:24:56,365 - Processing file: blur_31.png
2024-11-20 23:24:57,519 - Processing file: blur_32.png
2024-11-20 23:24:58,673 - Processing file: blur_33.png
2024-11-20 23:24:59,869 - Processing file: blur_34.png
2024-11-20 23:25:01,037 - Processing file: blur_35.png
2024-11-20 23:25:02,191 - Processing file: blur_36.png
2024-11-20 23:25:03,375 - Processing file: blur_37.png
2024-11-20 23:25:04,596 - Processing file: blur_38.png
2024-11-20 23:25:05,889 - Processing file: blur_39.png
2024-11-20 23:25:07,134 - Processing file: blur_40.png
2024-11-20 23:25:08,365 - Processing file: blur_41.png
2024-11-20 23:25:09,502 - Processing file: blur_42.png
2024-11-20 23:25:10,676 - Processing file: blur_43.png
2024-11-20 23:25:11,846 - Processing file: blur_44.png
2024-11-20 23:25:13,026 - Processing file: blur_45.png
2024-11-20 23:25:14,191 - Processing file: blur_46.png
2024-11-20 23:25:15,341 - Processing file: blur_47.png
2024-11-20 23:25:16,505 - Processing file: blur_48.png
2024-11-20 23:25:17,646 - Processing file: blur_49.png
2024-11-20 23:25:18,811 - Processing file: blur_50.png
2024-11-20 23:25:19,952 - Processing file: blur_51.png
2024-11-20 23:25:21,100 - Processing file: blur_52.png
2024-11-20 23:25:22,283 - Processing file: blur_53.png
2024-11-20 23:25:23,457 - Processing file: blur_54.png
2024-11-20 23:25:24,648 - Processing file: blur_55.png
2024-11-20 23:25:25,839 - Processing file: blur_56.png
2024-11-20 23:25:26,989 - Processing file: blur_57.png
2024-11-20 23:25:28,174 - Processing file: blur_58.png
2024-11-20 23:25:29,342 - Processing file: blur_59.png
2024-11-20 23:25:30,530 - Processing file: blur_60.png
2024-11-20 23:25:31,730 - Processing file: blur_61.png
2024-11-20 23:25:32,875 - Processing file: blur_62.png
2024-11-20 23:25:34,044 - Processing file: blur_63.png
2024-11-20 23:25:35,237 - Processing file: blur_64.png
2024-11-20 23:25:36,455 - Processing file: blur_65.png
2024-11-20 23:25:37,641 - Processing file: blur_66.png
2024-11-20 23:25:38,764 - Processing file: blur_67.png
2024-11-20 23:25:39,922 - Processing file: blur_68.png
2024-11-20 23:25:41,117 - Processing file: blur_69.png
2024-11-20 23:25:42,271 - Processing file: blur_70.png
2024-11-20 23:25:43,477 - Processing file: blur_71.png
2024-11-20 23:25:44,637 - Processing file: blur_72.png
2024-11-20 23:25:45,790 - Processing file: blur_73.png
2024-11-20 23:25:46,962 - Processing file: blur_74.png
2024-11-20 23:25:48,190 - Processing file: blur_75.png
2024-11-20 23:25:49,487 - Processing file: blur_76.png
2024-11-20 23:25:50,771 - Processing file: blur_77.png
2024-11-20 23:25:52,030 - Processing file: blur_78.png
2024-11-20 23:25:53,183 - Processing file: blur_79.png
2024-11-20 23:25:54,355 - Processing file: blur_80.png
2024-11-20 23:25:55,522 - Processing file: blur_81.png
2024-11-20 23:25:56,708 - Processing file: blur_82.png
2024-11-20 23:25:57,915 - Processing file: blur_83.png
2024-11-20 23:25:59,091 - Processing file: blur_84.png
2024-11-20 23:26:00,258 - Processing file: blur_85.png
2024-11-20 23:26:01,498 - Processing file: blur_86.png
2024-11-20 23:26:02,671 - Processing file: blur_87.png
2024-11-20 23:26:03,808 - Processing file: blur_88.png
2024-11-20 23:26:04,968 - Processing file: blur_89.png
2024-11-20 23:26:06,135 - Processing file: blur_90.png
2024-11-20 23:26:07,290 - Processing file: blur_91.png
2024-11-20 23:26:08,463 - Processing file: blur_92.png
2024-11-20 23:26:09,607 - Processing file: blur_93.png
2024-11-20 23:26:10,757 - Processing file: blur_94.png
2024-11-20 23:26:11,923 - Processing file: blur_95.png
2024-11-20 23:26:13,097 - Processing file: blur_96.png
2024-11-20 23:26:14,301 - Processing file: blur_97.png
2024-11-20 23:26:15,453 - Processing file: blur_98.png
2024-11-20 23:26:16,610 - Processing file: blur_99.png
2024-11-20 23:26:17,777 - Processing file: blur_100.png
2024-11-20 23:26:18,974 - Processing file: blur_101.png
2024-11-20 23:26:20,141 - Processing file: blur_102.png
2024-11-20 23:26:21,297 - Processing file: blur_103.png
2024-11-20 23:26:22,483 - Processing file: blur_104.png
2024-11-20 23:26:23,687 - Processing file: blur_105.png
2024-11-20 23:26:24,801 - Processing file: blur_106.png
2024-11-20 23:26:25,970 - Processing file: blur_107.png
2024-11-20 23:26:27,152 - Processing file: blur_108.png
2024-11-20 23:26:28,319 - Processing file: blur_109.png
2024-11-20 23:26:29,505 - Processing file: blur_110.png
2024-11-20 23:26:30,690 - Processing file: blur_111.png
2024-11-20 23:26:31,887 - Processing file: blur_112.png
2024-11-20 23:26:33,121 - Processing file: blur_113.png
2024-11-20 23:26:34,440 - Processing file: blur_114.png
2024-11-20 23:26:35,680 - Processing file: blur_115.png
2024-11-20 23:26:36,940 - Processing file: blur_116.png
2024-11-20 23:26:38,122 - Processing file: blur_117.png
2024-11-20 23:26:39,304 - Processing file: blur_118.png
2024-11-20 23:26:40,470 - Processing file: blur_119.png
2024-11-20 23:26:41,623 - Processing file: blur_120.png
2024-11-20 23:26:42,791 - Processing file: blur_121.png
2024-11-20 23:26:43,979 - Processing file: blur_122.png
2024-11-20 23:26:45,142 - Processing file: blur_123.png
2024-11-20 23:26:46,344 - Processing file: blur_124.png
2024-11-20 23:26:47,576 - Processing file: blur_125.png
2024-11-20 23:26:48,749 - Processing file: blur_126.png
2024-11-20 23:26:49,923 - Processing file: blur_127.png
2024-11-20 23:26:51,108 - Processing file: blur_128.png
2024-11-20 23:26:52,276 - Processing file: blur_129.png
2024-11-20 23:26:53,463 - Processing file: blur_130.png
2024-11-20 23:26:54,648 - Processing file: blur_131.png
2024-11-20 23:26:55,764 - Processing file: blur_132.png
2024-11-20 23:26:56,921 - Processing file: blur_133.png
2024-11-20 23:26:58,086 - Processing file: blur_134.png
2024-11-20 23:26:59,256 - Processing file: blur_135.png
2024-11-20 23:27:00,451 - Processing file: blur_136.png
2024-11-20 23:27:01,603 - Processing file: blur_137.png
2024-11-20 23:27:02,775 - Processing file: blur_138.png
2024-11-20 23:27:03,930 - Processing file: blur_139.png
2024-11-20 23:27:05,072 - Processing file: blur_140.png
2024-11-20 23:27:06,222 - Processing file: blur_141.png
2024-11-20 23:27:07,342 - Processing file: blur_142.png
2024-11-20 23:27:08,474 - Processing file: blur_143.png
2024-11-20 23:27:09,591 - Processing file: blur_144.png
2024-11-20 23:27:10,760 - Processing file: blur_145.png
2024-11-20 23:27:11,931 - Processing file: blur_146.png
2024-11-20 23:27:13,119 - Processing file: blur_147.png
2024-11-20 23:27:14,266 - Processing file: blur_148.png
2024-11-20 23:27:15,477 - Processing file: blur_149.png
2024-11-20 23:27:16,718 - Processing file: blur_150.png
2024-11-20 23:27:18,066 - Processing file: blur_151.png
2024-11-20 23:27:19,328 - Processing file: blur_152.png
2024-11-20 23:27:20,558 - Processing file: blur_153.png
2024-11-20 23:27:21,747 - Processing file: blur_154.png
2024-11-20 23:27:22,978 - Processing file: blur_155.png
2024-11-20 23:27:24,236 - Processing file: blur_156.png
2024-11-20 23:27:25,406 - Processing file: blur_157.png
2024-11-20 23:27:26,603 - Processing file: blur_158.png
2024-11-20 23:27:27,758 - Processing file: blur_159.png
2024-11-20 23:27:28,893 - Processing file: blur_160.png
2024-11-20 23:27:30,031 - Processing file: blur_161.png
2024-11-20 23:27:31,172 - Processing file: blur_162.png
2024-11-20 23:27:32,306 - Processing file: blur_163.png
2024-11-20 23:27:33,504 - Processing file: blur_164.png
2024-11-20 23:27:34,646 - Processing file: blur_165.png
2024-11-20 23:27:35,782 - Processing file: blur_166.png
2024-11-20 23:27:36,976 - Processing file: blur_167.png
2024-11-20 23:27:38,173 - Processing file: blur_168.png
2024-11-20 23:27:39,310 - Processing file: blur_169.png
2024-11-20 23:27:40,492 - Processing file: blur_170.png
2024-11-20 23:27:41,609 - Processing file: blur_171.png
2024-11-20 23:27:42,793 - Processing file: blur_172.png
2024-11-20 23:27:43,918 - Processing file: blur_173.png
2024-11-20 23:27:45,041 - Processing file: blur_174.png
2024-11-20 23:27:46,191 - Processing file: blur_175.png
2024-11-20 23:27:47,350 - Processing file: blur_176.png
2024-11-20 23:27:48,500 - Processing file: blur_177.png
2024-11-20 23:27:49,722 - Processing file: blur_178.png
2024-11-20 23:27:50,920 - Processing file: blur_179.png
2024-11-20 23:27:52,081 - Processing file: blur_180.png
2024-11-20 23:27:53,324 - Processing file: blur_181.png
2024-11-20 23:27:54,491 - Processing file: blur_182.png
2024-11-20 23:27:55,645 - Processing file: blur_183.png
2024-11-20 23:27:56,805 - Processing file: blur_184.png
2024-11-20 23:27:57,979 - Processing file: blur_185.png
2024-11-20 23:27:59,155 - Processing file: blur_186.png
2024-11-20 23:28:00,356 - Processing file: blur_187.png
2024-11-20 23:28:01,608 - Processing file: blur_188.png
2024-11-20 23:28:02,882 - Processing file: blur_189.png
2024-11-20 23:28:04,113 - Processing file: blur_190.png
2024-11-20 23:28:05,266 - Processing file: blur_191.png
2024-11-20 23:28:06,433 - Processing file: blur_192.png
2024-11-20 23:28:07,681 - Processing file: blur_193.png
2024-11-20 23:28:08,858 - Processing file: blur_194.png
2024-11-20 23:28:10,031 - Processing file: blur_195.png
2024-11-20 23:28:11,181 - Processing file: blur_196.png
2024-11-20 23:28:12,284 - Processing file: blur_197.png
2024-11-20 23:28:13,444 - Processing file: blur_198.png
2024-11-20 23:28:14,680 - Processing file: blur_199.png
2024-11-20 23:28:15,840 - Processing file: blur_200.png
2024-11-20 23:28:17,009 - Processing file: blur_201.png
2024-11-20 23:28:18,179 - Processing file: blur_202.png
2024-11-20 23:28:19,361 - Processing file: blur_203.png
2024-11-20 23:28:20,460 - Processing file: blur_204.png
2024-11-20 23:28:21,641 - Processing file: blur_205.png
2024-11-20 23:28:22,808 - Processing file: blur_206.png
2024-11-20 23:28:23,942 - Processing file: blur_207.png
2024-11-20 23:28:25,115 - Processing file: blur_208.png
2024-11-20 23:28:26,292 - Processing file: blur_209.png
2024-11-20 23:28:27,472 - Processing file: blur_210.png
2024-11-20 23:28:28,634 - Processing file: blur_211.png
2024-11-20 23:28:29,702 - Processing file: blur_212.png
2024-11-20 23:28:30,895 - Processing file: blur_213.png
2024-11-20 23:28:32,071 - Processing file: blur_214.png
2024-11-20 23:28:33,286 - Processing file: blur_215.png
2024-11-20 23:28:34,456 - Processing file: blur_216.png
2024-11-20 23:28:35,680 - Processing file: blur_217.png
2024-11-20 23:28:36,843 - Processing file: blur_218.png
2024-11-20 23:28:38,042 - Processing file: blur_219.png
2024-11-20 23:28:39,280 - Processing file: blur_220.png
2024-11-20 23:28:40,437 - Processing file: blur_221.png
2024-11-20 23:28:41,600 - Processing file: blur_222.png
2024-11-20 23:28:42,771 - Processing file: blur_223.png
2024-11-20 23:28:44,008 - Processing file: blur_224.png
2024-11-20 23:28:45,328 - Processing file: blur_225.png
2024-11-20 23:28:46,614 - Processing file: blur_226.png
2024-11-20 23:28:47,852 - Processing file: blur_227.png
2024-11-20 23:28:49,014 - Processing file: blur_228.png
2024-11-20 23:28:50,209 - Processing file: blur_229.png
2024-11-20 23:28:51,384 - Processing file: blur_230.png
2024-11-20 23:28:52,580 - Processing file: blur_231.png
2024-11-20 23:28:53,751 - Processing file: blur_232.png
2024-11-20 23:28:54,947 - Processing file: blur_233.png
2024-11-20 23:28:56,113 - Processing file: blur_234.png
2024-11-20 23:28:57,240 - Processing file: blur_235.png
2024-11-20 23:28:58,336 - Processing file: blur_236.png
2024-11-20 23:28:59,450 - Processing file: blur_237.png
2024-11-20 23:29:00,581 - Processing file: blur_238.png
2024-11-20 23:29:01,716 - Processing file: blur_239.png
2024-11-20 23:29:02,867 - Processing file: blur_240.png
2024-11-20 23:29:03,992 - Processing file: blur_241.png
2024-11-20 23:29:05,128 - Processing file: blur_242.png
2024-11-20 23:29:06,247 - Processing file: blur_243.png
2024-11-20 23:29:07,400 - Processing file: blur_244.png
2024-11-20 23:29:08,548 - Processing file: blur_245.png
2024-11-20 23:29:09,687 - Processing file: blur_246.png
2024-11-20 23:29:10,783 - Processing file: blur_247.png
2024-11-20 23:29:11,933 - Processing file: blur_248.png
2024-11-20 23:29:13,087 - Processing file: blur_249.png
2024-11-20 23:29:14,278 - Processing file: blur_250.png
2024-11-20 23:29:15,430 - Processing file: blur_251.png
2024-11-20 23:29:16,627 - Processing file: blur_252.png
2024-11-20 23:29:17,772 - Processing file: blur_253.png
2024-11-20 23:29:18,966 - Processing file: blur_254.png
2024-11-20 23:29:20,185 - Processing file: blur_255.png
2024-11-20 23:29:21,390 - Processing file: blur_256.png
2024-11-20 23:29:22,562 - Processing file: blur_257.png
2024-11-20 23:29:23,732 - Processing file: blur_258.png
2024-11-20 23:29:24,952 - Processing file: blur_259.png
2024-11-20 23:29:26,113 - Processing file: blur_260.png
2024-11-20 23:29:27,252 - Processing file: blur_261.png
2024-11-20 23:29:28,455 - Processing file: blur_262.png
2024-11-20 23:29:29,805 - Processing file: blur_263.png
2024-11-20 23:29:31,050 - Processing file: blur_264.png
2024-11-20 23:29:32,276 - Processing file: blur_265.png
2024-11-20 23:29:33,399 - Processing file: blur_266.png
2024-11-20 23:29:34,549 - Processing file: blur_267.png
2024-11-20 23:29:35,710 - Processing file: blur_268.png
2024-11-20 23:29:36,923 - Processing file: blur_269.png
2024-11-20 23:29:38,143 - Processing file: blur_270.png
2024-11-20 23:29:39,276 - Processing file: blur_271.png
2024-11-20 23:29:40,459 - Processing file: blur_272.png
2024-11-20 23:29:41,626 - Processing file: blur_273.png
2024-11-20 23:29:42,817 - Processing file: blur_274.png
2024-11-20 23:29:44,043 - Processing file: blur_275.png
2024-11-20 23:29:45,236 - Processing file: blur_276.png
2024-11-20 23:29:46,449 - Processing file: blur_277.png
2024-11-20 23:29:47,627 - Processing file: blur_278.png
2024-11-20 23:29:48,827 - Processing file: blur_279.png
2024-11-20 23:29:50,042 - Processing file: blur_280.png
2024-11-20 23:29:51,214 - Processing file: blur_281.png
2024-11-20 23:29:52,376 - Processing file: blur_282.png
2024-11-20 23:29:53,550 - Processing file: blur_283.png
2024-11-20 23:29:54,738 - Processing file: blur_284.png
2024-11-20 23:29:55,886 - Processing file: blur_285.png
2024-11-20 23:29:57,060 - Processing file: blur_286.png
2024-11-20 23:29:58,251 - Processing file: blur_287.png
2024-11-20 23:29:59,426 - Processing file: blur_288.png
2024-11-20 23:30:00,566 - Processing file: blur_289.png
2024-11-20 23:30:01,792 - Processing file: blur_290.png
2024-11-20 23:30:02,999 - Processing file: blur_291.png
2024-11-20 23:30:04,183 - Processing file: blur_292.png
2024-11-20 23:30:05,369 - Processing file: blur_293.png
2024-11-20 23:30:06,529 - Processing file: blur_294.png
2024-11-20 23:30:07,733 - Processing file: blur_295.png
2024-11-20 23:30:08,881 - Processing file: blur_296.png
2024-11-20 23:30:10,054 - Processing file: blur_297.png
2024-11-20 23:30:11,237 - Processing file: blur_298.png
2024-11-20 23:30:12,462 - Processing file: blur_299.png
2024-11-20 23:30:13,758 - Processing file: blur_300.png
2024-11-20 23:30:15,048 - Processing file: blur_301.png
2024-11-20 23:30:16,277 - Processing file: blur_302.png
2024-11-20 23:30:17,464 - Processing file: blur_303.png
2024-11-20 23:30:18,616 - Processing file: blur_304.png
2024-11-20 23:30:19,798 - Processing file: blur_305.png
2024-11-20 23:30:20,967 - Processing file: blur_306.png
2024-11-20 23:30:22,129 - Processing file: blur_307.png
2024-11-20 23:30:23,337 - Processing file: blur_308.png
2024-11-20 23:30:24,511 - Processing file: blur_309.png
2024-11-20 23:30:25,726 - Processing file: blur_310.png
2024-11-20 23:30:26,888 - Processing file: blur_311.png
2024-11-20 23:30:28,046 - Processing file: blur_312.png
2024-11-20 23:30:29,305 - Processing file: blur_313.png
2024-11-20 23:30:30,476 - Processing file: blur_314.png
2024-11-20 23:30:31,596 - Processing file: blur_315.png
2024-11-20 23:30:32,751 - Processing file: blur_316.png
2024-11-20 23:30:33,846 - Processing file: blur_317.png
2024-11-20 23:30:35,020 - Processing file: blur_318.png
2024-11-20 23:30:36,172 - Processing file: blur_319.png
2024-11-20 23:30:37,340 - Processing file: blur_320.png
2024-11-20 23:30:38,573 - Processing file: blur_321.png
2024-11-20 23:30:39,736 - Processing file: blur_322.png
2024-11-20 23:30:40,860 - Processing file: blur_323.png
2024-11-20 23:30:42,027 - Processing file: blur_324.png
2024-11-20 23:30:43,228 - Processing file: blur_325.png
2024-11-20 23:30:44,399 - Processing file: blur_326.png
2024-11-20 23:30:45,609 - Processing file: blur_327.png
2024-11-20 23:30:46,734 - Processing file: blur_328.png
2024-11-20 23:30:47,921 - Processing file: blur_329.png
2024-11-20 23:30:49,129 - Processing file: blur_330.png
2024-11-20 23:30:50,283 - Processing file: blur_331.png
2024-11-20 23:30:51,453 - Processing file: blur_332.png
2024-11-20 23:30:52,675 - Processing file: blur_333.png
2024-11-20 23:30:53,866 - Processing file: blur_334.png
2024-11-20 23:30:55,026 - Processing file: blur_335.png
2024-11-20 23:30:56,189 - Processing file: blur_336.png
2024-11-20 23:30:57,342 - Processing file: blur_337.png
2024-11-20 23:30:58,633 - Processing file: blur_338.png
2024-11-20 23:30:59,893 - Processing file: blur_339.png
2024-11-20 23:31:01,180 - Processing file: blur_340.png
2024-11-20 23:31:02,411 - Processing file: blur_341.png
2024-11-20 23:31:03,545 - Processing file: blur_342.png
2024-11-20 23:31:04,695 - Processing file: blur_343.png
2024-11-20 23:31:05,901 - Processing file: blur_344.png
2024-11-20 23:31:07,095 - Processing file: blur_345.png
2024-11-20 23:31:08,300 - Processing file: blur_346.png
2024-11-20 23:31:09,512 - Processing file: blur_347.png
2024-11-20 23:31:10,725 - Processing file: blur_348.png
2024-11-20 23:31:11,887 - Processing file: blur_349.png
2024-11-20 23:31:13,088 - Processing file: blur_350.png
2024-11-20 23:31:14,320 - Processing file: blur_351.png
2024-11-20 23:31:15,460 - Processing file: blur_352.png
2024-11-20 23:31:16,642 - Processing file: blur_353.png
2024-11-20 23:31:17,806 - Processing file: blur_354.png
2024-11-20 23:31:18,966 - Processing file: blur_355.png
2024-11-20 23:31:20,167 - Processing file: blur_356.png
2024-11-20 23:31:21,339 - Processing file: blur_357.png
2024-11-20 23:31:22,509 - Processing file: blur_358.png
2024-11-20 23:31:23,698 - Processing file: blur_359.png
2024-11-20 23:31:24,874 - Processing file: blur_360.png
2024-11-20 23:31:26,097 - Processing file: blur_361.png
2024-11-20 23:31:27,242 - Processing file: blur_362.png
2024-11-20 23:31:28,368 - Processing file: blur_363.png
2024-11-20 23:31:29,591 - Processing file: blur_364.png
2024-11-20 23:31:30,707 - Processing file: blur_365.png
2024-11-20 23:31:31,882 - Processing file: blur_366.png
2024-11-20 23:31:33,069 - Processing file: blur_367.png
2024-11-20 23:31:34,237 - Processing file: blur_368.png
2024-11-20 23:31:35,390 - Processing file: blur_369.png
2024-11-20 23:31:36,532 - Processing file: blur_370.png
2024-11-20 23:31:37,705 - Processing file: blur_371.png
2024-11-20 23:31:38,887 - Processing file: blur_372.png
2024-11-20 23:31:40,046 - Processing file: blur_373.png
2024-11-20 23:31:41,269 - Processing file: blur_374.png
2024-11-20 23:31:42,533 - Processing file: blur_375.png
2024-11-20 23:31:43,768 - Processing file: blur_376.png
2024-11-20 23:31:44,983 - Processing file: blur_377.png
2024-11-20 23:31:46,164 - Processing file: blur_378.png
2024-11-20 23:31:47,334 - Processing file: blur_379.png
2024-11-20 23:31:48,486 - Processing file: blur_380.png
2024-11-20 23:31:49,652 - Processing file: blur_381.png
2024-11-20 23:31:50,803 - Processing file: blur_382.png
2024-11-20 23:31:51,984 - Processing file: blur_383.png
2024-11-20 23:31:53,129 - Processing file: blur_384.png
2024-11-20 23:31:54,301 - Processing file: blur_385.png
2024-11-20 23:31:55,440 - Processing file: blur_386.png
2024-11-20 23:31:56,625 - Processing file: blur_387.png
2024-11-20 23:31:57,811 - Processing file: blur_388.png
2024-11-20 23:31:58,962 - Processing file: blur_389.png
2024-11-20 23:32:00,144 - Processing file: blur_390.png
2024-11-20 23:32:01,318 - Processing file: blur_391.png
2024-11-20 23:32:02,479 - Processing file: blur_392.png
2024-11-20 23:32:03,648 - Processing file: blur_393.png
2024-11-20 23:32:04,802 - Processing file: blur_394.png
2024-11-20 23:32:05,953 - Processing file: blur_395.png
2024-11-20 23:32:07,086 - Processing file: blur_396.png
2024-11-20 23:32:08,254 - Processing file: blur_397.png
2024-11-20 23:32:09,414 - Processing file: blur_398.png
2024-11-20 23:32:10,553 - Processing file: blur_399.png
2024-11-20 23:32:11,714 - Processing file: blur_400.png
2024-11-20 23:32:12,912 - Processing file: blur_401.png
2024-11-20 23:32:14,013 - Processing file: blur_402.png
2024-11-20 23:32:15,198 - Processing file: blur_403.png
2024-11-20 23:32:16,343 - Processing file: blur_404.png
2024-11-20 23:32:17,543 - Processing file: blur_405.png
2024-11-20 23:32:18,723 - Processing file: blur_406.png
2024-11-20 23:32:19,900 - Processing file: blur_407.png
2024-11-20 23:32:21,102 - Processing file: blur_408.png
2024-11-20 23:32:22,291 - Processing file: blur_409.png
2024-11-20 23:32:23,490 - Processing file: blur_410.png
2024-11-20 23:32:24,685 - Processing file: blur_411.png
2024-11-20 23:32:26,002 - Processing file: blur_412.png
2024-11-20 23:32:27,293 - Processing file: blur_413.png
2024-11-20 23:32:28,583 - Processing file: blur_414.png
2024-11-20 23:32:29,706 - Processing file: blur_415.png
2024-11-20 23:32:30,917 - Processing file: blur_416.png
2024-11-20 23:32:32,076 - Processing file: blur_417.png
2024-11-20 23:32:33,217 - Processing file: blur_418.png
2024-11-20 23:32:34,378 - Processing file: blur_419.png
2024-11-20 23:32:35,571 - Processing file: blur_420.png
2024-11-20 23:32:36,794 - Processing file: blur_421.png
2024-11-20 23:32:37,968 - Processing file: blur_422.png
2024-11-20 23:32:39,177 - Processing file: blur_423.png
2024-11-20 23:32:40,355 - Processing file: blur_424.png
2024-11-20 23:32:41,577 - Processing file: blur_425.png
2024-11-20 23:32:42,785 - Processing file: blur_426.png
2024-11-20 23:32:43,954 - Processing file: blur_427.png
2024-11-20 23:32:45,137 - Processing file: blur_428.png
2024-11-20 23:32:46,336 - Processing file: blur_429.png
2024-11-20 23:32:47,524 - Processing file: blur_430.png
2024-11-20 23:32:48,678 - Processing file: blur_431.png
2024-11-20 23:32:49,886 - Processing file: blur_432.png
2024-11-20 23:32:51,072 - Processing file: blur_433.png
2024-11-20 23:32:52,276 - Processing file: blur_434.png
2024-11-20 23:32:53,443 - Processing file: blur_435.png
2024-11-20 23:32:54,651 - Processing file: blur_436.png
2024-11-20 23:32:55,809 - Processing file: blur_437.png
2024-11-20 23:32:56,957 - Processing file: blur_438.png
2024-11-20 23:32:58,141 - Processing file: blur_439.png
2024-11-20 23:32:59,332 - Processing file: blur_440.png
2024-11-20 23:33:00,497 - Processing file: blur_441.png
2024-11-20 23:33:01,674 - Processing file: blur_442.png
2024-11-20 23:33:02,822 - Processing file: blur_443.png
2024-11-20 23:33:03,992 - Processing file: blur_444.png
2024-11-20 23:33:05,152 - Processing file: blur_445.png
2024-11-20 23:33:06,306 - Processing file: blur_446.png
2024-11-20 23:33:07,443 - Processing file: blur_447.png
2024-11-20 23:33:08,642 - Processing file: blur_448.png
2024-11-20 23:33:09,861 - Processing file: blur_449.png
2024-11-20 23:33:11,142 - Processing file: blur_450.png
2024-11-20 23:33:12,413 - Processing file: blur_451.png
2024-11-20 23:33:13,658 - Processing file: blur_452.png
2024-11-20 23:33:14,862 - Processing file: blur_453.png
2024-11-20 23:33:16,029 - Processing file: blur_454.png
2024-11-20 23:33:17,217 - Processing file: blur_455.png
2024-11-20 23:33:18,407 - Processing file: blur_456.png
2024-11-20 23:33:19,587 - Processing file: blur_457.png
2024-11-20 23:33:20,727 - Processing file: blur_458.png
2024-11-20 23:33:21,878 - Processing file: blur_459.png
2024-11-20 23:33:23,058 - Processing file: blur_460.png
2024-11-20 23:33:24,201 - Processing file: blur_461.png
2024-11-20 23:33:25,368 - Processing file: blur_462.png
2024-11-20 23:33:26,544 - Processing file: blur_463.png
2024-11-20 23:33:27,655 - Processing file: blur_464.png
2024-11-20 23:33:28,856 - Processing file: blur_465.png
2024-11-20 23:33:29,994 - Processing file: blur_466.png
2024-11-20 23:33:31,137 - Processing file: blur_467.png
2024-11-20 23:33:32,325 - Processing file: blur_468.png
2024-11-20 23:33:33,495 - Processing file: blur_469.png
2024-11-20 23:33:34,661 - Processing file: blur_470.png
2024-11-20 23:33:35,893 - Processing file: blur_471.png
2024-11-20 23:33:37,061 - Processing file: blur_472.png
2024-11-20 23:33:38,218 - Processing file: blur_473.png
2024-11-20 23:33:39,425 - Processing file: blur_474.png
2024-11-20 23:33:40,633 - Processing file: blur_475.png
2024-11-20 23:33:41,807 - Processing file: blur_476.png
2024-11-20 23:33:42,954 - Processing file: blur_477.png
2024-11-20 23:33:44,114 - Processing file: blur_478.png
2024-11-20 23:33:45,268 - Processing file: blur_479.png
2024-11-20 23:33:46,448 - Processing file: blur_480.png
2024-11-20 23:33:47,701 - Processing file: blur_481.png
2024-11-20 23:33:48,888 - Processing file: blur_482.png
2024-11-20 23:33:50,073 - Processing file: blur_483.png
2024-11-20 23:33:51,262 - Processing file: blur_484.png
2024-11-20 23:33:52,440 - Processing file: blur_485.png
2024-11-20 23:33:53,639 - Processing file: blur_486.png
2024-11-20 23:33:54,904 - Processing file: blur_487.png
2024-11-20 23:33:56,194 - Processing file: blur_488.png
2024-11-20 23:33:57,443 - Processing file: blur_489.png
2024-11-20 23:33:58,559 - Processing file: blur_490.png
2024-11-20 23:33:59,762 - Processing file: blur_491.png
2024-11-20 23:34:00,975 - Processing file: blur_492.png
2024-11-20 23:34:02,132 - Processing file: blur_493.png
2024-11-20 23:34:03,291 - Processing file: blur_494.png
2024-11-20 23:34:04,434 - Processing file: blur_495.png
2024-11-20 23:34:05,567 - Processing file: blur_496.png
2024-11-20 23:34:06,767 - Processing file: blur_497.png
2024-11-20 23:34:07,854 - Processing file: blur_498.png
2024-11-20 23:34:09,055 - Processing file: blur_499.png
2024-11-20 23:34:10,174 - Processing file: blur_500.png
2024-11-20 23:34:11,322 - Processing file: blur_501.png
2024-11-20 23:34:12,461 - Processing file: blur_502.png
2024-11-20 23:34:13,644 - Processing file: blur_503.png
2024-11-20 23:34:14,865 - Processing file: blur_504.png
2024-11-20 23:34:16,005 - Processing file: blur_505.png
2024-11-20 23:34:17,156 - Processing file: blur_506.png
2024-11-20 23:34:18,317 - Processing file: blur_507.png
2024-11-20 23:34:19,437 - Processing file: blur_508.png
2024-11-20 23:34:20,570 - Processing file: blur_509.png
2024-11-20 23:34:21,622 - Processing file: blur_510.png
2024-11-20 23:34:22,754 - Processing file: blur_511.png
2024-11-20 23:34:23,859 - Processing file: blur_512.png
2024-11-20 23:34:24,993 - Processing file: blur_513.png
2024-11-20 23:34:26,127 - Processing file: blur_514.png
2024-11-20 23:34:27,240 - Processing file: blur_515.png
2024-11-20 23:34:28,329 - Processing file: blur_516.png
2024-11-20 23:34:29,501 - Processing file: blur_517.png
2024-11-20 23:34:30,640 - Processing file: blur_518.png
2024-11-20 23:34:31,772 - Processing file: blur_519.png
2024-11-20 23:34:32,875 - Processing file: blur_520.png
2024-11-20 23:34:34,001 - Processing file: blur_521.png
2024-11-20 23:34:35,124 - Processing file: blur_522.png
2024-11-20 23:34:36,254 - Processing file: blur_523.png
2024-11-20 23:34:37,417 - Processing file: blur_524.png
2024-11-20 23:34:38,650 - Processing file: blur_525.png
2024-11-20 23:34:39,873 - Processing file: blur_526.png
2024-11-20 23:34:41,044 - Processing file: blur_527.png
2024-11-20 23:34:42,223 - Processing file: blur_528.png
2024-11-20 23:34:43,387 - Processing file: blur_529.png
2024-11-20 23:34:44,540 - Processing file: blur_530.png
2024-11-20 23:34:45,729 - Processing file: blur_531.png
2024-11-20 23:34:46,884 - Processing file: blur_532.png
2024-11-20 23:34:48,059 - Processing file: blur_533.png
2024-11-20 23:34:49,244 - Processing file: blur_534.png
2024-11-20 23:34:50,430 - Processing file: blur_535.png
2024-11-20 23:34:51,627 - Processing file: blur_536.png
2024-11-20 23:34:52,814 - Processing file: blur_537.png
2024-11-20 23:34:54,017 - Processing file: blur_538.png
2024-11-20 23:34:55,150 - Processing file: blur_539.png
2024-11-20 23:34:56,335 - Processing file: blur_540.png
2024-11-20 23:34:57,504 - Processing file: blur_541.png
2024-11-20 23:34:58,697 - Processing file: blur_542.png
2024-11-20 23:34:59,901 - Processing file: blur_543.png
2024-11-20 23:35:01,111 - Processing file: blur_544.png
2024-11-20 23:35:02,292 - Processing file: blur_545.png
2024-11-20 23:35:03,526 - Processing file: blur_546.png
2024-11-20 23:35:04,694 - Processing file: blur_547.png
2024-11-20 23:35:05,879 - Processing file: blur_548.png
2024-11-20 23:35:07,041 - Processing file: blur_549.png
2024-11-20 23:35:08,186 - Processing file: blur_550.png
2024-11-20 23:35:09,349 - Processing file: blur_551.png
2024-11-20 23:35:10,543 - Processing file: blur_552.png
2024-11-20 23:35:11,718 - Processing file: blur_553.png
2024-11-20 23:35:12,884 - Processing file: blur_554.png
2024-11-20 23:35:14,049 - Processing file: blur_555.png
2024-11-20 23:35:15,240 - Processing file: blur_556.png
2024-11-20 23:35:16,419 - Processing file: blur_557.png
2024-11-20 23:35:17,618 - Processing file: blur_558.png
2024-11-20 23:35:18,768 - Processing file: blur_559.png
2024-11-20 23:35:19,954 - Processing file: blur_560.png
2024-11-20 23:35:21,167 - Processing file: blur_561.png
2024-11-20 23:35:22,352 - Processing file: blur_562.png
2024-11-20 23:35:23,666 - Processing file: blur_563.png
2024-11-20 23:35:24,939 - Processing file: blur_564.png
2024-11-20 23:35:26,157 - Processing file: blur_565.png
2024-11-20 23:35:27,349 - Processing file: blur_566.png
2024-11-20 23:35:28,503 - Processing file: blur_567.png
2024-11-20 23:35:29,664 - Processing file: blur_568.png
2024-11-20 23:35:30,867 - Processing file: blur_569.png
2024-11-20 23:35:32,087 - Processing file: blur_570.png
2024-11-20 23:35:33,312 - Processing file: blur_571.png
2024-11-20 23:35:34,489 - Processing file: blur_572.png
2024-11-20 23:35:35,675 - Processing file: blur_573.png
2024-11-20 23:35:36,855 - Processing file: blur_574.png
2024-11-20 23:35:38,048 - Processing file: blur_575.png
2024-11-20 23:35:39,267 - Processing file: blur_576.png
2024-11-20 23:35:40,514 - Processing file: blur_577.png
2024-11-20 23:35:41,667 - Processing file: blur_578.png
2024-11-20 23:35:42,844 - Processing file: blur_579.png
2024-11-20 23:35:44,020 - Processing file: blur_580.png
2024-11-20 23:35:45,244 - Processing file: blur_581.png
2024-11-20 23:35:46,459 - Processing file: blur_582.png
2024-11-20 23:35:47,691 - Processing file: blur_583.png
2024-11-20 23:35:48,908 - Processing file: blur_584.png
2024-11-20 23:35:50,123 - Processing file: blur_585.png
2024-11-20 23:35:51,299 - Processing file: blur_586.png
2024-11-20 23:35:52,492 - Processing file: blur_587.png
2024-11-20 23:35:53,670 - Processing file: blur_588.png
2024-11-20 23:35:54,847 - Processing file: blur_589.png
2024-11-20 23:35:56,038 - Processing file: blur_590.png
2024-11-20 23:35:57,200 - Processing file: blur_591.png
2024-11-20 23:35:58,394 - Processing file: blur_592.png
2024-11-20 23:35:59,595 - Processing file: blur_593.png
2024-11-20 23:36:00,814 - Processing file: blur_594.png
2024-11-20 23:36:01,993 - Processing file: blur_595.png
2024-11-20 23:36:03,165 - Processing file: blur_596.png
2024-11-20 23:36:04,399 - Processing file: blur_597.png
2024-11-20 23:36:05,589 - Processing file: blur_598.png
2024-11-20 23:36:06,795 - Processing file: blur_599.png
2024-11-20 23:36:08,091 - Processing file: blur_600.png
2024-11-20 23:36:09,348 - Processing file: blur_601.png
2024-11-20 23:36:10,609 - Processing file: blur_602.png
2024-11-20 23:36:11,847 - Processing file: blur_603.png
2024-11-20 23:36:13,080 - Processing file: blur_604.png
2024-11-20 23:36:14,261 - Processing file: blur_605.png
2024-11-20 23:36:15,463 - Processing file: blur_606.png
2024-11-20 23:36:16,595 - Processing file: blur_607.png
2024-11-20 23:36:17,778 - Processing file: blur_608.png
2024-11-20 23:36:18,950 - Processing file: blur_609.png
2024-11-20 23:36:20,145 - Processing file: blur_610.png
2024-11-20 23:36:21,321 - Processing file: blur_611.png
2024-11-20 23:36:22,495 - Processing file: blur_612.png
2024-11-20 23:36:23,638 - Processing file: blur_613.png
2024-11-20 23:36:24,805 - Processing file: blur_614.png
2024-11-20 23:36:25,935 - Processing file: blur_615.png
2024-11-20 23:36:27,122 - Processing file: blur_616.png
2024-11-20 23:36:28,240 - Processing file: blur_617.png
2024-11-20 23:36:29,427 - Processing file: blur_618.png
2024-11-20 23:36:30,597 - Processing file: blur_619.png
2024-11-20 23:36:31,795 - Processing file: blur_620.png
2024-11-20 23:36:32,958 - Processing file: blur_621.png
2024-11-20 23:36:34,097 - Processing file: blur_622.png
2024-11-20 23:36:35,253 - Processing file: blur_623.png
2024-11-20 23:36:36,408 - Processing file: blur_624.png
2024-11-20 23:36:37,594 - Processing file: blur_625.png
2024-11-20 23:36:38,755 - Processing file: blur_626.png
2024-11-20 23:36:39,989 - Processing file: blur_627.png
2024-11-20 23:36:41,162 - Processing file: blur_628.png
2024-11-20 23:36:42,357 - Processing file: blur_629.png
2024-11-20 23:36:43,563 - Processing file: blur_630.png
2024-11-20 23:36:44,740 - Processing file: blur_631.png
2024-11-20 23:36:45,938 - Processing file: blur_632.png
2024-11-20 23:36:47,155 - Processing file: blur_633.png
2024-11-20 23:36:48,467 - Processing file: blur_634.png
2024-11-20 23:36:49,654 - Processing file: blur_635.png
2024-11-20 23:36:50,784 - Processing file: blur_636.png
2024-11-20 23:36:52,070 - Processing file: blur_637.png
2024-11-20 23:36:53,395 - Processing file: blur_638.png
2024-11-20 23:36:54,681 - Processing file: blur_639.png
2024-11-20 23:36:55,846 - Processing file: blur_640.png
2024-11-20 23:36:57,023 - Processing file: blur_641.png
2024-11-20 23:36:58,214 - Processing file: blur_642.png
2024-11-20 23:36:59,457 - Processing file: blur_643.png
2024-11-20 23:37:00,623 - Processing file: blur_644.png
2024-11-20 23:37:01,749 - Processing file: blur_645.png
2024-11-20 23:37:02,949 - Processing file: blur_646.png
2024-11-20 23:37:04,148 - Processing file: blur_647.png
2024-11-20 23:37:05,309 - Processing file: blur_648.png
2024-11-20 23:37:06,518 - Processing file: blur_649.png
2024-11-20 23:37:07,675 - Processing file: blur_650.png
2024-11-20 23:37:08,872 - Processing file: blur_651.png
2024-11-20 23:37:10,137 - Processing file: blur_652.png
2024-11-20 23:37:11,350 - Processing file: blur_653.png
2024-11-20 23:37:12,586 - Processing file: blur_654.png
2024-11-20 23:37:13,817 - Processing file: blur_655.png
2024-11-20 23:37:15,006 - Processing file: blur_656.png
2024-11-20 23:37:16,233 - Processing file: blur_657.png
2024-11-20 23:37:17,452 - Processing file: blur_658.png
2024-11-20 23:37:18,645 - Processing file: blur_659.png
2024-11-20 23:37:19,882 - Processing file: blur_660.png
2024-11-20 23:37:21,119 - Processing file: blur_661.png
2024-11-20 23:37:22,306 - Processing file: blur_662.png
2024-11-20 23:37:23,540 - Processing file: blur_663.png
2024-11-20 23:37:24,758 - Processing file: blur_664.png
2024-11-20 23:37:25,961 - Processing file: blur_665.png
2024-11-20 23:37:27,174 - Processing file: blur_666.png
2024-11-20 23:37:28,461 - Processing file: blur_667.png
2024-11-20 23:37:29,595 - Processing file: blur_668.png
2024-11-20 23:37:30,788 - Processing file: blur_669.png
2024-11-20 23:37:32,007 - Processing file: blur_670.png
2024-11-20 23:37:33,143 - Processing file: blur_671.png
2024-11-20 23:37:34,428 - Processing file: blur_672.png
2024-11-20 23:37:35,811 - Processing file: blur_673.png
2024-11-20 23:37:37,025 - Processing file: blur_674.png
2024-11-20 23:37:38,269 - Processing file: blur_675.png
2024-11-20 23:37:39,501 - Processing file: blur_676.png
2024-11-20 23:37:40,706 - Processing file: blur_677.png
2024-11-20 23:37:41,867 - Processing file: blur_678.png
2024-11-20 23:37:43,082 - Processing file: blur_679.png
2024-11-20 23:37:44,277 - Processing file: blur_680.png
2024-11-20 23:37:45,523 - Processing file: blur_681.png
2024-11-20 23:37:46,718 - Processing file: blur_682.png
2024-11-20 23:37:47,884 - Processing file: blur_683.png
2024-11-20 23:37:49,061 - Processing file: blur_684.png
2024-11-20 23:37:50,282 - Processing file: blur_685.png
2024-11-20 23:37:51,498 - Processing file: blur_686.png
2024-11-20 23:37:52,681 - Processing file: blur_687.png
2024-11-20 23:37:53,843 - Processing file: blur_688.png
2024-11-20 23:37:55,055 - Processing file: blur_689.png
2024-11-20 23:37:56,179 - Processing file: blur_690.png
2024-11-20 23:37:57,413 - Processing file: blur_691.png
2024-11-20 23:37:58,514 - Processing file: blur_692.png
2024-11-20 23:37:59,685 - Processing file: blur_693.png
2024-11-20 23:38:00,811 - Processing file: blur_694.png
2024-11-20 23:38:02,024 - Processing file: blur_695.png
2024-11-20 23:38:03,189 - Processing file: blur_696.png
2024-11-20 23:38:04,339 - Processing file: blur_697.png
2024-11-20 23:38:05,508 - Processing file: blur_698.png
2024-11-20 23:38:06,694 - Processing file: blur_699.png
2024-11-20 23:38:07,850 - Processing file: blur_700.png
2024-11-20 23:38:09,023 - Processing file: blur_701.png
2024-11-20 23:38:10,229 - Processing file: blur_702.png
2024-11-20 23:38:11,341 - Processing file: blur_703.png
2024-11-20 23:38:12,503 - Processing file: blur_704.png
2024-11-20 23:38:13,651 - Processing file: blur_705.png
2024-11-20 23:38:14,877 - Processing file: blur_706.png
2024-11-20 23:38:16,067 - Processing file: blur_707.png
2024-11-20 23:38:17,252 - Processing file: blur_708.png
2024-11-20 23:38:18,555 - Processing file: blur_709.png
2024-11-20 23:38:19,823 - Processing file: blur_710.png
2024-11-20 23:38:21,091 - Processing file: blur_711.png
2024-11-20 23:38:22,303 - Processing file: blur_712.png
2024-11-20 23:38:23,494 - Processing file: blur_713.png
2024-11-20 23:38:24,664 - Processing file: blur_714.png
2024-11-20 23:38:25,872 - Processing file: blur_715.png
2024-11-20 23:38:27,071 - Processing file: blur_716.png
2024-11-20 23:38:28,205 - Processing file: blur_717.png
2024-11-20 23:38:29,387 - Processing file: blur_718.png
2024-11-20 23:38:30,533 - Processing file: blur_719.png
2024-11-20 23:38:31,683 - Processing file: blur_720.png
2024-11-20 23:38:32,909 - Processing file: blur_721.png
2024-11-20 23:38:34,055 - Processing file: blur_722.png
2024-11-20 23:38:35,218 - Processing file: blur_723.png
2024-11-20 23:38:36,390 - Processing file: blur_724.png
2024-11-20 23:38:37,555 - Processing file: blur_725.png
2024-11-20 23:38:38,711 - Processing file: blur_726.png
2024-11-20 23:38:39,877 - Processing file: blur_727.png
2024-11-20 23:38:41,047 - Processing file: blur_728.png
2024-11-20 23:38:42,266 - Processing file: blur_729.png
2024-11-20 23:38:43,457 - Processing file: blur_730.png
2024-11-20 23:38:44,612 - Processing file: blur_731.png
2024-11-20 23:38:45,825 - Processing file: blur_732.png
2024-11-20 23:38:47,016 - Processing file: blur_733.png
2024-11-20 23:38:48,231 - Processing file: blur_734.png
2024-11-20 23:38:49,404 - Processing file: blur_735.png
2024-11-20 23:38:50,590 - Processing file: blur_736.png
2024-11-20 23:38:51,791 - Processing file: blur_737.png
2024-11-20 23:38:52,980 - Processing file: blur_738.png
2024-11-20 23:38:54,155 - Processing file: blur_739.png
2024-11-20 23:38:55,334 - Processing file: blur_740.png
2024-11-20 23:38:56,486 - Processing file: blur_741.png
2024-11-20 23:38:57,616 - Processing file: blur_742.png
2024-11-20 23:38:58,776 - Processing file: blur_743.png
2024-11-20 23:38:59,920 - Processing file: blur_744.png
2024-11-20 23:39:01,134 - Processing file: blur_745.png
2024-11-20 23:39:02,445 - Processing file: blur_746.png
2024-11-20 23:39:03,723 - Processing file: blur_747.png
2024-11-20 23:39:04,952 - Processing file: blur_748.png
2024-11-20 23:39:06,121 - Processing file: blur_749.png
2024-11-20 23:39:07,296 - Processing file: blur_750.png
2024-11-20 23:39:08,454 - Processing file: blur_751.png
2024-11-20 23:39:09,614 - Processing file: blur_752.png
2024-11-20 23:39:10,790 - Processing file: blur_753.png
2024-11-20 23:39:11,989 - Processing file: blur_754.png
2024-11-20 23:39:13,176 - Processing file: blur_755.png
2024-11-20 23:39:14,395 - Processing file: blur_756.png
2024-11-20 23:39:15,549 - Processing file: blur_757.png
2024-11-20 23:39:16,729 - Processing file: blur_758.png
