2024-11-22 13:44:42,670 - ==========================================
2024-11-22 13:44:42,670 - Starting inference for model: finetunedwithR, dataset: RealBlur-R
2024-11-22 13:44:42,670 - Input Directory: ./inference/dataset/motion/testrealblur/RealBlur-R
2024-11-22 13:44:42,670 - Results Directory: ./inference/results/motion/testrealblur/RealBlur-R
2024-11-22 13:44:42,670 - ==========================================
2024-11-22 13:44:42,697 - Found 980 input images and 980 target images.
2024-11-22 13:44:42,698 - Processing file: blur_1.png
2024-11-22 13:44:43,529 - Processing file: blur_2.png
2024-11-22 13:44:44,188 - Processing file: blur_3.png
2024-11-22 13:44:44,852 - Processing file: blur_4.png
2024-11-22 13:44:45,505 - Processing file: blur_5.png
2024-11-22 13:44:46,157 - Processing file: blur_6.png
2024-11-22 13:44:46,816 - Processing file: blur_7.png
2024-11-22 13:44:47,475 - Processing file: blur_8.png
2024-11-22 13:44:48,128 - Processing file: blur_9.png
2024-11-22 13:44:48,791 - Processing file: blur_10.png
2024-11-22 13:44:49,456 - Processing file: blur_11.png
2024-11-22 13:44:50,129 - Processing file: blur_12.png
2024-11-22 13:44:50,791 - Processing file: blur_13.png
2024-11-22 13:44:51,469 - Processing file: blur_14.png
2024-11-22 13:44:52,127 - Processing file: blur_15.png
2024-11-22 13:44:52,802 - Processing file: blur_16.png
2024-11-22 13:44:53,467 - Processing file: blur_17.png
2024-11-22 13:44:54,128 - Processing file: blur_18.png
2024-11-22 13:44:54,799 - Processing file: blur_19.png
2024-11-22 13:44:55,460 - Processing file: blur_20.png
2024-11-22 13:44:56,139 - Processing file: blur_21.png
2024-11-22 13:44:56,819 - Processing file: blur_22.png
2024-11-22 13:44:57,494 - Processing file: blur_23.png
2024-11-22 13:44:58,178 - Processing file: blur_24.png
2024-11-22 13:44:58,847 - Processing file: blur_25.png
2024-11-22 13:44:59,535 - Processing file: blur_26.png
2024-11-22 13:45:00,209 - Processing file: blur_27.png
2024-11-22 13:45:00,892 - Processing file: blur_28.png
2024-11-22 13:45:01,569 - Processing file: blur_29.png
2024-11-22 13:45:02,267 - Processing file: blur_30.png
2024-11-22 13:45:02,936 - Processing file: blur_31.png
2024-11-22 13:45:03,614 - Processing file: blur_32.png
2024-11-22 13:45:04,297 - Processing file: blur_33.png
2024-11-22 13:45:04,988 - Processing file: blur_34.png
2024-11-22 13:45:05,672 - Processing file: blur_35.png
2024-11-22 13:45:06,351 - Processing file: blur_36.png
2024-11-22 13:45:07,030 - Processing file: blur_37.png
2024-11-22 13:45:07,699 - Processing file: blur_38.png
2024-11-22 13:45:08,384 - Processing file: blur_39.png
2024-11-22 13:45:09,060 - Processing file: blur_40.png
2024-11-22 13:45:09,739 - Processing file: blur_41.png
2024-11-22 13:45:10,419 - Processing file: blur_42.png
2024-11-22 13:45:11,128 - Processing file: blur_43.png
2024-11-22 13:45:11,806 - Processing file: blur_44.png
2024-11-22 13:45:12,476 - Processing file: blur_45.png
2024-11-22 13:45:13,153 - Processing file: blur_46.png
2024-11-22 13:45:13,829 - Processing file: blur_47.png
2024-11-22 13:45:14,512 - Processing file: blur_48.png
2024-11-22 13:45:15,178 - Processing file: blur_49.png
2024-11-22 13:45:15,853 - Processing file: blur_50.png
2024-11-22 13:45:16,519 - Processing file: blur_51.png
2024-11-22 13:45:17,190 - Processing file: blur_52.png
2024-11-22 13:45:17,859 - Processing file: blur_53.png
2024-11-22 13:45:18,525 - Processing file: blur_54.png
2024-11-22 13:45:19,192 - Processing file: blur_55.png
2024-11-22 13:45:19,875 - Processing file: blur_56.png
2024-11-22 13:45:20,537 - Processing file: blur_57.png
2024-11-22 13:45:21,233 - Processing file: blur_58.png
2024-11-22 13:45:21,897 - Processing file: blur_59.png
2024-11-22 13:45:22,566 - Processing file: blur_60.png
2024-11-22 13:45:23,259 - Processing file: blur_61.png
2024-11-22 13:45:23,933 - Processing file: blur_62.png
2024-11-22 13:45:24,608 - Processing file: blur_63.png
2024-11-22 13:45:25,283 - Processing file: blur_64.png
2024-11-22 13:45:25,967 - Processing file: blur_65.png
2024-11-22 13:45:26,650 - Processing file: blur_66.png
2024-11-22 13:45:27,337 - Processing file: blur_67.png
2024-11-22 13:45:28,020 - Processing file: blur_68.png
2024-11-22 13:45:28,694 - Processing file: blur_69.png
2024-11-22 13:45:29,381 - Processing file: blur_70.png
2024-11-22 13:45:30,053 - Processing file: blur_71.png
2024-11-22 13:45:30,730 - Processing file: blur_72.png
2024-11-22 13:45:31,432 - Processing file: blur_73.png
2024-11-22 13:45:32,138 - Processing file: blur_74.png
2024-11-22 13:45:32,825 - Processing file: blur_75.png
2024-11-22 13:45:33,513 - Processing file: blur_76.png
2024-11-22 13:45:34,196 - Processing file: blur_77.png
2024-11-22 13:45:34,880 - Processing file: blur_78.png
2024-11-22 13:45:35,577 - Processing file: blur_79.png
2024-11-22 13:45:36,270 - Processing file: blur_80.png
2024-11-22 13:45:36,961 - Processing file: blur_81.png
2024-11-22 13:45:37,650 - Processing file: blur_82.png
2024-11-22 13:45:38,340 - Processing file: blur_83.png
2024-11-22 13:45:39,023 - Processing file: blur_84.png
2024-11-22 13:45:39,706 - Processing file: blur_85.png
2024-11-22 13:45:40,390 - Processing file: blur_86.png
2024-11-22 13:45:41,087 - Processing file: blur_87.png
2024-11-22 13:45:41,767 - Processing file: blur_88.png
2024-11-22 13:45:42,450 - Processing file: blur_89.png
2024-11-22 13:45:43,125 - Processing file: blur_90.png
2024-11-22 13:45:43,800 - Processing file: blur_91.png
2024-11-22 13:45:44,482 - Processing file: blur_92.png
2024-11-22 13:45:45,163 - Processing file: blur_93.png
2024-11-22 13:45:45,849 - Processing file: blur_94.png
2024-11-22 13:45:46,539 - Processing file: blur_95.png
2024-11-22 13:45:47,232 - Processing file: blur_96.png
2024-11-22 13:45:47,916 - Processing file: blur_97.png
2024-11-22 13:45:48,584 - Processing file: blur_98.png
2024-11-22 13:45:49,289 - Processing file: blur_99.png
2024-11-22 13:45:49,979 - Processing file: blur_100.png
2024-11-22 13:45:50,665 - Processing file: blur_101.png
2024-11-22 13:45:51,336 - Processing file: blur_102.png
2024-11-22 13:45:52,007 - Processing file: blur_103.png
2024-11-22 13:45:52,686 - Processing file: blur_104.png
2024-11-22 13:45:53,370 - Processing file: blur_105.png
2024-11-22 13:45:54,033 - Processing file: blur_106.png
2024-11-22 13:45:54,718 - Processing file: blur_107.png
2024-11-22 13:45:55,393 - Processing file: blur_108.png
2024-11-22 13:45:56,075 - Processing file: blur_109.png
2024-11-22 13:45:56,750 - Processing file: blur_110.png
2024-11-22 13:45:57,426 - Processing file: blur_111.png
2024-11-22 13:45:58,107 - Processing file: blur_112.png
2024-11-22 13:45:58,791 - Processing file: blur_113.png
2024-11-22 13:45:59,481 - Processing file: blur_114.png
2024-11-22 13:46:00,165 - Processing file: blur_115.png
2024-11-22 13:46:00,851 - Processing file: blur_116.png
2024-11-22 13:46:01,523 - Processing file: blur_117.png
2024-11-22 13:46:02,212 - Processing file: blur_118.png
2024-11-22 13:46:02,889 - Processing file: blur_119.png
2024-11-22 13:46:03,560 - Processing file: blur_120.png
2024-11-22 13:46:04,235 - Processing file: blur_121.png
2024-11-22 13:46:04,914 - Processing file: blur_122.png
2024-11-22 13:46:05,588 - Processing file: blur_123.png
2024-11-22 13:46:06,267 - Processing file: blur_124.png
2024-11-22 13:46:06,951 - Processing file: blur_125.png
2024-11-22 13:46:07,614 - Processing file: blur_126.png
2024-11-22 13:46:08,301 - Processing file: blur_127.png
2024-11-22 13:46:08,972 - Processing file: blur_128.png
2024-11-22 13:46:09,638 - Processing file: blur_129.png
2024-11-22 13:46:10,316 - Processing file: blur_130.png
2024-11-22 13:46:11,004 - Processing file: blur_131.png
2024-11-22 13:46:11,688 - Processing file: blur_132.png
2024-11-22 13:46:12,368 - Processing file: blur_133.png
2024-11-22 13:46:13,049 - Processing file: blur_134.png
2024-11-22 13:46:13,720 - Processing file: blur_135.png
2024-11-22 13:46:14,395 - Processing file: blur_136.png
2024-11-22 13:46:15,065 - Processing file: blur_137.png
2024-11-22 13:46:15,736 - Processing file: blur_138.png
2024-11-22 13:46:16,395 - Processing file: blur_139.png
2024-11-22 13:46:17,061 - Processing file: blur_140.png
2024-11-22 13:46:17,728 - Processing file: blur_141.png
2024-11-22 13:46:18,387 - Processing file: blur_142.png
2024-11-22 13:46:19,070 - Processing file: blur_143.png
2024-11-22 13:46:19,722 - Processing file: blur_144.png
2024-11-22 13:46:20,412 - Processing file: blur_145.png
2024-11-22 13:46:21,081 - Processing file: blur_146.png
2024-11-22 13:46:21,730 - Processing file: blur_147.png
2024-11-22 13:46:22,394 - Processing file: blur_148.png
2024-11-22 13:46:23,093 - Processing file: blur_149.png
2024-11-22 13:46:23,763 - Processing file: blur_150.png
2024-11-22 13:46:24,442 - Processing file: blur_151.png
2024-11-22 13:46:25,113 - Processing file: blur_152.png
2024-11-22 13:46:25,777 - Processing file: blur_153.png
2024-11-22 13:46:26,453 - Processing file: blur_154.png
2024-11-22 13:46:27,123 - Processing file: blur_155.png
2024-11-22 13:46:27,800 - Processing file: blur_156.png
2024-11-22 13:46:28,471 - Processing file: blur_157.png
2024-11-22 13:46:29,158 - Processing file: blur_158.png
2024-11-22 13:46:29,829 - Processing file: blur_159.png
2024-11-22 13:46:30,501 - Processing file: blur_160.png
2024-11-22 13:46:31,174 - Processing file: blur_161.png
2024-11-22 13:46:31,848 - Processing file: blur_162.png
2024-11-22 13:46:32,529 - Processing file: blur_163.png
2024-11-22 13:46:33,213 - Processing file: blur_164.png
2024-11-22 13:46:33,881 - Processing file: blur_165.png
2024-11-22 13:46:34,566 - Processing file: blur_166.png
2024-11-22 13:46:35,248 - Processing file: blur_167.png
2024-11-22 13:46:35,936 - Processing file: blur_168.png
2024-11-22 13:46:36,610 - Processing file: blur_169.png
2024-11-22 13:46:37,292 - Processing file: blur_170.png
2024-11-22 13:46:37,955 - Processing file: blur_171.png
2024-11-22 13:46:38,642 - Processing file: blur_172.png
2024-11-22 13:46:39,324 - Processing file: blur_173.png
2024-11-22 13:46:39,997 - Processing file: blur_174.png
2024-11-22 13:46:40,667 - Processing file: blur_175.png
2024-11-22 13:46:41,351 - Processing file: blur_176.png
2024-11-22 13:46:42,021 - Processing file: blur_177.png
2024-11-22 13:46:42,720 - Processing file: blur_178.png
2024-11-22 13:46:43,392 - Processing file: blur_179.png
2024-11-22 13:46:44,057 - Processing file: blur_180.png
2024-11-22 13:46:44,733 - Processing file: blur_181.png
2024-11-22 13:46:45,403 - Processing file: blur_182.png
2024-11-22 13:46:46,098 - Processing file: blur_183.png
2024-11-22 13:46:46,788 - Processing file: blur_184.png
2024-11-22 13:46:47,468 - Processing file: blur_185.png
2024-11-22 13:46:48,136 - Processing file: blur_186.png
2024-11-22 13:46:48,807 - Processing file: blur_187.png
2024-11-22 13:46:49,470 - Processing file: blur_188.png
2024-11-22 13:46:50,151 - Processing file: blur_189.png
2024-11-22 13:46:50,834 - Processing file: blur_190.png
2024-11-22 13:46:51,496 - Processing file: blur_191.png
2024-11-22 13:46:52,165 - Processing file: blur_192.png
2024-11-22 13:46:52,847 - Processing file: blur_193.png
2024-11-22 13:46:53,509 - Processing file: blur_194.png
2024-11-22 13:46:54,167 - Processing file: blur_195.png
2024-11-22 13:46:54,835 - Processing file: blur_196.png
2024-11-22 13:46:55,499 - Processing file: blur_197.png
2024-11-22 13:46:56,175 - Processing file: blur_198.png
2024-11-22 13:46:56,865 - Processing file: blur_199.png
2024-11-22 13:46:57,522 - Processing file: blur_200.png
2024-11-22 13:46:58,199 - Processing file: blur_201.png
2024-11-22 13:46:58,872 - Processing file: blur_202.png
2024-11-22 13:46:59,552 - Processing file: blur_203.png
2024-11-22 13:47:00,222 - Processing file: blur_204.png
2024-11-22 13:47:00,893 - Processing file: blur_205.png
2024-11-22 13:47:01,563 - Processing file: blur_206.png
2024-11-22 13:47:02,231 - Processing file: blur_207.png
2024-11-22 13:47:02,895 - Processing file: blur_208.png
2024-11-22 13:47:03,561 - Processing file: blur_209.png
2024-11-22 13:47:04,221 - Processing file: blur_210.png
2024-11-22 13:47:04,890 - Processing file: blur_211.png
2024-11-22 13:47:05,551 - Processing file: blur_212.png
2024-11-22 13:47:06,212 - Processing file: blur_213.png
2024-11-22 13:47:06,896 - Processing file: blur_214.png
2024-11-22 13:47:07,585 - Processing file: blur_215.png
2024-11-22 13:47:08,279 - Processing file: blur_216.png
2024-11-22 13:47:08,970 - Processing file: blur_217.png
2024-11-22 13:47:09,658 - Processing file: blur_218.png
2024-11-22 13:47:10,339 - Processing file: blur_219.png
2024-11-22 13:47:11,038 - Processing file: blur_220.png
2024-11-22 13:47:11,722 - Processing file: blur_221.png
2024-11-22 13:47:12,420 - Processing file: blur_222.png
2024-11-22 13:47:13,105 - Processing file: blur_223.png
2024-11-22 13:47:13,782 - Processing file: blur_224.png
2024-11-22 13:47:14,468 - Processing file: blur_225.png
2024-11-22 13:47:15,149 - Processing file: blur_226.png
2024-11-22 13:47:15,832 - Processing file: blur_227.png
2024-11-22 13:47:16,512 - Processing file: blur_228.png
2024-11-22 13:47:17,200 - Processing file: blur_229.png
2024-11-22 13:47:17,896 - Processing file: blur_230.png
2024-11-22 13:47:18,575 - Processing file: blur_231.png
2024-11-22 13:47:19,252 - Processing file: blur_232.png
2024-11-22 13:47:19,929 - Processing file: blur_233.png
2024-11-22 13:47:20,601 - Processing file: blur_234.png
2024-11-22 13:47:21,257 - Processing file: blur_235.png
2024-11-22 13:47:21,896 - Processing file: blur_236.png
2024-11-22 13:47:22,554 - Processing file: blur_237.png
2024-11-22 13:47:23,217 - Processing file: blur_238.png
2024-11-22 13:47:23,882 - Processing file: blur_239.png
2024-11-22 13:47:24,544 - Processing file: blur_240.png
2024-11-22 13:47:25,200 - Processing file: blur_241.png
2024-11-22 13:47:25,859 - Processing file: blur_242.png
2024-11-22 13:47:26,509 - Processing file: blur_243.png
2024-11-22 13:47:27,168 - Processing file: blur_244.png
2024-11-22 13:47:27,838 - Processing file: blur_245.png
2024-11-22 13:47:28,507 - Processing file: blur_246.png
2024-11-22 13:47:29,180 - Processing file: blur_247.png
2024-11-22 13:47:29,856 - Processing file: blur_248.png
2024-11-22 13:47:30,525 - Processing file: blur_249.png
2024-11-22 13:47:31,195 - Processing file: blur_250.png
2024-11-22 13:47:31,854 - Processing file: blur_251.png
2024-11-22 13:47:32,527 - Processing file: blur_252.png
2024-11-22 13:47:33,188 - Processing file: blur_253.png
2024-11-22 13:47:33,854 - Processing file: blur_254.png
2024-11-22 13:47:34,523 - Processing file: blur_255.png
2024-11-22 13:47:35,207 - Processing file: blur_256.png
2024-11-22 13:47:35,878 - Processing file: blur_257.png
2024-11-22 13:47:36,552 - Processing file: blur_258.png
2024-11-22 13:47:37,220 - Processing file: blur_259.png
2024-11-22 13:47:37,889 - Processing file: blur_260.png
2024-11-22 13:47:38,567 - Processing file: blur_261.png
2024-11-22 13:47:39,235 - Processing file: blur_262.png
2024-11-22 13:47:39,902 - Processing file: blur_263.png
2024-11-22 13:47:40,574 - Processing file: blur_264.png
2024-11-22 13:47:41,255 - Processing file: blur_265.png
2024-11-22 13:47:41,925 - Processing file: blur_266.png
2024-11-22 13:47:42,605 - Processing file: blur_267.png
2024-11-22 13:47:43,276 - Processing file: blur_268.png
2024-11-22 13:47:43,968 - Processing file: blur_269.png
2024-11-22 13:47:44,641 - Processing file: blur_270.png
2024-11-22 13:47:45,322 - Processing file: blur_271.png
2024-11-22 13:47:45,993 - Processing file: blur_272.png
2024-11-22 13:47:46,667 - Processing file: blur_273.png
2024-11-22 13:47:47,336 - Processing file: blur_274.png
2024-11-22 13:47:48,001 - Processing file: blur_275.png
2024-11-22 13:47:48,670 - Processing file: blur_276.png
2024-11-22 13:47:49,334 - Processing file: blur_277.png
2024-11-22 13:47:50,000 - Processing file: blur_278.png
2024-11-22 13:47:50,660 - Processing file: blur_279.png
2024-11-22 13:47:51,329 - Processing file: blur_280.png
2024-11-22 13:47:51,984 - Processing file: blur_281.png
2024-11-22 13:47:52,646 - Processing file: blur_282.png
2024-11-22 13:47:53,318 - Processing file: blur_283.png
2024-11-22 13:47:53,982 - Processing file: blur_284.png
2024-11-22 13:47:54,640 - Processing file: blur_285.png
2024-11-22 13:47:55,300 - Processing file: blur_286.png
2024-11-22 13:47:55,963 - Processing file: blur_287.png
2024-11-22 13:47:56,636 - Processing file: blur_288.png
2024-11-22 13:47:57,296 - Processing file: blur_289.png
2024-11-22 13:47:57,962 - Processing file: blur_290.png
2024-11-22 13:47:58,620 - Processing file: blur_291.png
2024-11-22 13:47:59,316 - Processing file: blur_292.png
2024-11-22 13:47:59,979 - Processing file: blur_293.png
2024-11-22 13:48:00,660 - Processing file: blur_294.png
2024-11-22 13:48:01,350 - Processing file: blur_295.png
2024-11-22 13:48:02,045 - Processing file: blur_296.png
2024-11-22 13:48:02,730 - Processing file: blur_297.png
2024-11-22 13:48:03,409 - Processing file: blur_298.png
2024-11-22 13:48:04,083 - Processing file: blur_299.png
2024-11-22 13:48:04,762 - Processing file: blur_300.png
2024-11-22 13:48:05,443 - Processing file: blur_301.png
2024-11-22 13:48:06,114 - Processing file: blur_302.png
2024-11-22 13:48:06,787 - Processing file: blur_303.png
2024-11-22 13:48:07,467 - Processing file: blur_304.png
2024-11-22 13:48:08,166 - Processing file: blur_305.png
2024-11-22 13:48:08,843 - Processing file: blur_306.png
2024-11-22 13:48:09,526 - Processing file: blur_307.png
2024-11-22 13:48:10,212 - Processing file: blur_308.png
2024-11-22 13:48:10,916 - Processing file: blur_309.png
2024-11-22 13:48:11,603 - Processing file: blur_310.png
2024-11-22 13:48:12,291 - Processing file: blur_311.png
2024-11-22 13:48:12,977 - Processing file: blur_312.png
2024-11-22 13:48:13,675 - Processing file: blur_313.png
2024-11-22 13:48:14,360 - Processing file: blur_314.png
2024-11-22 13:48:15,028 - Processing file: blur_315.png
2024-11-22 13:48:15,702 - Processing file: blur_316.png
2024-11-22 13:48:16,369 - Processing file: blur_317.png
2024-11-22 13:48:17,048 - Processing file: blur_318.png
2024-11-22 13:48:17,744 - Processing file: blur_319.png
2024-11-22 13:48:18,406 - Processing file: blur_320.png
2024-11-22 13:48:19,078 - Processing file: blur_321.png
2024-11-22 13:48:19,745 - Processing file: blur_322.png
2024-11-22 13:48:20,410 - Processing file: blur_323.png
2024-11-22 13:48:21,080 - Processing file: blur_324.png
2024-11-22 13:48:21,782 - Processing file: blur_325.png
2024-11-22 13:48:22,482 - Processing file: blur_326.png
2024-11-22 13:48:23,159 - Processing file: blur_327.png
2024-11-22 13:48:23,832 - Processing file: blur_328.png
2024-11-22 13:48:24,525 - Processing file: blur_329.png
2024-11-22 13:48:25,200 - Processing file: blur_330.png
2024-11-22 13:48:25,874 - Processing file: blur_331.png
2024-11-22 13:48:26,560 - Processing file: blur_332.png
2024-11-22 13:48:27,242 - Processing file: blur_333.png
2024-11-22 13:48:27,918 - Processing file: blur_334.png
2024-11-22 13:48:28,582 - Processing file: blur_335.png
2024-11-22 13:48:29,268 - Processing file: blur_336.png
2024-11-22 13:48:29,942 - Processing file: blur_337.png
2024-11-22 13:48:30,617 - Processing file: blur_338.png
2024-11-22 13:48:31,292 - Processing file: blur_339.png
2024-11-22 13:48:31,970 - Processing file: blur_340.png
2024-11-22 13:48:32,647 - Processing file: blur_341.png
2024-11-22 13:48:33,318 - Processing file: blur_342.png
2024-11-22 13:48:33,976 - Processing file: blur_343.png
2024-11-22 13:48:34,648 - Processing file: blur_344.png
2024-11-22 13:48:35,310 - Processing file: blur_345.png
2024-11-22 13:48:35,971 - Processing file: blur_346.png
2024-11-22 13:48:36,647 - Processing file: blur_347.png
2024-11-22 13:48:37,316 - Processing file: blur_348.png
2024-11-22 13:48:37,984 - Processing file: blur_349.png
2024-11-22 13:48:38,661 - Processing file: blur_350.png
2024-11-22 13:48:39,331 - Processing file: blur_351.png
2024-11-22 13:48:40,020 - Processing file: blur_352.png
2024-11-22 13:48:40,721 - Processing file: blur_353.png
2024-11-22 13:48:41,424 - Processing file: blur_354.png
2024-11-22 13:48:42,091 - Processing file: blur_355.png
2024-11-22 13:48:42,765 - Processing file: blur_356.png
2024-11-22 13:48:43,435 - Processing file: blur_357.png
2024-11-22 13:48:44,133 - Processing file: blur_358.png
2024-11-22 13:48:44,799 - Processing file: blur_359.png
2024-11-22 13:48:45,471 - Processing file: blur_360.png
2024-11-22 13:48:46,137 - Processing file: blur_361.png
2024-11-22 13:48:46,804 - Processing file: blur_362.png
2024-11-22 13:48:47,468 - Processing file: blur_363.png
2024-11-22 13:48:48,138 - Processing file: blur_364.png
2024-11-22 13:48:48,792 - Processing file: blur_365.png
2024-11-22 13:48:49,466 - Processing file: blur_366.png
2024-11-22 13:48:50,145 - Processing file: blur_367.png
2024-11-22 13:48:50,809 - Processing file: blur_368.png
2024-11-22 13:48:51,477 - Processing file: blur_369.png
2024-11-22 13:48:52,147 - Processing file: blur_370.png
2024-11-22 13:48:52,821 - Processing file: blur_371.png
2024-11-22 13:48:53,493 - Processing file: blur_372.png
2024-11-22 13:48:54,159 - Processing file: blur_373.png
2024-11-22 13:48:54,851 - Processing file: blur_374.png
2024-11-22 13:48:55,524 - Processing file: blur_375.png
2024-11-22 13:48:56,216 - Processing file: blur_376.png
2024-11-22 13:48:56,908 - Processing file: blur_377.png
2024-11-22 13:48:57,593 - Processing file: blur_378.png
2024-11-22 13:48:58,267 - Processing file: blur_379.png
2024-11-22 13:48:58,939 - Processing file: blur_380.png
2024-11-22 13:48:59,625 - Processing file: blur_381.png
2024-11-22 13:49:00,297 - Processing file: blur_382.png
2024-11-22 13:49:00,972 - Processing file: blur_383.png
2024-11-22 13:49:01,661 - Processing file: blur_384.png
2024-11-22 13:49:02,388 - Processing file: blur_385.png
2024-11-22 13:49:03,063 - Processing file: blur_386.png
2024-11-22 13:49:03,734 - Processing file: blur_387.png
2024-11-22 13:49:04,410 - Processing file: blur_388.png
2024-11-22 13:49:05,083 - Processing file: blur_389.png
2024-11-22 13:49:05,769 - Processing file: blur_390.png
2024-11-22 13:49:06,431 - Processing file: blur_391.png
2024-11-22 13:49:07,120 - Processing file: blur_392.png
2024-11-22 13:49:07,783 - Processing file: blur_393.png
2024-11-22 13:49:08,453 - Processing file: blur_394.png
2024-11-22 13:49:09,109 - Processing file: blur_395.png
2024-11-22 13:49:09,783 - Processing file: blur_396.png
2024-11-22 13:49:10,450 - Processing file: blur_397.png
2024-11-22 13:49:11,120 - Processing file: blur_398.png
2024-11-22 13:49:11,784 - Processing file: blur_399.png
2024-11-22 13:49:12,445 - Processing file: blur_400.png
2024-11-22 13:49:13,119 - Processing file: blur_401.png
2024-11-22 13:49:13,786 - Processing file: blur_402.png
2024-11-22 13:49:14,480 - Processing file: blur_403.png
2024-11-22 13:49:15,142 - Processing file: blur_404.png
2024-11-22 13:49:15,810 - Processing file: blur_405.png
2024-11-22 13:49:16,478 - Processing file: blur_406.png
2024-11-22 13:49:17,154 - Processing file: blur_407.png
2024-11-22 13:49:17,822 - Processing file: blur_408.png
2024-11-22 13:49:18,510 - Processing file: blur_409.png
2024-11-22 13:49:19,182 - Processing file: blur_410.png
2024-11-22 13:49:19,852 - Processing file: blur_411.png
2024-11-22 13:49:20,531 - Processing file: blur_412.png
2024-11-22 13:49:21,211 - Processing file: blur_413.png
2024-11-22 13:49:21,875 - Processing file: blur_414.png
2024-11-22 13:49:22,532 - Processing file: blur_415.png
2024-11-22 13:49:23,215 - Processing file: blur_416.png
2024-11-22 13:49:23,915 - Processing file: blur_417.png
2024-11-22 13:49:24,579 - Processing file: blur_418.png
2024-11-22 13:49:25,250 - Processing file: blur_419.png
2024-11-22 13:49:25,929 - Processing file: blur_420.png
2024-11-22 13:49:26,605 - Processing file: blur_421.png
2024-11-22 13:49:27,281 - Processing file: blur_422.png
2024-11-22 13:49:27,954 - Processing file: blur_423.png
2024-11-22 13:49:28,624 - Processing file: blur_424.png
2024-11-22 13:49:29,306 - Processing file: blur_425.png
2024-11-22 13:49:29,974 - Processing file: blur_426.png
2024-11-22 13:49:30,640 - Processing file: blur_427.png
2024-11-22 13:49:31,311 - Processing file: blur_428.png
2024-11-22 13:49:31,987 - Processing file: blur_429.png
2024-11-22 13:49:32,657 - Processing file: blur_430.png
2024-11-22 13:49:33,321 - Processing file: blur_431.png
2024-11-22 13:49:34,002 - Processing file: blur_432.png
2024-11-22 13:49:34,680 - Processing file: blur_433.png
2024-11-22 13:49:35,360 - Processing file: blur_434.png
2024-11-22 13:49:36,022 - Processing file: blur_435.png
2024-11-22 13:49:36,703 - Processing file: blur_436.png
2024-11-22 13:49:37,364 - Processing file: blur_437.png
2024-11-22 13:49:38,046 - Processing file: blur_438.png
2024-11-22 13:49:38,710 - Processing file: blur_439.png
2024-11-22 13:49:39,381 - Processing file: blur_440.png
2024-11-22 13:49:40,046 - Processing file: blur_441.png
2024-11-22 13:49:40,719 - Processing file: blur_442.png
2024-11-22 13:49:41,387 - Processing file: blur_443.png
2024-11-22 13:49:42,060 - Processing file: blur_444.png
2024-11-22 13:49:42,721 - Processing file: blur_445.png
2024-11-22 13:49:43,381 - Processing file: blur_446.png
2024-11-22 13:49:44,072 - Processing file: blur_447.png
2024-11-22 13:49:44,741 - Processing file: blur_448.png
2024-11-22 13:49:45,408 - Processing file: blur_449.png
2024-11-22 13:49:46,079 - Processing file: blur_450.png
2024-11-22 13:49:46,747 - Processing file: blur_451.png
2024-11-22 13:49:47,418 - Processing file: blur_452.png
2024-11-22 13:49:48,079 - Processing file: blur_453.png
2024-11-22 13:49:48,740 - Processing file: blur_454.png
2024-11-22 13:49:49,406 - Processing file: blur_455.png
2024-11-22 13:49:50,087 - Processing file: blur_456.png
2024-11-22 13:49:50,758 - Processing file: blur_457.png
2024-11-22 13:49:51,423 - Processing file: blur_458.png
2024-11-22 13:49:52,099 - Processing file: blur_459.png
2024-11-22 13:49:52,764 - Processing file: blur_460.png
2024-11-22 13:49:53,426 - Processing file: blur_461.png
2024-11-22 13:49:54,096 - Processing file: blur_462.png
2024-11-22 13:49:54,767 - Processing file: blur_463.png
2024-11-22 13:49:55,431 - Processing file: blur_464.png
2024-11-22 13:49:56,107 - Processing file: blur_465.png
2024-11-22 13:49:56,759 - Processing file: blur_466.png
2024-11-22 13:49:57,411 - Processing file: blur_467.png
2024-11-22 13:49:58,067 - Processing file: blur_468.png
2024-11-22 13:49:58,692 - Processing file: blur_469.png
2024-11-22 13:49:59,352 - Processing file: blur_470.png
2024-11-22 13:50:00,069 - Processing file: blur_471.png
2024-11-22 13:50:00,741 - Processing file: blur_472.png
2024-11-22 13:50:01,419 - Processing file: blur_473.png
2024-11-22 13:50:02,078 - Processing file: blur_474.png
2024-11-22 13:50:02,707 - Processing file: blur_475.png
2024-11-22 13:50:03,357 - Processing file: blur_476.png
2024-11-22 13:50:04,035 - Processing file: blur_477.png
2024-11-22 13:50:04,653 - Processing file: blur_478.png
2024-11-22 13:50:05,310 - Processing file: blur_479.png
2024-11-22 13:50:05,955 - Processing file: blur_480.png
2024-11-22 13:50:06,585 - Processing file: blur_481.png
2024-11-22 13:50:07,204 - Processing file: blur_482.png
2024-11-22 13:50:07,870 - Processing file: blur_483.png
2024-11-22 13:50:08,510 - Processing file: blur_484.png
2024-11-22 13:50:09,143 - Processing file: blur_485.png
2024-11-22 13:50:09,799 - Processing file: blur_486.png
2024-11-22 13:50:10,429 - Processing file: blur_487.png
2024-11-22 13:50:11,094 - Processing file: blur_488.png
2024-11-22 13:50:11,754 - Processing file: blur_489.png
2024-11-22 13:50:12,374 - Processing file: blur_490.png
2024-11-22 13:50:12,993 - Processing file: blur_491.png
2024-11-22 13:50:13,611 - Processing file: blur_492.png
2024-11-22 13:50:14,246 - Processing file: blur_493.png
2024-11-22 13:50:14,872 - Processing file: blur_494.png
2024-11-22 13:50:15,496 - Processing file: blur_495.png
2024-11-22 13:50:16,123 - Processing file: blur_496.png
2024-11-22 13:50:16,752 - Processing file: blur_497.png
2024-11-22 13:50:17,369 - Processing file: blur_498.png
2024-11-22 13:50:17,996 - Processing file: blur_499.png
2024-11-22 13:50:18,610 - Processing file: blur_500.png
2024-11-22 13:50:19,229 - Processing file: blur_501.png
2024-11-22 13:50:19,852 - Processing file: blur_502.png
2024-11-22 13:50:20,481 - Processing file: blur_503.png
2024-11-22 13:50:21,106 - Processing file: blur_504.png
2024-11-22 13:50:21,750 - Processing file: blur_505.png
2024-11-22 13:50:22,434 - Processing file: blur_506.png
2024-11-22 13:50:23,095 - Processing file: blur_507.png
2024-11-22 13:50:23,722 - Processing file: blur_508.png
2024-11-22 13:50:24,346 - Processing file: blur_509.png
2024-11-22 13:50:24,934 - Processing file: blur_510.png
2024-11-22 13:50:25,540 - Processing file: blur_511.png
2024-11-22 13:50:26,161 - Processing file: blur_512.png
2024-11-22 13:50:26,782 - Processing file: blur_513.png
2024-11-22 13:50:27,415 - Processing file: blur_514.png
2024-11-22 13:50:28,032 - Processing file: blur_515.png
2024-11-22 13:50:28,641 - Processing file: blur_516.png
2024-11-22 13:50:29,299 - Processing file: blur_517.png
2024-11-22 13:50:29,939 - Processing file: blur_518.png
2024-11-22 13:50:30,569 - Processing file: blur_519.png
2024-11-22 13:50:31,196 - Processing file: blur_520.png
2024-11-22 13:50:31,841 - Processing file: blur_521.png
2024-11-22 13:50:32,481 - Processing file: blur_522.png
2024-11-22 13:50:33,108 - Processing file: blur_523.png
2024-11-22 13:50:33,771 - Processing file: blur_524.png
2024-11-22 13:50:34,399 - Processing file: blur_525.png
2024-11-22 13:50:35,048 - Processing file: blur_526.png
2024-11-22 13:50:35,663 - Processing file: blur_527.png
2024-11-22 13:50:36,303 - Processing file: blur_528.png
2024-11-22 13:50:36,911 - Processing file: blur_529.png
2024-11-22 13:50:37,585 - Processing file: blur_530.png
2024-11-22 13:50:38,245 - Processing file: blur_531.png
2024-11-22 13:50:38,878 - Processing file: blur_532.png
2024-11-22 13:50:39,504 - Processing file: blur_533.png
2024-11-22 13:50:40,131 - Processing file: blur_534.png
2024-11-22 13:50:40,783 - Processing file: blur_535.png
2024-11-22 13:50:41,425 - Processing file: blur_536.png
2024-11-22 13:50:42,050 - Processing file: blur_537.png
2024-11-22 13:50:42,671 - Processing file: blur_538.png
2024-11-22 13:50:43,301 - Processing file: blur_539.png
2024-11-22 13:50:43,956 - Processing file: blur_540.png
2024-11-22 13:50:44,616 - Processing file: blur_541.png
2024-11-22 13:50:45,260 - Processing file: blur_542.png
2024-11-22 13:50:45,897 - Processing file: blur_543.png
2024-11-22 13:50:46,533 - Processing file: blur_544.png
2024-11-22 13:50:47,176 - Processing file: blur_545.png
2024-11-22 13:50:47,837 - Processing file: blur_546.png
2024-11-22 13:50:48,469 - Processing file: blur_547.png
2024-11-22 13:50:49,104 - Processing file: blur_548.png
2024-11-22 13:50:49,745 - Processing file: blur_549.png
2024-11-22 13:50:50,396 - Processing file: blur_550.png
2024-11-22 13:50:51,034 - Processing file: blur_551.png
2024-11-22 13:50:51,668 - Processing file: blur_552.png
2024-11-22 13:50:52,312 - Processing file: blur_553.png
2024-11-22 13:50:52,960 - Processing file: blur_554.png
2024-11-22 13:50:53,584 - Processing file: blur_555.png
2024-11-22 13:50:54,232 - Processing file: blur_556.png
2024-11-22 13:50:54,862 - Processing file: blur_557.png
2024-11-22 13:50:55,508 - Processing file: blur_558.png
2024-11-22 13:50:56,164 - Processing file: blur_559.png
2024-11-22 13:50:56,805 - Processing file: blur_560.png
2024-11-22 13:50:57,487 - Processing file: blur_561.png
2024-11-22 13:50:58,149 - Processing file: blur_562.png
2024-11-22 13:50:58,800 - Processing file: blur_563.png
2024-11-22 13:50:59,456 - Processing file: blur_564.png
2024-11-22 13:51:00,099 - Processing file: blur_565.png
2024-11-22 13:51:00,739 - Processing file: blur_566.png
2024-11-22 13:51:01,392 - Processing file: blur_567.png
2024-11-22 13:51:02,038 - Processing file: blur_568.png
2024-11-22 13:51:02,694 - Processing file: blur_569.png
2024-11-22 13:51:03,328 - Processing file: blur_570.png
2024-11-22 13:51:03,973 - Processing file: blur_571.png
2024-11-22 13:51:04,600 - Processing file: blur_572.png
2024-11-22 13:51:05,260 - Processing file: blur_573.png
2024-11-22 13:51:05,911 - Processing file: blur_574.png
2024-11-22 13:51:06,552 - Processing file: blur_575.png
2024-11-22 13:51:07,190 - Processing file: blur_576.png
2024-11-22 13:51:07,841 - Processing file: blur_577.png
2024-11-22 13:51:08,526 - Processing file: blur_578.png
2024-11-22 13:51:09,188 - Processing file: blur_579.png
2024-11-22 13:51:09,838 - Processing file: blur_580.png
2024-11-22 13:51:10,513 - Processing file: blur_581.png
2024-11-22 13:51:11,172 - Processing file: blur_582.png
2024-11-22 13:51:11,804 - Processing file: blur_583.png
2024-11-22 13:51:12,431 - Processing file: blur_584.png
2024-11-22 13:51:13,061 - Processing file: blur_585.png
2024-11-22 13:51:13,689 - Processing file: blur_586.png
2024-11-22 13:51:14,333 - Processing file: blur_587.png
2024-11-22 13:51:15,007 - Processing file: blur_588.png
2024-11-22 13:51:15,692 - Processing file: blur_589.png
2024-11-22 13:51:16,331 - Processing file: blur_590.png
2024-11-22 13:51:16,964 - Processing file: blur_591.png
2024-11-22 13:51:17,596 - Processing file: blur_592.png
2024-11-22 13:51:18,249 - Processing file: blur_593.png
2024-11-22 13:51:18,912 - Processing file: blur_594.png
2024-11-22 13:51:19,592 - Processing file: blur_595.png
2024-11-22 13:51:20,227 - Processing file: blur_596.png
2024-11-22 13:51:20,914 - Processing file: blur_597.png
2024-11-22 13:51:21,603 - Processing file: blur_598.png
2024-11-22 13:51:22,241 - Processing file: blur_599.png
2024-11-22 13:51:22,890 - Processing file: blur_600.png
2024-11-22 13:51:23,547 - Processing file: blur_601.png
2024-11-22 13:51:24,190 - Processing file: blur_602.png
2024-11-22 13:51:24,836 - Processing file: blur_603.png
2024-11-22 13:51:25,514 - Processing file: blur_604.png
2024-11-22 13:51:26,180 - Processing file: blur_605.png
2024-11-22 13:51:26,855 - Processing file: blur_606.png
2024-11-22 13:51:27,578 - Processing file: blur_607.png
2024-11-22 13:51:28,240 - Processing file: blur_608.png
2024-11-22 13:51:28,906 - Processing file: blur_609.png
2024-11-22 13:51:29,560 - Processing file: blur_610.png
2024-11-22 13:51:30,209 - Processing file: blur_611.png
2024-11-22 13:51:30,834 - Processing file: blur_612.png
2024-11-22 13:51:31,486 - Processing file: blur_613.png
2024-11-22 13:51:32,152 - Processing file: blur_614.png
2024-11-22 13:51:32,808 - Processing file: blur_615.png
2024-11-22 13:51:33,448 - Processing file: blur_616.png
2024-11-22 13:51:34,092 - Processing file: blur_617.png
2024-11-22 13:51:34,748 - Processing file: blur_618.png
2024-11-22 13:51:35,407 - Processing file: blur_619.png
2024-11-22 13:51:36,034 - Processing file: blur_620.png
2024-11-22 13:51:36,680 - Processing file: blur_621.png
2024-11-22 13:51:37,329 - Processing file: blur_622.png
2024-11-22 13:51:37,971 - Processing file: blur_623.png
2024-11-22 13:51:38,600 - Processing file: blur_624.png
2024-11-22 13:51:39,268 - Processing file: blur_625.png
2024-11-22 13:51:39,905 - Processing file: blur_626.png
2024-11-22 13:51:40,548 - Processing file: blur_627.png
2024-11-22 13:51:41,219 - Processing file: blur_628.png
2024-11-22 13:51:41,885 - Processing file: blur_629.png
2024-11-22 13:51:42,601 - Processing file: blur_630.png
2024-11-22 13:51:43,250 - Processing file: blur_631.png
2024-11-22 13:51:43,910 - Processing file: blur_632.png
2024-11-22 13:51:44,560 - Processing file: blur_633.png
2024-11-22 13:51:45,196 - Processing file: blur_634.png
2024-11-22 13:51:45,830 - Processing file: blur_635.png
2024-11-22 13:51:46,465 - Processing file: blur_636.png
2024-11-22 13:51:47,121 - Processing file: blur_637.png
2024-11-22 13:51:47,774 - Processing file: blur_638.png
2024-11-22 13:51:48,423 - Processing file: blur_639.png
2024-11-22 13:51:49,082 - Processing file: blur_640.png
2024-11-22 13:51:49,736 - Processing file: blur_641.png
2024-11-22 13:51:50,393 - Processing file: blur_642.png
2024-11-22 13:51:51,040 - Processing file: blur_643.png
2024-11-22 13:51:51,694 - Processing file: blur_644.png
2024-11-22 13:51:52,321 - Processing file: blur_645.png
2024-11-22 13:51:52,957 - Processing file: blur_646.png
2024-11-22 13:51:53,622 - Processing file: blur_647.png
2024-11-22 13:51:54,296 - Processing file: blur_648.png
2024-11-22 13:51:54,995 - Processing file: blur_649.png
2024-11-22 13:51:55,632 - Processing file: blur_650.png
2024-11-22 13:51:56,293 - Processing file: blur_651.png
2024-11-22 13:51:56,961 - Processing file: blur_652.png
2024-11-22 13:51:57,614 - Processing file: blur_653.png
2024-11-22 13:51:58,251 - Processing file: blur_654.png
2024-11-22 13:51:58,920 - Processing file: blur_655.png
2024-11-22 13:51:59,576 - Processing file: blur_656.png
2024-11-22 13:52:00,216 - Processing file: blur_657.png
2024-11-22 13:52:00,864 - Processing file: blur_658.png
2024-11-22 13:52:01,506 - Processing file: blur_659.png
2024-11-22 13:52:02,175 - Processing file: blur_660.png
2024-11-22 13:52:02,815 - Processing file: blur_661.png
2024-11-22 13:52:03,448 - Processing file: blur_662.png
2024-11-22 13:52:04,083 - Processing file: blur_663.png
2024-11-22 13:52:04,712 - Processing file: blur_664.png
2024-11-22 13:52:05,356 - Processing file: blur_665.png
2024-11-22 13:52:06,029 - Processing file: blur_666.png
2024-11-22 13:52:06,678 - Processing file: blur_667.png
2024-11-22 13:52:07,341 - Processing file: blur_668.png
2024-11-22 13:52:08,043 - Processing file: blur_669.png
2024-11-22 13:52:08,712 - Processing file: blur_670.png
2024-11-22 13:52:09,347 - Processing file: blur_671.png
2024-11-22 13:52:10,006 - Processing file: blur_672.png
2024-11-22 13:52:10,661 - Processing file: blur_673.png
2024-11-22 13:52:11,316 - Processing file: blur_674.png
2024-11-22 13:52:11,949 - Processing file: blur_675.png
2024-11-22 13:52:12,595 - Processing file: blur_676.png
2024-11-22 13:52:13,246 - Processing file: blur_677.png
2024-11-22 13:52:13,888 - Processing file: blur_678.png
2024-11-22 13:52:14,530 - Processing file: blur_679.png
2024-11-22 13:52:15,159 - Processing file: blur_680.png
2024-11-22 13:52:15,795 - Processing file: blur_681.png
2024-11-22 13:52:16,432 - Processing file: blur_682.png
2024-11-22 13:52:17,103 - Processing file: blur_683.png
2024-11-22 13:52:17,734 - Processing file: blur_684.png
2024-11-22 13:52:18,368 - Processing file: blur_685.png
2024-11-22 13:52:19,003 - Processing file: blur_686.png
2024-11-22 13:52:19,643 - Processing file: blur_687.png
2024-11-22 13:52:20,305 - Processing file: blur_688.png
2024-11-22 13:52:20,943 - Processing file: blur_689.png
2024-11-22 13:52:21,570 - Processing file: blur_690.png
2024-11-22 13:52:22,214 - Processing file: blur_691.png
2024-11-22 13:52:22,858 - Processing file: blur_692.png
2024-11-22 13:52:23,491 - Processing file: blur_693.png
2024-11-22 13:52:24,135 - Processing file: blur_694.png
2024-11-22 13:52:24,779 - Processing file: blur_695.png
2024-11-22 13:52:25,415 - Processing file: blur_696.png
2024-11-22 13:52:26,060 - Processing file: blur_697.png
2024-11-22 13:52:26,702 - Processing file: blur_698.png
2024-11-22 13:52:27,335 - Processing file: blur_699.png
2024-11-22 13:52:27,958 - Processing file: blur_700.png
2024-11-22 13:52:28,590 - Processing file: blur_701.png
2024-11-22 13:52:29,256 - Processing file: blur_702.png
2024-11-22 13:52:29,903 - Processing file: blur_703.png
2024-11-22 13:52:30,557 - Processing file: blur_704.png
2024-11-22 13:52:31,203 - Processing file: blur_705.png
2024-11-22 13:52:31,833 - Processing file: blur_706.png
2024-11-22 13:52:32,473 - Processing file: blur_707.png
2024-11-22 13:52:33,101 - Processing file: blur_708.png
2024-11-22 13:52:33,730 - Processing file: blur_709.png
2024-11-22 13:52:34,357 - Processing file: blur_710.png
2024-11-22 13:52:35,004 - Processing file: blur_711.png
2024-11-22 13:52:35,642 - Processing file: blur_712.png
2024-11-22 13:52:36,287 - Processing file: blur_713.png
2024-11-22 13:52:36,926 - Processing file: blur_714.png
2024-11-22 13:52:37,551 - Processing file: blur_715.png
2024-11-22 13:52:38,206 - Processing file: blur_716.png
2024-11-22 13:52:38,827 - Processing file: blur_717.png
2024-11-22 13:52:39,457 - Processing file: blur_718.png
2024-11-22 13:52:40,079 - Processing file: blur_719.png
2024-11-22 13:52:40,716 - Processing file: blur_720.png
2024-11-22 13:52:41,358 - Processing file: blur_721.png
2024-11-22 13:52:41,992 - Processing file: blur_722.png
2024-11-22 13:52:42,621 - Processing file: blur_723.png
2024-11-22 13:52:43,251 - Processing file: blur_724.png
2024-11-22 13:52:43,882 - Processing file: blur_725.png
2024-11-22 13:52:44,515 - Processing file: blur_726.png
2024-11-22 13:52:45,140 - Processing file: blur_727.png
2024-11-22 13:52:45,762 - Processing file: blur_728.png
2024-11-22 13:52:46,434 - Processing file: blur_729.png
2024-11-22 13:52:47,101 - Processing file: blur_730.png
2024-11-22 13:52:47,724 - Processing file: blur_731.png
2024-11-22 13:52:48,346 - Processing file: blur_732.png
2024-11-22 13:52:48,984 - Processing file: blur_733.png
2024-11-22 13:52:49,637 - Processing file: blur_734.png
2024-11-22 13:52:50,308 - Processing file: blur_735.png
2024-11-22 13:52:50,958 - Processing file: blur_736.png
2024-11-22 13:52:51,594 - Processing file: blur_737.png
2024-11-22 13:52:52,233 - Processing file: blur_738.png
2024-11-22 13:52:52,897 - Processing file: blur_739.png
2024-11-22 13:52:53,536 - Processing file: blur_740.png
2024-11-22 13:52:54,179 - Processing file: blur_741.png
2024-11-22 13:52:54,809 - Processing file: blur_742.png
2024-11-22 13:52:55,445 - Processing file: blur_743.png
2024-11-22 13:52:56,084 - Processing file: blur_744.png
2024-11-22 13:52:56,721 - Processing file: blur_745.png
2024-11-22 13:52:57,378 - Processing file: blur_746.png
2024-11-22 13:52:58,017 - Processing file: blur_747.png
2024-11-22 13:52:58,650 - Processing file: blur_748.png
2024-11-22 13:52:59,282 - Processing file: blur_749.png
2024-11-22 13:52:59,910 - Processing file: blur_750.png
2024-11-22 13:53:00,538 - Processing file: blur_751.png
2024-11-22 13:53:01,153 - Processing file: blur_752.png
2024-11-22 13:53:01,799 - Processing file: blur_753.png
2024-11-22 13:53:02,474 - Processing file: blur_754.png
2024-11-22 13:53:03,138 - Processing file: blur_755.png
2024-11-22 13:53:03,779 - Processing file: blur_756.png
2024-11-22 13:53:04,444 - Processing file: blur_757.png
2024-11-22 13:53:05,083 - Processing file: blur_758.png
2024-11-22 13:53:05,737 - Processing file: blur_759.png
2024-11-22 13:53:06,373 - Processing file: blur_760.png
2024-11-22 13:53:07,005 - Processing file: blur_761.png
2024-11-22 13:53:07,634 - Processing file: blur_762.png
2024-11-22 13:53:08,285 - Processing file: blur_763.png
2024-11-22 13:53:08,922 - Processing file: blur_764.png
2024-11-22 13:53:09,558 - Processing file: blur_765.png
2024-11-22 13:53:10,216 - Processing file: blur_766.png
2024-11-22 13:53:10,848 - Processing file: blur_767.png
2024-11-22 13:53:11,484 - Processing file: blur_768.png
2024-11-22 13:53:12,115 - Processing file: blur_769.png
2024-11-22 13:53:12,752 - Processing file: blur_770.png
2024-11-22 13:53:13,386 - Processing file: blur_771.png
2024-11-22 13:53:14,027 - Processing file: blur_772.png
2024-11-22 13:53:14,656 - Processing file: blur_773.png
2024-11-22 13:53:15,289 - Processing file: blur_774.png
2024-11-22 13:53:15,922 - Processing file: blur_775.png
2024-11-22 13:53:16,552 - Processing file: blur_776.png
2024-11-22 13:53:17,193 - Processing file: blur_777.png
2024-11-22 13:53:17,844 - Processing file: blur_778.png
2024-11-22 13:53:18,480 - Processing file: blur_779.png
2024-11-22 13:53:19,109 - Processing file: blur_780.png
2024-11-22 13:53:19,740 - Processing file: blur_781.png
2024-11-22 13:53:20,381 - Processing file: blur_782.png
2024-11-22 13:53:21,008 - Processing file: blur_783.png
2024-11-22 13:53:21,646 - Processing file: blur_784.png
2024-11-22 13:53:22,281 - Processing file: blur_785.png
2024-11-22 13:53:22,925 - Processing file: blur_786.png
2024-11-22 13:53:23,562 - Processing file: blur_787.png
2024-11-22 13:53:24,187 - Processing file: blur_788.png
2024-11-22 13:53:24,816 - Processing file: blur_789.png
2024-11-22 13:53:25,449 - Processing file: blur_790.png
2024-11-22 13:53:26,106 - Processing file: blur_791.png
2024-11-22 13:53:26,762 - Processing file: blur_792.png
2024-11-22 13:53:27,394 - Processing file: blur_793.png
2024-11-22 13:53:28,031 - Processing file: blur_794.png
2024-11-22 13:53:28,662 - Processing file: blur_795.png
2024-11-22 13:53:29,304 - Processing file: blur_796.png
2024-11-22 13:53:29,930 - Processing file: blur_797.png
2024-11-22 13:53:30,573 - Processing file: blur_798.png
2024-11-22 13:53:31,200 - Processing file: blur_799.png
2024-11-22 13:53:31,835 - Processing file: blur_800.png
2024-11-22 13:53:32,473 - Processing file: blur_801.png
2024-11-22 13:53:33,131 - Processing file: blur_802.png
2024-11-22 13:53:33,763 - Processing file: blur_803.png
2024-11-22 13:53:34,431 - Processing file: blur_804.png
2024-11-22 13:53:35,117 - Processing file: blur_805.png
2024-11-22 13:53:35,759 - Processing file: blur_806.png
2024-11-22 13:53:36,395 - Processing file: blur_807.png
2024-11-22 13:53:37,050 - Processing file: blur_808.png
2024-11-22 13:53:37,689 - Processing file: blur_809.png
2024-11-22 13:53:38,354 - Processing file: blur_810.png
2024-11-22 13:53:39,005 - Processing file: blur_811.png
2024-11-22 13:53:39,677 - Processing file: blur_812.png
2024-11-22 13:53:40,316 - Processing file: blur_813.png
2024-11-22 13:53:40,988 - Processing file: blur_814.png
2024-11-22 13:53:41,678 - Processing file: blur_815.png
2024-11-22 13:53:42,305 - Processing file: blur_816.png
2024-11-22 13:53:42,943 - Processing file: blur_817.png
2024-11-22 13:53:43,591 - Processing file: blur_818.png
2024-11-22 13:53:44,252 - Processing file: blur_819.png
2024-11-22 13:53:44,892 - Processing file: blur_820.png
2024-11-22 13:53:45,537 - Processing file: blur_821.png
2024-11-22 13:53:46,199 - Processing file: blur_822.png
2024-11-22 13:53:46,838 - Processing file: blur_823.png
2024-11-22 13:53:47,477 - Processing file: blur_824.png
2024-11-22 13:53:48,105 - Processing file: blur_825.png
2024-11-22 13:53:48,734 - Processing file: blur_826.png
2024-11-22 13:53:49,361 - Processing file: blur_827.png
2024-11-22 13:53:49,988 - Processing file: blur_828.png
2024-11-22 13:53:50,614 - Processing file: blur_829.png
2024-11-22 13:53:51,249 - Processing file: blur_830.png
2024-11-22 13:53:51,856 - Processing file: blur_831.png
2024-11-22 13:53:52,480 - Processing file: blur_832.png
2024-11-22 13:53:53,109 - Processing file: blur_833.png
2024-11-22 13:53:53,738 - Processing file: blur_834.png
2024-11-22 13:53:54,350 - Processing file: blur_835.png
2024-11-22 13:53:54,978 - Processing file: blur_836.png
2024-11-22 13:53:55,605 - Processing file: blur_837.png
2024-11-22 13:53:56,259 - Processing file: blur_838.png
2024-11-22 13:53:56,878 - Processing file: blur_839.png
2024-11-22 13:53:57,518 - Processing file: blur_840.png
2024-11-22 13:53:58,170 - Processing file: blur_841.png
2024-11-22 13:53:58,787 - Processing file: blur_842.png
2024-11-22 13:53:59,419 - Processing file: blur_843.png
2024-11-22 13:54:00,041 - Processing file: blur_844.png
2024-11-22 13:54:00,672 - Processing file: blur_845.png
2024-11-22 13:54:01,362 - Processing file: blur_846.png
2024-11-22 13:54:02,007 - Processing file: blur_847.png
2024-11-22 13:54:02,650 - Processing file: blur_848.png
2024-11-22 13:54:03,288 - Processing file: blur_849.png
2024-11-22 13:54:03,937 - Processing file: blur_850.png
2024-11-22 13:54:04,589 - Processing file: blur_851.png
2024-11-22 13:54:05,245 - Processing file: blur_852.png
2024-11-22 13:54:05,863 - Processing file: blur_853.png
2024-11-22 13:54:06,492 - Processing file: blur_854.png
2024-11-22 13:54:07,109 - Processing file: blur_855.png
2024-11-22 13:54:07,720 - Processing file: blur_856.png
2024-11-22 13:54:08,354 - Processing file: blur_857.png
2024-11-22 13:54:08,982 - Processing file: blur_858.png
2024-11-22 13:54:09,599 - Processing file: blur_859.png
2024-11-22 13:54:10,223 - Processing file: blur_860.png
2024-11-22 13:54:10,847 - Processing file: blur_861.png
2024-11-22 13:54:11,477 - Processing file: blur_862.png
2024-11-22 13:54:12,101 - Processing file: blur_863.png
2024-11-22 13:54:12,719 - Processing file: blur_864.png
2024-11-22 13:54:13,343 - Processing file: blur_865.png
2024-11-22 13:54:13,974 - Processing file: blur_866.png
2024-11-22 13:54:14,596 - Processing file: blur_867.png
2024-11-22 13:54:15,213 - Processing file: blur_868.png
2024-11-22 13:54:15,852 - Processing file: blur_869.png
2024-11-22 13:54:16,467 - Processing file: blur_870.png
2024-11-22 13:54:17,099 - Processing file: blur_871.png
2024-11-22 13:54:17,712 - Processing file: blur_872.png
2024-11-22 13:54:18,331 - Processing file: blur_873.png
2024-11-22 13:54:18,939 - Processing file: blur_874.png
2024-11-22 13:54:19,568 - Processing file: blur_875.png
2024-11-22 13:54:20,204 - Processing file: blur_876.png
2024-11-22 13:54:20,825 - Processing file: blur_877.png
2024-11-22 13:54:21,451 - Processing file: blur_878.png
2024-11-22 13:54:22,061 - Processing file: blur_879.png
2024-11-22 13:54:22,685 - Processing file: blur_880.png
2024-11-22 13:54:23,316 - Processing file: blur_881.png
2024-11-22 13:54:23,935 - Processing file: blur_882.png
2024-11-22 13:54:24,546 - Processing file: blur_883.png
2024-11-22 13:54:25,166 - Processing file: blur_884.png
2024-11-22 13:54:25,776 - Processing file: blur_885.png
2024-11-22 13:54:26,408 - Processing file: blur_886.png
2024-11-22 13:54:27,017 - Processing file: blur_887.png
2024-11-22 13:54:27,635 - Processing file: blur_888.png
2024-11-22 13:54:28,236 - Processing file: blur_889.png
2024-11-22 13:54:28,847 - Processing file: blur_890.png
2024-11-22 13:54:29,473 - Processing file: blur_891.png
2024-11-22 13:54:30,076 - Processing file: blur_892.png
2024-11-22 13:54:30,684 - Processing file: blur_893.png
2024-11-22 13:54:31,302 - Processing file: blur_894.png
2024-11-22 13:54:31,915 - Processing file: blur_895.png
2024-11-22 13:54:32,526 - Processing file: blur_896.png
2024-11-22 13:54:33,147 - Processing file: blur_897.png
2024-11-22 13:54:33,762 - Processing file: blur_898.png
2024-11-22 13:54:34,395 - Processing file: blur_899.png
2024-11-22 13:54:35,010 - Processing file: blur_900.png
2024-11-22 13:54:35,634 - Processing file: blur_901.png
2024-11-22 13:54:36,258 - Processing file: blur_902.png
2024-11-22 13:54:36,880 - Processing file: blur_903.png
2024-11-22 13:54:37,505 - Processing file: blur_904.png
2024-11-22 13:54:38,156 - Processing file: blur_905.png
2024-11-22 13:54:38,782 - Processing file: blur_906.png
2024-11-22 13:54:39,412 - Processing file: blur_907.png
2024-11-22 13:54:40,038 - Processing file: blur_908.png
2024-11-22 13:54:40,689 - Processing file: blur_909.png
2024-11-22 13:54:41,330 - Processing file: blur_910.png
2024-11-22 13:54:41,953 - Processing file: blur_911.png
2024-11-22 13:54:42,591 - Processing file: blur_912.png
2024-11-22 13:54:43,218 - Processing file: blur_913.png
2024-11-22 13:54:43,844 - Processing file: blur_914.png
2024-11-22 13:54:44,476 - Processing file: blur_915.png
2024-11-22 13:54:45,103 - Processing file: blur_916.png
2024-11-22 13:54:45,724 - Processing file: blur_917.png
2024-11-22 13:54:46,358 - Processing file: blur_918.png
2024-11-22 13:54:46,988 - Processing file: blur_919.png
2024-11-22 13:54:47,628 - Processing file: blur_920.png
2024-11-22 13:54:48,257 - Processing file: blur_921.png
2024-11-22 13:54:48,875 - Processing file: blur_922.png
2024-11-22 13:54:49,499 - Processing file: blur_923.png
2024-11-22 13:54:50,127 - Processing file: blur_924.png
2024-11-22 13:54:50,746 - Processing file: blur_925.png
2024-11-22 13:54:51,364 - Processing file: blur_926.png
2024-11-22 13:54:51,990 - Processing file: blur_927.png
2024-11-22 13:54:52,630 - Processing file: blur_928.png
2024-11-22 13:54:53,273 - Processing file: blur_929.png
2024-11-22 13:54:53,892 - Processing file: blur_930.png
2024-11-22 13:54:54,536 - Processing file: blur_931.png
2024-11-22 13:54:55,158 - Processing file: blur_932.png
2024-11-22 13:54:55,774 - Processing file: blur_933.png
2024-11-22 13:54:56,407 - Processing file: blur_934.png
2024-11-22 13:54:57,029 - Processing file: blur_935.png
2024-11-22 13:54:57,655 - Processing file: blur_936.png
2024-11-22 13:54:58,258 - Processing file: blur_937.png
2024-11-22 13:54:58,852 - Processing file: blur_938.png
2024-11-22 13:54:59,480 - Processing file: blur_939.png
2024-11-22 13:55:00,094 - Processing file: blur_940.png
2024-11-22 13:55:00,706 - Processing file: blur_941.png
2024-11-22 13:55:01,333 - Processing file: blur_942.png
2024-11-22 13:55:01,975 - Processing file: blur_943.png
2024-11-22 13:55:02,632 - Processing file: blur_944.png
2024-11-22 13:55:03,261 - Processing file: blur_945.png
2024-11-22 13:55:03,887 - Processing file: blur_946.png
2024-11-22 13:55:04,507 - Processing file: blur_947.png
2024-11-22 13:55:05,144 - Processing file: blur_948.png
2024-11-22 13:55:05,775 - Processing file: blur_949.png
2024-11-22 13:55:06,400 - Processing file: blur_950.png
2024-11-22 13:55:07,027 - Processing file: blur_951.png
2024-11-22 13:55:07,656 - Processing file: blur_952.png
2024-11-22 13:55:08,302 - Processing file: blur_953.png
2024-11-22 13:55:08,940 - Processing file: blur_954.png
2024-11-22 13:55:09,571 - Processing file: blur_955.png
2024-11-22 13:55:10,195 - Processing file: blur_956.png
2024-11-22 13:55:10,838 - Processing file: blur_957.png
2024-11-22 13:55:11,479 - Processing file: blur_958.png
2024-11-22 13:55:12,114 - Processing file: blur_959.png
2024-11-22 13:55:12,742 - Processing file: blur_960.png
2024-11-22 13:55:13,398 - Processing file: blur_961.png
2024-11-22 13:55:14,022 - Processing file: blur_962.png
2024-11-22 13:55:14,673 - Processing file: blur_963.png
2024-11-22 13:55:15,301 - Processing file: blur_964.png
2024-11-22 13:55:15,919 - Processing file: blur_965.png
2024-11-22 13:55:16,570 - Processing file: blur_966.png
2024-11-22 13:55:17,243 - Processing file: blur_967.png
2024-11-22 13:55:17,870 - Processing file: blur_968.png
2024-11-22 13:55:18,522 - Processing file: blur_969.png
2024-11-22 13:55:19,140 - Processing file: blur_970.png
2024-11-22 13:55:19,757 - Processing file: blur_971.png
2024-11-22 13:55:20,408 - Processing file: blur_972.png
2024-11-22 13:55:21,019 - Processing file: blur_973.png
2024-11-22 13:55:21,644 - Processing file: blur_974.png
2024-11-22 13:55:22,262 - Processing file: blur_975.png
2024-11-22 13:55:22,896 - Processing file: blur_976.png
2024-11-22 13:55:23,521 - Processing file: blur_977.png
2024-11-22 13:55:24,130 - Processing file: blur_978.png
2024-11-22 13:55:24,746 - Processing file: blur_979.png
2024-11-22 13:55:25,366 - Processing file: blur_980.png
2024-11-22 13:55:25,972 - Inference completed in 643.27 seconds.
2024-11-22 13:55:25,973 - Overall Metrics - PSNR: 37.1943, SSIM: 0.9644, MAE: 0.0071, LPIPS: 0.0342, DeltaE: 0.6851
