2024-11-22 13:16:16,955 - ==========================================
2024-11-22 13:16:16,956 - Starting inference for model: best_new_model, dataset: RealBlur-J
2024-11-22 13:16:16,956 - Input Directory: ./inference/dataset/motion/testrealblur/RealBlur-J
2024-11-22 13:16:16,956 - Results Directory: ./inference/results/motion/testrealblur/RealBlur-J
2024-11-22 13:16:16,956 - ==========================================
2024-11-22 13:16:16,988 - Found 980 input images and 980 target images.
2024-11-22 13:16:16,989 - Processing file: blur_1.png
2024-11-22 13:16:17,800 - Processing file: blur_2.png
2024-11-22 13:16:18,441 - Processing file: blur_3.png
2024-11-22 13:16:19,075 - Processing file: blur_4.png
2024-11-22 13:16:19,680 - Processing file: blur_5.png
2024-11-22 13:16:20,319 - Processing file: blur_6.png
2024-11-22 13:16:20,938 - Processing file: blur_7.png
2024-11-22 13:16:21,548 - Processing file: blur_8.png
2024-11-22 13:16:22,152 - Processing file: blur_9.png
2024-11-22 13:16:22,820 - Processing file: blur_10.png
2024-11-22 13:16:23,446 - Processing file: blur_11.png
2024-11-22 13:16:24,053 - Processing file: blur_12.png
2024-11-22 13:16:24,678 - Processing file: blur_13.png
2024-11-22 13:16:25,296 - Processing file: blur_14.png
2024-11-22 13:16:25,906 - Processing file: blur_15.png
2024-11-22 13:16:26,542 - Processing file: blur_16.png
2024-11-22 13:16:27,161 - Processing file: blur_17.png
2024-11-22 13:16:27,769 - Processing file: blur_18.png
2024-11-22 13:16:28,387 - Processing file: blur_19.png
2024-11-22 13:16:29,008 - Processing file: blur_20.png
2024-11-22 13:16:29,642 - Processing file: blur_21.png
2024-11-22 13:16:30,265 - Processing file: blur_22.png
2024-11-22 13:16:30,921 - Processing file: blur_23.png
2024-11-22 13:16:31,545 - Processing file: blur_24.png
2024-11-22 13:16:32,184 - Processing file: blur_25.png
2024-11-22 13:16:32,806 - Processing file: blur_26.png
2024-11-22 13:16:33,443 - Processing file: blur_27.png
2024-11-22 13:16:34,096 - Processing file: blur_28.png
2024-11-22 13:16:34,733 - Processing file: blur_29.png
2024-11-22 13:16:35,378 - Processing file: blur_30.png
2024-11-22 13:16:36,015 - Processing file: blur_31.png
2024-11-22 13:16:36,654 - Processing file: blur_32.png
2024-11-22 13:16:37,285 - Processing file: blur_33.png
2024-11-22 13:16:37,909 - Processing file: blur_34.png
2024-11-22 13:16:38,534 - Processing file: blur_35.png
2024-11-22 13:16:39,159 - Processing file: blur_36.png
2024-11-22 13:16:39,798 - Processing file: blur_37.png
2024-11-22 13:16:40,434 - Processing file: blur_38.png
2024-11-22 13:16:41,085 - Processing file: blur_39.png
2024-11-22 13:16:41,705 - Processing file: blur_40.png
2024-11-22 13:16:42,363 - Processing file: blur_41.png
2024-11-22 13:16:43,021 - Processing file: blur_42.png
2024-11-22 13:16:43,662 - Processing file: blur_43.png
2024-11-22 13:16:44,301 - Processing file: blur_44.png
2024-11-22 13:16:44,969 - Processing file: blur_45.png
2024-11-22 13:16:45,616 - Processing file: blur_46.png
2024-11-22 13:16:46,276 - Processing file: blur_47.png
2024-11-22 13:16:46,913 - Processing file: blur_48.png
2024-11-22 13:16:47,546 - Processing file: blur_49.png
2024-11-22 13:16:48,174 - Processing file: blur_50.png
2024-11-22 13:16:48,800 - Processing file: blur_51.png
2024-11-22 13:16:49,467 - Processing file: blur_52.png
2024-11-22 13:16:50,126 - Processing file: blur_53.png
2024-11-22 13:16:50,768 - Processing file: blur_54.png
2024-11-22 13:16:51,410 - Processing file: blur_55.png
2024-11-22 13:16:52,057 - Processing file: blur_56.png
2024-11-22 13:16:52,680 - Processing file: blur_57.png
2024-11-22 13:16:53,368 - Processing file: blur_58.png
2024-11-22 13:16:54,012 - Processing file: blur_59.png
2024-11-22 13:16:54,646 - Processing file: blur_60.png
2024-11-22 13:16:55,302 - Processing file: blur_61.png
2024-11-22 13:16:55,978 - Processing file: blur_62.png
2024-11-22 13:16:56,675 - Processing file: blur_63.png
2024-11-22 13:16:57,355 - Processing file: blur_64.png
2024-11-22 13:16:58,032 - Processing file: blur_65.png
2024-11-22 13:16:58,691 - Processing file: blur_66.png
2024-11-22 13:16:59,360 - Processing file: blur_67.png
2024-11-22 13:16:59,986 - Processing file: blur_68.png
2024-11-22 13:17:00,613 - Processing file: blur_69.png
2024-11-22 13:17:01,249 - Processing file: blur_70.png
2024-11-22 13:17:01,884 - Processing file: blur_71.png
2024-11-22 13:17:02,573 - Processing file: blur_72.png
2024-11-22 13:17:03,223 - Processing file: blur_73.png
2024-11-22 13:17:03,859 - Processing file: blur_74.png
2024-11-22 13:17:04,502 - Processing file: blur_75.png
2024-11-22 13:17:05,158 - Processing file: blur_76.png
2024-11-22 13:17:05,798 - Processing file: blur_77.png
2024-11-22 13:17:06,476 - Processing file: blur_78.png
2024-11-22 13:17:07,108 - Processing file: blur_79.png
2024-11-22 13:17:07,769 - Processing file: blur_80.png
2024-11-22 13:17:08,422 - Processing file: blur_81.png
2024-11-22 13:17:09,047 - Processing file: blur_82.png
2024-11-22 13:17:09,682 - Processing file: blur_83.png
2024-11-22 13:17:10,312 - Processing file: blur_84.png
2024-11-22 13:17:10,954 - Processing file: blur_85.png
2024-11-22 13:17:11,602 - Processing file: blur_86.png
2024-11-22 13:17:12,230 - Processing file: blur_87.png
2024-11-22 13:17:12,866 - Processing file: blur_88.png
2024-11-22 13:17:13,489 - Processing file: blur_89.png
2024-11-22 13:17:14,134 - Processing file: blur_90.png
2024-11-22 13:17:14,796 - Processing file: blur_91.png
2024-11-22 13:17:15,430 - Processing file: blur_92.png
2024-11-22 13:17:16,062 - Processing file: blur_93.png
2024-11-22 13:17:16,738 - Processing file: blur_94.png
2024-11-22 13:17:17,377 - Processing file: blur_95.png
2024-11-22 13:17:18,036 - Processing file: blur_96.png
2024-11-22 13:17:18,675 - Processing file: blur_97.png
2024-11-22 13:17:19,297 - Processing file: blur_98.png
2024-11-22 13:17:19,923 - Processing file: blur_99.png
2024-11-22 13:17:20,558 - Processing file: blur_100.png
2024-11-22 13:17:21,235 - Processing file: blur_101.png
2024-11-22 13:17:21,888 - Processing file: blur_102.png
2024-11-22 13:17:22,546 - Processing file: blur_103.png
2024-11-22 13:17:23,227 - Processing file: blur_104.png
2024-11-22 13:17:23,890 - Processing file: blur_105.png
2024-11-22 13:17:24,528 - Processing file: blur_106.png
2024-11-22 13:17:25,164 - Processing file: blur_107.png
2024-11-22 13:17:25,791 - Processing file: blur_108.png
2024-11-22 13:17:26,433 - Processing file: blur_109.png
2024-11-22 13:17:27,057 - Processing file: blur_110.png
2024-11-22 13:17:27,682 - Processing file: blur_111.png
2024-11-22 13:17:28,305 - Processing file: blur_112.png
2024-11-22 13:17:28,932 - Processing file: blur_113.png
2024-11-22 13:17:29,558 - Processing file: blur_114.png
2024-11-22 13:17:30,178 - Processing file: blur_115.png
2024-11-22 13:17:30,799 - Processing file: blur_116.png
2024-11-22 13:17:31,425 - Processing file: blur_117.png
2024-11-22 13:17:32,066 - Processing file: blur_118.png
2024-11-22 13:17:32,686 - Processing file: blur_119.png
2024-11-22 13:17:33,301 - Processing file: blur_120.png
2024-11-22 13:17:33,924 - Processing file: blur_121.png
2024-11-22 13:17:34,551 - Processing file: blur_122.png
2024-11-22 13:17:35,187 - Processing file: blur_123.png
2024-11-22 13:17:35,807 - Processing file: blur_124.png
2024-11-22 13:17:36,438 - Processing file: blur_125.png
2024-11-22 13:17:37,061 - Processing file: blur_126.png
2024-11-22 13:17:37,683 - Processing file: blur_127.png
2024-11-22 13:17:38,323 - Processing file: blur_128.png
2024-11-22 13:17:38,946 - Processing file: blur_129.png
2024-11-22 13:17:39,571 - Processing file: blur_130.png
2024-11-22 13:17:40,197 - Processing file: blur_131.png
2024-11-22 13:17:40,814 - Processing file: blur_132.png
2024-11-22 13:17:41,452 - Processing file: blur_133.png
2024-11-22 13:17:42,067 - Processing file: blur_134.png
2024-11-22 13:17:42,686 - Processing file: blur_135.png
2024-11-22 13:17:43,321 - Processing file: blur_136.png
2024-11-22 13:17:43,936 - Processing file: blur_137.png
2024-11-22 13:17:44,573 - Processing file: blur_138.png
2024-11-22 13:17:45,189 - Processing file: blur_139.png
2024-11-22 13:17:45,804 - Processing file: blur_140.png
2024-11-22 13:17:46,420 - Processing file: blur_141.png
2024-11-22 13:17:47,054 - Processing file: blur_142.png
2024-11-22 13:17:47,680 - Processing file: blur_143.png
2024-11-22 13:17:48,292 - Processing file: blur_144.png
2024-11-22 13:17:48,926 - Processing file: blur_145.png
2024-11-22 13:17:49,541 - Processing file: blur_146.png
2024-11-22 13:17:50,157 - Processing file: blur_147.png
2024-11-22 13:17:50,774 - Processing file: blur_148.png
2024-11-22 13:17:51,393 - Processing file: blur_149.png
2024-11-22 13:17:52,005 - Processing file: blur_150.png
2024-11-22 13:17:52,628 - Processing file: blur_151.png
2024-11-22 13:17:53,267 - Processing file: blur_152.png
2024-11-22 13:17:53,881 - Processing file: blur_153.png
2024-11-22 13:17:54,545 - Processing file: blur_154.png
2024-11-22 13:17:55,170 - Processing file: blur_155.png
2024-11-22 13:17:55,794 - Processing file: blur_156.png
2024-11-22 13:17:56,420 - Processing file: blur_157.png
2024-11-22 13:17:57,044 - Processing file: blur_158.png
2024-11-22 13:17:57,691 - Processing file: blur_159.png
2024-11-22 13:17:58,306 - Processing file: blur_160.png
2024-11-22 13:17:58,933 - Processing file: blur_161.png
2024-11-22 13:17:59,569 - Processing file: blur_162.png
2024-11-22 13:18:00,184 - Processing file: blur_163.png
2024-11-22 13:18:00,802 - Processing file: blur_164.png
2024-11-22 13:18:01,422 - Processing file: blur_165.png
2024-11-22 13:18:02,068 - Processing file: blur_166.png
2024-11-22 13:18:02,687 - Processing file: blur_167.png
2024-11-22 13:18:03,310 - Processing file: blur_168.png
2024-11-22 13:18:03,932 - Processing file: blur_169.png
2024-11-22 13:18:04,560 - Processing file: blur_170.png
2024-11-22 13:18:05,181 - Processing file: blur_171.png
2024-11-22 13:18:05,796 - Processing file: blur_172.png
2024-11-22 13:18:06,417 - Processing file: blur_173.png
2024-11-22 13:18:07,032 - Processing file: blur_174.png
2024-11-22 13:18:07,656 - Processing file: blur_175.png
2024-11-22 13:18:08,287 - Processing file: blur_176.png
2024-11-22 13:18:08,911 - Processing file: blur_177.png
2024-11-22 13:18:09,528 - Processing file: blur_178.png
2024-11-22 13:18:10,153 - Processing file: blur_179.png
2024-11-22 13:18:10,762 - Processing file: blur_180.png
2024-11-22 13:18:11,409 - Processing file: blur_181.png
2024-11-22 13:18:12,028 - Processing file: blur_182.png
2024-11-22 13:18:12,666 - Processing file: blur_183.png
2024-11-22 13:18:13,289 - Processing file: blur_184.png
2024-11-22 13:18:13,916 - Processing file: blur_185.png
2024-11-22 13:18:14,549 - Processing file: blur_186.png
2024-11-22 13:18:15,168 - Processing file: blur_187.png
2024-11-22 13:18:15,787 - Processing file: blur_188.png
2024-11-22 13:18:16,421 - Processing file: blur_189.png
2024-11-22 13:18:17,052 - Processing file: blur_190.png
2024-11-22 13:18:17,674 - Processing file: blur_191.png
2024-11-22 13:18:18,297 - Processing file: blur_192.png
2024-11-22 13:18:18,920 - Processing file: blur_193.png
2024-11-22 13:18:19,536 - Processing file: blur_194.png
2024-11-22 13:18:20,163 - Processing file: blur_195.png
2024-11-22 13:18:20,780 - Processing file: blur_196.png
2024-11-22 13:18:21,402 - Processing file: blur_197.png
2024-11-22 13:18:22,015 - Processing file: blur_198.png
2024-11-22 13:18:22,638 - Processing file: blur_199.png
2024-11-22 13:18:23,259 - Processing file: blur_200.png
2024-11-22 13:18:23,885 - Processing file: blur_201.png
2024-11-22 13:18:24,503 - Processing file: blur_202.png
2024-11-22 13:18:25,123 - Processing file: blur_203.png
2024-11-22 13:18:25,736 - Processing file: blur_204.png
2024-11-22 13:18:26,391 - Processing file: blur_205.png
2024-11-22 13:18:27,015 - Processing file: blur_206.png
2024-11-22 13:18:27,612 - Processing file: blur_207.png
2024-11-22 13:18:28,221 - Processing file: blur_208.png
2024-11-22 13:18:28,835 - Processing file: blur_209.png
2024-11-22 13:18:29,456 - Processing file: blur_210.png
2024-11-22 13:18:30,084 - Processing file: blur_211.png
2024-11-22 13:18:30,698 - Processing file: blur_212.png
2024-11-22 13:18:31,316 - Processing file: blur_213.png
2024-11-22 13:18:31,946 - Processing file: blur_214.png
2024-11-22 13:18:32,575 - Processing file: blur_215.png
2024-11-22 13:18:33,229 - Processing file: blur_216.png
2024-11-22 13:18:33,892 - Processing file: blur_217.png
2024-11-22 13:18:34,550 - Processing file: blur_218.png
2024-11-22 13:18:35,230 - Processing file: blur_219.png
2024-11-22 13:18:35,872 - Processing file: blur_220.png
2024-11-22 13:18:36,497 - Processing file: blur_221.png
2024-11-22 13:18:37,127 - Processing file: blur_222.png
2024-11-22 13:18:37,762 - Processing file: blur_223.png
2024-11-22 13:18:38,403 - Processing file: blur_224.png
2024-11-22 13:18:39,032 - Processing file: blur_225.png
2024-11-22 13:18:39,664 - Processing file: blur_226.png
2024-11-22 13:18:40,319 - Processing file: blur_227.png
2024-11-22 13:18:40,965 - Processing file: blur_228.png
2024-11-22 13:18:41,598 - Processing file: blur_229.png
2024-11-22 13:18:42,225 - Processing file: blur_230.png
2024-11-22 13:18:42,877 - Processing file: blur_231.png
2024-11-22 13:18:43,535 - Processing file: blur_232.png
2024-11-22 13:18:44,189 - Processing file: blur_233.png
2024-11-22 13:18:44,813 - Processing file: blur_234.png
2024-11-22 13:18:45,435 - Processing file: blur_235.png
2024-11-22 13:18:46,076 - Processing file: blur_236.png
2024-11-22 13:18:46,738 - Processing file: blur_237.png
2024-11-22 13:18:47,378 - Processing file: blur_238.png
2024-11-22 13:18:47,993 - Processing file: blur_239.png
2024-11-22 13:18:48,630 - Processing file: blur_240.png
2024-11-22 13:18:49,265 - Processing file: blur_241.png
2024-11-22 13:18:49,892 - Processing file: blur_242.png
2024-11-22 13:18:50,531 - Processing file: blur_243.png
2024-11-22 13:18:51,161 - Processing file: blur_244.png
2024-11-22 13:18:51,809 - Processing file: blur_245.png
2024-11-22 13:18:52,458 - Processing file: blur_246.png
2024-11-22 13:18:53,097 - Processing file: blur_247.png
2024-11-22 13:18:53,710 - Processing file: blur_248.png
2024-11-22 13:18:54,324 - Processing file: blur_249.png
2024-11-22 13:18:54,957 - Processing file: blur_250.png
2024-11-22 13:18:55,595 - Processing file: blur_251.png
2024-11-22 13:18:56,228 - Processing file: blur_252.png
2024-11-22 13:18:56,859 - Processing file: blur_253.png
2024-11-22 13:18:57,501 - Processing file: blur_254.png
2024-11-22 13:18:58,129 - Processing file: blur_255.png
2024-11-22 13:18:58,773 - Processing file: blur_256.png
2024-11-22 13:18:59,427 - Processing file: blur_257.png
2024-11-22 13:19:00,057 - Processing file: blur_258.png
2024-11-22 13:19:00,682 - Processing file: blur_259.png
2024-11-22 13:19:01,308 - Processing file: blur_260.png
2024-11-22 13:19:01,938 - Processing file: blur_261.png
2024-11-22 13:19:02,573 - Processing file: blur_262.png
2024-11-22 13:19:03,199 - Processing file: blur_263.png
2024-11-22 13:19:03,827 - Processing file: blur_264.png
2024-11-22 13:19:04,450 - Processing file: blur_265.png
2024-11-22 13:19:05,085 - Processing file: blur_266.png
2024-11-22 13:19:05,712 - Processing file: blur_267.png
2024-11-22 13:19:06,332 - Processing file: blur_268.png
2024-11-22 13:19:06,962 - Processing file: blur_269.png
2024-11-22 13:19:07,595 - Processing file: blur_270.png
2024-11-22 13:19:08,234 - Processing file: blur_271.png
2024-11-22 13:19:08,857 - Processing file: blur_272.png
2024-11-22 13:19:09,482 - Processing file: blur_273.png
2024-11-22 13:19:10,101 - Processing file: blur_274.png
2024-11-22 13:19:10,722 - Processing file: blur_275.png
2024-11-22 13:19:11,355 - Processing file: blur_276.png
2024-11-22 13:19:11,981 - Processing file: blur_277.png
2024-11-22 13:19:12,607 - Processing file: blur_278.png
2024-11-22 13:19:13,226 - Processing file: blur_279.png
2024-11-22 13:19:13,857 - Processing file: blur_280.png
2024-11-22 13:19:14,493 - Processing file: blur_281.png
2024-11-22 13:19:15,114 - Processing file: blur_282.png
2024-11-22 13:19:15,739 - Processing file: blur_283.png
2024-11-22 13:19:16,361 - Processing file: blur_284.png
2024-11-22 13:19:16,987 - Processing file: blur_285.png
2024-11-22 13:19:17,610 - Processing file: blur_286.png
2024-11-22 13:19:18,245 - Processing file: blur_287.png
2024-11-22 13:19:18,870 - Processing file: blur_288.png
2024-11-22 13:19:19,486 - Processing file: blur_289.png
2024-11-22 13:19:20,116 - Processing file: blur_290.png
2024-11-22 13:19:20,726 - Processing file: blur_291.png
2024-11-22 13:19:21,345 - Processing file: blur_292.png
2024-11-22 13:19:21,972 - Processing file: blur_293.png
2024-11-22 13:19:22,588 - Processing file: blur_294.png
2024-11-22 13:19:23,228 - Processing file: blur_295.png
2024-11-22 13:19:23,855 - Processing file: blur_296.png
2024-11-22 13:19:24,477 - Processing file: blur_297.png
2024-11-22 13:19:25,105 - Processing file: blur_298.png
2024-11-22 13:19:25,727 - Processing file: blur_299.png
2024-11-22 13:19:26,354 - Processing file: blur_300.png
2024-11-22 13:19:26,981 - Processing file: blur_301.png
2024-11-22 13:19:27,604 - Processing file: blur_302.png
2024-11-22 13:19:28,226 - Processing file: blur_303.png
2024-11-22 13:19:28,853 - Processing file: blur_304.png
2024-11-22 13:19:29,484 - Processing file: blur_305.png
2024-11-22 13:19:30,109 - Processing file: blur_306.png
2024-11-22 13:19:30,731 - Processing file: blur_307.png
2024-11-22 13:19:31,355 - Processing file: blur_308.png
2024-11-22 13:19:31,988 - Processing file: blur_309.png
2024-11-22 13:19:32,613 - Processing file: blur_310.png
2024-11-22 13:19:33,235 - Processing file: blur_311.png
2024-11-22 13:19:33,860 - Processing file: blur_312.png
2024-11-22 13:19:34,479 - Processing file: blur_313.png
2024-11-22 13:19:35,122 - Processing file: blur_314.png
2024-11-22 13:19:35,739 - Processing file: blur_315.png
2024-11-22 13:19:36,369 - Processing file: blur_316.png
2024-11-22 13:19:36,997 - Processing file: blur_317.png
2024-11-22 13:19:37,616 - Processing file: blur_318.png
2024-11-22 13:19:38,262 - Processing file: blur_319.png
2024-11-22 13:19:38,883 - Processing file: blur_320.png
2024-11-22 13:19:39,507 - Processing file: blur_321.png
2024-11-22 13:19:40,136 - Processing file: blur_322.png
2024-11-22 13:19:40,752 - Processing file: blur_323.png
2024-11-22 13:19:41,387 - Processing file: blur_324.png
2024-11-22 13:19:42,009 - Processing file: blur_325.png
2024-11-22 13:19:42,634 - Processing file: blur_326.png
2024-11-22 13:19:43,257 - Processing file: blur_327.png
2024-11-22 13:19:43,883 - Processing file: blur_328.png
2024-11-22 13:19:44,510 - Processing file: blur_329.png
2024-11-22 13:19:45,138 - Processing file: blur_330.png
2024-11-22 13:19:45,762 - Processing file: blur_331.png
2024-11-22 13:19:46,388 - Processing file: blur_332.png
2024-11-22 13:19:47,019 - Processing file: blur_333.png
2024-11-22 13:19:47,647 - Processing file: blur_334.png
2024-11-22 13:19:48,258 - Processing file: blur_335.png
2024-11-22 13:19:48,879 - Processing file: blur_336.png
2024-11-22 13:19:49,514 - Processing file: blur_337.png
2024-11-22 13:19:50,165 - Processing file: blur_338.png
2024-11-22 13:19:50,830 - Processing file: blur_339.png
2024-11-22 13:19:51,491 - Processing file: blur_340.png
2024-11-22 13:19:52,146 - Processing file: blur_341.png
2024-11-22 13:19:52,800 - Processing file: blur_342.png
2024-11-22 13:19:53,445 - Processing file: blur_343.png
2024-11-22 13:19:54,107 - Processing file: blur_344.png
2024-11-22 13:19:54,772 - Processing file: blur_345.png
2024-11-22 13:19:55,422 - Processing file: blur_346.png
2024-11-22 13:19:56,072 - Processing file: blur_347.png
2024-11-22 13:19:56,716 - Processing file: blur_348.png
2024-11-22 13:19:57,348 - Processing file: blur_349.png
2024-11-22 13:19:57,979 - Processing file: blur_350.png
2024-11-22 13:19:58,651 - Processing file: blur_351.png
2024-11-22 13:19:59,312 - Processing file: blur_352.png
2024-11-22 13:19:59,967 - Processing file: blur_353.png
2024-11-22 13:20:00,611 - Processing file: blur_354.png
2024-11-22 13:20:01,239 - Processing file: blur_355.png
2024-11-22 13:20:01,865 - Processing file: blur_356.png
2024-11-22 13:20:02,513 - Processing file: blur_357.png
2024-11-22 13:20:03,175 - Processing file: blur_358.png
2024-11-22 13:20:03,833 - Processing file: blur_359.png
2024-11-22 13:20:04,477 - Processing file: blur_360.png
2024-11-22 13:20:05,131 - Processing file: blur_361.png
2024-11-22 13:20:05,783 - Processing file: blur_362.png
2024-11-22 13:20:06,411 - Processing file: blur_363.png
2024-11-22 13:20:07,074 - Processing file: blur_364.png
2024-11-22 13:20:07,821 - Processing file: blur_365.png
2024-11-22 13:20:08,524 - Processing file: blur_366.png
2024-11-22 13:20:09,200 - Processing file: blur_367.png
2024-11-22 13:20:09,891 - Processing file: blur_368.png
2024-11-22 13:20:10,599 - Processing file: blur_369.png
2024-11-22 13:20:11,270 - Processing file: blur_370.png
2024-11-22 13:20:11,906 - Processing file: blur_371.png
2024-11-22 13:20:12,546 - Processing file: blur_372.png
2024-11-22 13:20:13,189 - Processing file: blur_373.png
2024-11-22 13:20:13,831 - Processing file: blur_374.png
2024-11-22 13:20:14,485 - Processing file: blur_375.png
2024-11-22 13:20:15,142 - Processing file: blur_376.png
2024-11-22 13:20:15,784 - Processing file: blur_377.png
2024-11-22 13:20:16,421 - Processing file: blur_378.png
2024-11-22 13:20:17,095 - Processing file: blur_379.png
2024-11-22 13:20:17,751 - Processing file: blur_380.png
2024-11-22 13:20:18,404 - Processing file: blur_381.png
2024-11-22 13:20:19,053 - Processing file: blur_382.png
2024-11-22 13:20:19,719 - Processing file: blur_383.png
2024-11-22 13:20:20,385 - Processing file: blur_384.png
2024-11-22 13:20:21,032 - Processing file: blur_385.png
2024-11-22 13:20:21,685 - Processing file: blur_386.png
2024-11-22 13:20:22,351 - Processing file: blur_387.png
2024-11-22 13:20:23,004 - Processing file: blur_388.png
2024-11-22 13:20:23,667 - Processing file: blur_389.png
2024-11-22 13:20:24,325 - Processing file: blur_390.png
2024-11-22 13:20:24,982 - Processing file: blur_391.png
2024-11-22 13:20:25,633 - Processing file: blur_392.png
2024-11-22 13:20:26,292 - Processing file: blur_393.png
2024-11-22 13:20:26,948 - Processing file: blur_394.png
2024-11-22 13:20:27,609 - Processing file: blur_395.png
2024-11-22 13:20:28,246 - Processing file: blur_396.png
2024-11-22 13:20:28,883 - Processing file: blur_397.png
2024-11-22 13:20:29,530 - Processing file: blur_398.png
2024-11-22 13:20:30,177 - Processing file: blur_399.png
2024-11-22 13:20:30,810 - Processing file: blur_400.png
2024-11-22 13:20:31,459 - Processing file: blur_401.png
2024-11-22 13:20:32,115 - Processing file: blur_402.png
2024-11-22 13:20:32,735 - Processing file: blur_403.png
2024-11-22 13:20:33,366 - Processing file: blur_404.png
2024-11-22 13:20:34,003 - Processing file: blur_405.png
2024-11-22 13:20:34,642 - Processing file: blur_406.png
2024-11-22 13:20:35,291 - Processing file: blur_407.png
2024-11-22 13:20:35,925 - Processing file: blur_408.png
2024-11-22 13:20:36,564 - Processing file: blur_409.png
2024-11-22 13:20:37,197 - Processing file: blur_410.png
2024-11-22 13:20:37,831 - Processing file: blur_411.png
2024-11-22 13:20:38,478 - Processing file: blur_412.png
2024-11-22 13:20:39,100 - Processing file: blur_413.png
2024-11-22 13:20:39,743 - Processing file: blur_414.png
2024-11-22 13:20:40,388 - Processing file: blur_415.png
2024-11-22 13:20:41,047 - Processing file: blur_416.png
2024-11-22 13:20:41,706 - Processing file: blur_417.png
2024-11-22 13:20:42,359 - Processing file: blur_418.png
2024-11-22 13:20:43,017 - Processing file: blur_419.png
2024-11-22 13:20:43,670 - Processing file: blur_420.png
2024-11-22 13:20:44,333 - Processing file: blur_421.png
2024-11-22 13:20:44,993 - Processing file: blur_422.png
2024-11-22 13:20:45,648 - Processing file: blur_423.png
2024-11-22 13:20:46,273 - Processing file: blur_424.png
2024-11-22 13:20:46,930 - Processing file: blur_425.png
2024-11-22 13:20:47,587 - Processing file: blur_426.png
2024-11-22 13:20:48,235 - Processing file: blur_427.png
2024-11-22 13:20:48,881 - Processing file: blur_428.png
2024-11-22 13:20:49,560 - Processing file: blur_429.png
2024-11-22 13:20:50,216 - Processing file: blur_430.png
2024-11-22 13:20:50,840 - Processing file: blur_431.png
2024-11-22 13:20:51,467 - Processing file: blur_432.png
2024-11-22 13:20:52,086 - Processing file: blur_433.png
2024-11-22 13:20:52,709 - Processing file: blur_434.png
2024-11-22 13:20:53,343 - Processing file: blur_435.png
2024-11-22 13:20:53,961 - Processing file: blur_436.png
2024-11-22 13:20:54,576 - Processing file: blur_437.png
2024-11-22 13:20:55,195 - Processing file: blur_438.png
2024-11-22 13:20:55,823 - Processing file: blur_439.png
2024-11-22 13:20:56,470 - Processing file: blur_440.png
2024-11-22 13:20:57,095 - Processing file: blur_441.png
2024-11-22 13:20:57,721 - Processing file: blur_442.png
2024-11-22 13:20:58,371 - Processing file: blur_443.png
2024-11-22 13:20:59,000 - Processing file: blur_444.png
2024-11-22 13:20:59,613 - Processing file: blur_445.png
2024-11-22 13:21:00,238 - Processing file: blur_446.png
2024-11-22 13:21:00,867 - Processing file: blur_447.png
2024-11-22 13:21:01,491 - Processing file: blur_448.png
2024-11-22 13:21:02,127 - Processing file: blur_449.png
2024-11-22 13:21:02,751 - Processing file: blur_450.png
2024-11-22 13:21:03,379 - Processing file: blur_451.png
2024-11-22 13:21:04,001 - Processing file: blur_452.png
2024-11-22 13:21:04,629 - Processing file: blur_453.png
2024-11-22 13:21:05,263 - Processing file: blur_454.png
2024-11-22 13:21:05,883 - Processing file: blur_455.png
2024-11-22 13:21:06,515 - Processing file: blur_456.png
2024-11-22 13:21:07,138 - Processing file: blur_457.png
2024-11-22 13:21:07,748 - Processing file: blur_458.png
2024-11-22 13:21:08,376 - Processing file: blur_459.png
2024-11-22 13:21:08,994 - Processing file: blur_460.png
2024-11-22 13:21:09,610 - Processing file: blur_461.png
2024-11-22 13:21:10,257 - Processing file: blur_462.png
2024-11-22 13:21:10,895 - Processing file: blur_463.png
2024-11-22 13:21:11,556 - Processing file: blur_464.png
2024-11-22 13:21:12,164 - Processing file: blur_465.png
2024-11-22 13:21:12,789 - Processing file: blur_466.png
2024-11-22 13:21:13,433 - Processing file: blur_467.png
2024-11-22 13:21:14,077 - Processing file: blur_468.png
2024-11-22 13:21:14,715 - Processing file: blur_469.png
2024-11-22 13:21:15,381 - Processing file: blur_470.png
2024-11-22 13:21:16,010 - Processing file: blur_471.png
2024-11-22 13:21:16,636 - Processing file: blur_472.png
2024-11-22 13:21:17,293 - Processing file: blur_473.png
2024-11-22 13:21:17,940 - Processing file: blur_474.png
2024-11-22 13:21:18,577 - Processing file: blur_475.png
2024-11-22 13:21:19,210 - Processing file: blur_476.png
2024-11-22 13:21:19,845 - Processing file: blur_477.png
2024-11-22 13:21:20,471 - Processing file: blur_478.png
2024-11-22 13:21:21,112 - Processing file: blur_479.png
2024-11-22 13:21:21,737 - Processing file: blur_480.png
2024-11-22 13:21:22,380 - Processing file: blur_481.png
2024-11-22 13:21:23,030 - Processing file: blur_482.png
2024-11-22 13:21:23,678 - Processing file: blur_483.png
2024-11-22 13:21:24,340 - Processing file: blur_484.png
2024-11-22 13:21:24,981 - Processing file: blur_485.png
2024-11-22 13:21:25,627 - Processing file: blur_486.png
2024-11-22 13:21:26,269 - Processing file: blur_487.png
2024-11-22 13:21:26,912 - Processing file: blur_488.png
2024-11-22 13:21:27,544 - Processing file: blur_489.png
2024-11-22 13:21:28,175 - Processing file: blur_490.png
2024-11-22 13:21:28,835 - Processing file: blur_491.png
2024-11-22 13:21:29,494 - Processing file: blur_492.png
2024-11-22 13:21:30,129 - Processing file: blur_493.png
2024-11-22 13:21:30,780 - Processing file: blur_494.png
2024-11-22 13:21:31,440 - Processing file: blur_495.png
2024-11-22 13:21:32,117 - Processing file: blur_496.png
2024-11-22 13:21:32,768 - Processing file: blur_497.png
2024-11-22 13:21:33,400 - Processing file: blur_498.png
2024-11-22 13:21:34,039 - Processing file: blur_499.png
2024-11-22 13:21:34,664 - Processing file: blur_500.png
2024-11-22 13:21:35,295 - Processing file: blur_501.png
2024-11-22 13:21:35,931 - Processing file: blur_502.png
2024-11-22 13:21:36,575 - Processing file: blur_503.png
2024-11-22 13:21:37,208 - Processing file: blur_504.png
2024-11-22 13:21:37,865 - Processing file: blur_505.png
2024-11-22 13:21:38,504 - Processing file: blur_506.png
2024-11-22 13:21:39,153 - Processing file: blur_507.png
2024-11-22 13:21:39,775 - Processing file: blur_508.png
2024-11-22 13:21:40,412 - Processing file: blur_509.png
2024-11-22 13:21:41,033 - Processing file: blur_510.png
2024-11-22 13:21:41,658 - Processing file: blur_511.png
2024-11-22 13:21:42,298 - Processing file: blur_512.png
2024-11-22 13:21:42,923 - Processing file: blur_513.png
2024-11-22 13:21:43,548 - Processing file: blur_514.png
2024-11-22 13:21:44,184 - Processing file: blur_515.png
2024-11-22 13:21:44,822 - Processing file: blur_516.png
2024-11-22 13:21:45,532 - Processing file: blur_517.png
2024-11-22 13:21:46,156 - Processing file: blur_518.png
2024-11-22 13:21:46,783 - Processing file: blur_519.png
2024-11-22 13:21:47,410 - Processing file: blur_520.png
2024-11-22 13:21:48,018 - Processing file: blur_521.png
2024-11-22 13:21:48,634 - Processing file: blur_522.png
2024-11-22 13:21:49,290 - Processing file: blur_523.png
2024-11-22 13:21:49,949 - Processing file: blur_524.png
2024-11-22 13:21:50,591 - Processing file: blur_525.png
2024-11-22 13:21:51,216 - Processing file: blur_526.png
2024-11-22 13:21:51,828 - Processing file: blur_527.png
2024-11-22 13:21:52,454 - Processing file: blur_528.png
2024-11-22 13:21:53,118 - Processing file: blur_529.png
2024-11-22 13:21:53,779 - Processing file: blur_530.png
2024-11-22 13:21:54,471 - Processing file: blur_531.png
2024-11-22 13:21:55,123 - Processing file: blur_532.png
2024-11-22 13:21:55,752 - Processing file: blur_533.png
2024-11-22 13:21:56,382 - Processing file: blur_534.png
2024-11-22 13:21:57,026 - Processing file: blur_535.png
2024-11-22 13:21:57,656 - Processing file: blur_536.png
2024-11-22 13:21:58,282 - Processing file: blur_537.png
2024-11-22 13:21:58,914 - Processing file: blur_538.png
2024-11-22 13:21:59,543 - Processing file: blur_539.png
2024-11-22 13:22:00,189 - Processing file: blur_540.png
2024-11-22 13:22:00,831 - Processing file: blur_541.png
2024-11-22 13:22:01,458 - Processing file: blur_542.png
2024-11-22 13:22:02,100 - Processing file: blur_543.png
2024-11-22 13:22:02,751 - Processing file: blur_544.png
2024-11-22 13:22:03,394 - Processing file: blur_545.png
2024-11-22 13:22:04,035 - Processing file: blur_546.png
2024-11-22 13:22:04,667 - Processing file: blur_547.png
2024-11-22 13:22:05,330 - Processing file: blur_548.png
2024-11-22 13:22:05,966 - Processing file: blur_549.png
2024-11-22 13:22:06,632 - Processing file: blur_550.png
2024-11-22 13:22:07,291 - Processing file: blur_551.png
2024-11-22 13:22:07,948 - Processing file: blur_552.png
2024-11-22 13:22:08,587 - Processing file: blur_553.png
2024-11-22 13:22:09,223 - Processing file: blur_554.png
2024-11-22 13:22:09,847 - Processing file: blur_555.png
2024-11-22 13:22:10,496 - Processing file: blur_556.png
2024-11-22 13:22:11,133 - Processing file: blur_557.png
2024-11-22 13:22:11,765 - Processing file: blur_558.png
2024-11-22 13:22:12,386 - Processing file: blur_559.png
2024-11-22 13:22:13,026 - Processing file: blur_560.png
2024-11-22 13:22:13,693 - Processing file: blur_561.png
2024-11-22 13:22:14,352 - Processing file: blur_562.png
2024-11-22 13:22:14,979 - Processing file: blur_563.png
2024-11-22 13:22:15,595 - Processing file: blur_564.png
2024-11-22 13:22:16,227 - Processing file: blur_565.png
2024-11-22 13:22:16,854 - Processing file: blur_566.png
2024-11-22 13:22:17,514 - Processing file: blur_567.png
2024-11-22 13:22:18,165 - Processing file: blur_568.png
2024-11-22 13:22:18,803 - Processing file: blur_569.png
2024-11-22 13:22:19,446 - Processing file: blur_570.png
2024-11-22 13:22:20,165 - Processing file: blur_571.png
2024-11-22 13:22:20,823 - Processing file: blur_572.png
2024-11-22 13:22:21,472 - Processing file: blur_573.png
2024-11-22 13:22:22,094 - Processing file: blur_574.png
2024-11-22 13:22:22,725 - Processing file: blur_575.png
2024-11-22 13:22:23,377 - Processing file: blur_576.png
2024-11-22 13:22:24,009 - Processing file: blur_577.png
2024-11-22 13:22:24,648 - Processing file: blur_578.png
2024-11-22 13:22:25,298 - Processing file: blur_579.png
2024-11-22 13:22:25,954 - Processing file: blur_580.png
2024-11-22 13:22:26,596 - Processing file: blur_581.png
2024-11-22 13:22:27,244 - Processing file: blur_582.png
2024-11-22 13:22:27,880 - Processing file: blur_583.png
2024-11-22 13:22:28,524 - Processing file: blur_584.png
2024-11-22 13:22:29,171 - Processing file: blur_585.png
2024-11-22 13:22:29,821 - Processing file: blur_586.png
2024-11-22 13:22:30,477 - Processing file: blur_587.png
2024-11-22 13:22:31,106 - Processing file: blur_588.png
2024-11-22 13:22:31,746 - Processing file: blur_589.png
2024-11-22 13:22:32,384 - Processing file: blur_590.png
2024-11-22 13:22:33,035 - Processing file: blur_591.png
2024-11-22 13:22:33,669 - Processing file: blur_592.png
2024-11-22 13:22:34,324 - Processing file: blur_593.png
2024-11-22 13:22:34,957 - Processing file: blur_594.png
2024-11-22 13:22:35,590 - Processing file: blur_595.png
2024-11-22 13:22:36,241 - Processing file: blur_596.png
2024-11-22 13:22:36,874 - Processing file: blur_597.png
2024-11-22 13:22:37,551 - Processing file: blur_598.png
2024-11-22 13:22:38,219 - Processing file: blur_599.png
2024-11-22 13:22:38,860 - Processing file: blur_600.png
2024-11-22 13:22:39,518 - Processing file: blur_601.png
2024-11-22 13:22:40,162 - Processing file: blur_602.png
2024-11-22 13:22:40,809 - Processing file: blur_603.png
2024-11-22 13:22:41,484 - Processing file: blur_604.png
2024-11-22 13:22:42,139 - Processing file: blur_605.png
2024-11-22 13:22:42,779 - Processing file: blur_606.png
2024-11-22 13:22:43,434 - Processing file: blur_607.png
2024-11-22 13:22:44,096 - Processing file: blur_608.png
2024-11-22 13:22:44,712 - Processing file: blur_609.png
2024-11-22 13:22:45,360 - Processing file: blur_610.png
2024-11-22 13:22:46,029 - Processing file: blur_611.png
2024-11-22 13:22:46,663 - Processing file: blur_612.png
2024-11-22 13:22:47,325 - Processing file: blur_613.png
2024-11-22 13:22:47,952 - Processing file: blur_614.png
2024-11-22 13:22:48,593 - Processing file: blur_615.png
2024-11-22 13:22:49,247 - Processing file: blur_616.png
2024-11-22 13:22:49,871 - Processing file: blur_617.png
2024-11-22 13:22:50,529 - Processing file: blur_618.png
2024-11-22 13:22:51,151 - Processing file: blur_619.png
2024-11-22 13:22:51,776 - Processing file: blur_620.png
2024-11-22 13:22:52,401 - Processing file: blur_621.png
2024-11-22 13:22:53,065 - Processing file: blur_622.png
2024-11-22 13:22:53,698 - Processing file: blur_623.png
2024-11-22 13:22:54,324 - Processing file: blur_624.png
2024-11-22 13:22:54,960 - Processing file: blur_625.png
2024-11-22 13:22:55,618 - Processing file: blur_626.png
2024-11-22 13:22:56,281 - Processing file: blur_627.png
2024-11-22 13:22:56,937 - Processing file: blur_628.png
2024-11-22 13:22:57,598 - Processing file: blur_629.png
2024-11-22 13:22:58,250 - Processing file: blur_630.png
2024-11-22 13:22:58,901 - Processing file: blur_631.png
2024-11-22 13:22:59,589 - Processing file: blur_632.png
2024-11-22 13:23:00,220 - Processing file: blur_633.png
2024-11-22 13:23:00,872 - Processing file: blur_634.png
2024-11-22 13:23:01,533 - Processing file: blur_635.png
2024-11-22 13:23:02,161 - Processing file: blur_636.png
2024-11-22 13:23:02,783 - Processing file: blur_637.png
2024-11-22 13:23:03,418 - Processing file: blur_638.png
2024-11-22 13:23:04,097 - Processing file: blur_639.png
2024-11-22 13:23:04,756 - Processing file: blur_640.png
2024-11-22 13:23:05,429 - Processing file: blur_641.png
2024-11-22 13:23:06,076 - Processing file: blur_642.png
2024-11-22 13:23:06,734 - Processing file: blur_643.png
2024-11-22 13:23:07,375 - Processing file: blur_644.png
2024-11-22 13:23:08,009 - Processing file: blur_645.png
2024-11-22 13:23:08,640 - Processing file: blur_646.png
2024-11-22 13:23:09,265 - Processing file: blur_647.png
2024-11-22 13:23:09,905 - Processing file: blur_648.png
2024-11-22 13:23:10,561 - Processing file: blur_649.png
2024-11-22 13:23:11,228 - Processing file: blur_650.png
2024-11-22 13:23:11,887 - Processing file: blur_651.png
2024-11-22 13:23:12,519 - Processing file: blur_652.png
2024-11-22 13:23:13,185 - Processing file: blur_653.png
2024-11-22 13:23:13,824 - Processing file: blur_654.png
2024-11-22 13:23:14,488 - Processing file: blur_655.png
2024-11-22 13:23:15,156 - Processing file: blur_656.png
2024-11-22 13:23:15,825 - Processing file: blur_657.png
2024-11-22 13:23:16,481 - Processing file: blur_658.png
2024-11-22 13:23:17,137 - Processing file: blur_659.png
2024-11-22 13:23:17,768 - Processing file: blur_660.png
2024-11-22 13:23:18,396 - Processing file: blur_661.png
2024-11-22 13:23:19,026 - Processing file: blur_662.png
2024-11-22 13:23:19,671 - Processing file: blur_663.png
2024-11-22 13:23:20,325 - Processing file: blur_664.png
2024-11-22 13:23:20,970 - Processing file: blur_665.png
2024-11-22 13:23:21,610 - Processing file: blur_666.png
2024-11-22 13:23:22,267 - Processing file: blur_667.png
2024-11-22 13:23:22,889 - Processing file: blur_668.png
2024-11-22 13:23:23,528 - Processing file: blur_669.png
2024-11-22 13:23:24,148 - Processing file: blur_670.png
2024-11-22 13:23:24,777 - Processing file: blur_671.png
2024-11-22 13:23:25,417 - Processing file: blur_672.png
2024-11-22 13:23:26,071 - Processing file: blur_673.png
2024-11-22 13:23:26,702 - Processing file: blur_674.png
2024-11-22 13:23:27,323 - Processing file: blur_675.png
2024-11-22 13:23:27,959 - Processing file: blur_676.png
2024-11-22 13:23:28,582 - Processing file: blur_677.png
2024-11-22 13:23:29,215 - Processing file: blur_678.png
2024-11-22 13:23:29,847 - Processing file: blur_679.png
2024-11-22 13:23:30,471 - Processing file: blur_680.png
2024-11-22 13:23:31,094 - Processing file: blur_681.png
2024-11-22 13:23:31,721 - Processing file: blur_682.png
2024-11-22 13:23:32,377 - Processing file: blur_683.png
2024-11-22 13:23:33,011 - Processing file: blur_684.png
2024-11-22 13:23:33,647 - Processing file: blur_685.png
2024-11-22 13:23:34,269 - Processing file: blur_686.png
2024-11-22 13:23:34,897 - Processing file: blur_687.png
2024-11-22 13:23:35,523 - Processing file: blur_688.png
2024-11-22 13:23:36,135 - Processing file: blur_689.png
2024-11-22 13:23:36,753 - Processing file: blur_690.png
2024-11-22 13:23:37,373 - Processing file: blur_691.png
2024-11-22 13:23:37,993 - Processing file: blur_692.png
2024-11-22 13:23:38,617 - Processing file: blur_693.png
2024-11-22 13:23:39,235 - Processing file: blur_694.png
2024-11-22 13:23:39,852 - Processing file: blur_695.png
2024-11-22 13:23:40,470 - Processing file: blur_696.png
2024-11-22 13:23:41,095 - Processing file: blur_697.png
2024-11-22 13:23:41,706 - Processing file: blur_698.png
2024-11-22 13:23:42,323 - Processing file: blur_699.png
2024-11-22 13:23:42,965 - Processing file: blur_700.png
2024-11-22 13:23:43,625 - Processing file: blur_701.png
2024-11-22 13:23:44,263 - Processing file: blur_702.png
2024-11-22 13:23:44,912 - Processing file: blur_703.png
2024-11-22 13:23:45,538 - Processing file: blur_704.png
2024-11-22 13:23:46,161 - Processing file: blur_705.png
2024-11-22 13:23:46,812 - Processing file: blur_706.png
2024-11-22 13:23:47,488 - Processing file: blur_707.png
2024-11-22 13:23:48,115 - Processing file: blur_708.png
2024-11-22 13:23:48,734 - Processing file: blur_709.png
2024-11-22 13:23:49,364 - Processing file: blur_710.png
2024-11-22 13:23:50,010 - Processing file: blur_711.png
2024-11-22 13:23:50,647 - Processing file: blur_712.png
2024-11-22 13:23:51,267 - Processing file: blur_713.png
2024-11-22 13:23:51,908 - Processing file: blur_714.png
2024-11-22 13:23:52,539 - Processing file: blur_715.png
2024-11-22 13:23:53,189 - Processing file: blur_716.png
2024-11-22 13:23:53,810 - Processing file: blur_717.png
2024-11-22 13:23:54,450 - Processing file: blur_718.png
2024-11-22 13:23:55,068 - Processing file: blur_719.png
2024-11-22 13:23:55,724 - Processing file: blur_720.png
2024-11-22 13:23:56,382 - Processing file: blur_721.png
2024-11-22 13:23:57,014 - Processing file: blur_722.png
2024-11-22 13:23:57,636 - Processing file: blur_723.png
2024-11-22 13:23:58,252 - Processing file: blur_724.png
2024-11-22 13:23:58,880 - Processing file: blur_725.png
2024-11-22 13:23:59,507 - Processing file: blur_726.png
2024-11-22 13:24:00,138 - Processing file: blur_727.png
2024-11-22 13:24:00,758 - Processing file: blur_728.png
2024-11-22 13:24:01,387 - Processing file: blur_729.png
2024-11-22 13:24:02,015 - Processing file: blur_730.png
2024-11-22 13:24:02,631 - Processing file: blur_731.png
2024-11-22 13:24:03,253 - Processing file: blur_732.png
2024-11-22 13:24:03,875 - Processing file: blur_733.png
2024-11-22 13:24:04,501 - Processing file: blur_734.png
2024-11-22 13:24:05,183 - Processing file: blur_735.png
2024-11-22 13:24:05,847 - Processing file: blur_736.png
2024-11-22 13:24:06,476 - Processing file: blur_737.png
2024-11-22 13:24:07,114 - Processing file: blur_738.png
2024-11-22 13:24:07,747 - Processing file: blur_739.png
2024-11-22 13:24:08,404 - Processing file: blur_740.png
2024-11-22 13:24:09,034 - Processing file: blur_741.png
2024-11-22 13:24:09,648 - Processing file: blur_742.png
2024-11-22 13:24:10,297 - Processing file: blur_743.png
2024-11-22 13:24:10,966 - Processing file: blur_744.png
2024-11-22 13:24:11,606 - Processing file: blur_745.png
2024-11-22 13:24:12,249 - Processing file: blur_746.png
2024-11-22 13:24:12,886 - Processing file: blur_747.png
2024-11-22 13:24:13,511 - Processing file: blur_748.png
2024-11-22 13:24:14,144 - Processing file: blur_749.png
2024-11-22 13:24:14,767 - Processing file: blur_750.png
2024-11-22 13:24:15,389 - Processing file: blur_751.png
2024-11-22 13:24:16,002 - Processing file: blur_752.png
2024-11-22 13:24:16,622 - Processing file: blur_753.png
2024-11-22 13:24:17,260 - Processing file: blur_754.png
2024-11-22 13:24:17,883 - Processing file: blur_755.png
2024-11-22 13:24:18,518 - Processing file: blur_756.png
2024-11-22 13:24:19,156 - Processing file: blur_757.png
2024-11-22 13:24:19,777 - Processing file: blur_758.png
2024-11-22 13:24:20,412 - Processing file: blur_759.png
2024-11-22 13:24:21,038 - Processing file: blur_760.png
2024-11-22 13:24:21,660 - Processing file: blur_761.png
2024-11-22 13:24:22,294 - Processing file: blur_762.png
2024-11-22 13:24:22,926 - Processing file: blur_763.png
2024-11-22 13:24:23,562 - Processing file: blur_764.png
2024-11-22 13:24:24,184 - Processing file: blur_765.png
2024-11-22 13:24:24,827 - Processing file: blur_766.png
2024-11-22 13:24:25,453 - Processing file: blur_767.png
2024-11-22 13:24:26,093 - Processing file: blur_768.png
2024-11-22 13:24:26,715 - Processing file: blur_769.png
2024-11-22 13:24:27,341 - Processing file: blur_770.png
2024-11-22 13:24:27,965 - Processing file: blur_771.png
2024-11-22 13:24:28,587 - Processing file: blur_772.png
2024-11-22 13:24:29,230 - Processing file: blur_773.png
2024-11-22 13:24:29,852 - Processing file: blur_774.png
2024-11-22 13:24:30,484 - Processing file: blur_775.png
2024-11-22 13:24:31,111 - Processing file: blur_776.png
2024-11-22 13:24:31,733 - Processing file: blur_777.png
2024-11-22 13:24:32,374 - Processing file: blur_778.png
2024-11-22 13:24:33,038 - Processing file: blur_779.png
2024-11-22 13:24:33,702 - Processing file: blur_780.png
2024-11-22 13:24:34,345 - Processing file: blur_781.png
2024-11-22 13:24:35,002 - Processing file: blur_782.png
2024-11-22 13:24:35,654 - Processing file: blur_783.png
2024-11-22 13:24:36,291 - Processing file: blur_784.png
2024-11-22 13:24:36,916 - Processing file: blur_785.png
2024-11-22 13:24:37,565 - Processing file: blur_786.png
2024-11-22 13:24:38,224 - Processing file: blur_787.png
2024-11-22 13:24:38,848 - Processing file: blur_788.png
2024-11-22 13:24:39,485 - Processing file: blur_789.png
2024-11-22 13:24:40,110 - Processing file: blur_790.png
2024-11-22 13:24:40,765 - Processing file: blur_791.png
2024-11-22 13:24:41,424 - Processing file: blur_792.png
2024-11-22 13:24:42,072 - Processing file: blur_793.png
2024-11-22 13:24:42,722 - Processing file: blur_794.png
2024-11-22 13:24:43,373 - Processing file: blur_795.png
2024-11-22 13:24:44,018 - Processing file: blur_796.png
2024-11-22 13:24:44,655 - Processing file: blur_797.png
2024-11-22 13:24:45,275 - Processing file: blur_798.png
2024-11-22 13:24:45,913 - Processing file: blur_799.png
2024-11-22 13:24:46,545 - Processing file: blur_800.png
2024-11-22 13:24:47,175 - Processing file: blur_801.png
2024-11-22 13:24:47,831 - Processing file: blur_802.png
2024-11-22 13:24:48,457 - Processing file: blur_803.png
2024-11-22 13:24:49,101 - Processing file: blur_804.png
2024-11-22 13:24:49,743 - Processing file: blur_805.png
2024-11-22 13:24:50,390 - Processing file: blur_806.png
2024-11-22 13:24:51,018 - Processing file: blur_807.png
2024-11-22 13:24:51,662 - Processing file: blur_808.png
2024-11-22 13:24:52,309 - Processing file: blur_809.png
2024-11-22 13:24:52,984 - Processing file: blur_810.png
2024-11-22 13:24:53,622 - Processing file: blur_811.png
2024-11-22 13:24:54,253 - Processing file: blur_812.png
2024-11-22 13:24:54,904 - Processing file: blur_813.png
2024-11-22 13:24:55,575 - Processing file: blur_814.png
2024-11-22 13:24:56,250 - Processing file: blur_815.png
2024-11-22 13:24:56,879 - Processing file: blur_816.png
2024-11-22 13:24:57,501 - Processing file: blur_817.png
2024-11-22 13:24:58,125 - Processing file: blur_818.png
2024-11-22 13:24:58,773 - Processing file: blur_819.png
2024-11-22 13:24:59,439 - Processing file: blur_820.png
2024-11-22 13:25:00,076 - Processing file: blur_821.png
2024-11-22 13:25:00,731 - Processing file: blur_822.png
2024-11-22 13:25:01,378 - Processing file: blur_823.png
2024-11-22 13:25:02,028 - Processing file: blur_824.png
2024-11-22 13:25:02,651 - Processing file: blur_825.png
2024-11-22 13:25:03,277 - Processing file: blur_826.png
2024-11-22 13:25:03,898 - Processing file: blur_827.png
2024-11-22 13:25:04,515 - Processing file: blur_828.png
2024-11-22 13:25:05,149 - Processing file: blur_829.png
2024-11-22 13:25:05,777 - Processing file: blur_830.png
2024-11-22 13:25:06,412 - Processing file: blur_831.png
2024-11-22 13:25:07,086 - Processing file: blur_832.png
2024-11-22 13:25:07,733 - Processing file: blur_833.png
2024-11-22 13:25:08,373 - Processing file: blur_834.png
2024-11-22 13:25:08,970 - Processing file: blur_835.png
2024-11-22 13:25:09,584 - Processing file: blur_836.png
2024-11-22 13:25:10,198 - Processing file: blur_837.png
2024-11-22 13:25:10,820 - Processing file: blur_838.png
2024-11-22 13:25:11,440 - Processing file: blur_839.png
2024-11-22 13:25:12,069 - Processing file: blur_840.png
2024-11-22 13:25:12,698 - Processing file: blur_841.png
2024-11-22 13:25:13,312 - Processing file: blur_842.png
2024-11-22 13:25:13,923 - Processing file: blur_843.png
2024-11-22 13:25:14,549 - Processing file: blur_844.png
2024-11-22 13:25:15,166 - Processing file: blur_845.png
2024-11-22 13:25:15,804 - Processing file: blur_846.png
2024-11-22 13:25:16,424 - Processing file: blur_847.png
2024-11-22 13:25:17,056 - Processing file: blur_848.png
2024-11-22 13:25:17,681 - Processing file: blur_849.png
2024-11-22 13:25:18,300 - Processing file: blur_850.png
2024-11-22 13:25:18,951 - Processing file: blur_851.png
2024-11-22 13:25:19,578 - Processing file: blur_852.png
2024-11-22 13:25:20,206 - Processing file: blur_853.png
2024-11-22 13:25:20,821 - Processing file: blur_854.png
2024-11-22 13:25:21,438 - Processing file: blur_855.png
2024-11-22 13:25:22,066 - Processing file: blur_856.png
2024-11-22 13:25:22,703 - Processing file: blur_857.png
2024-11-22 13:25:23,339 - Processing file: blur_858.png
2024-11-22 13:25:23,959 - Processing file: blur_859.png
2024-11-22 13:25:24,608 - Processing file: blur_860.png
2024-11-22 13:25:25,251 - Processing file: blur_861.png
2024-11-22 13:25:25,886 - Processing file: blur_862.png
2024-11-22 13:25:26,566 - Processing file: blur_863.png
2024-11-22 13:25:27,216 - Processing file: blur_864.png
2024-11-22 13:25:27,850 - Processing file: blur_865.png
2024-11-22 13:25:28,486 - Processing file: blur_866.png
2024-11-22 13:25:29,128 - Processing file: blur_867.png
2024-11-22 13:25:29,761 - Processing file: blur_868.png
2024-11-22 13:25:30,399 - Processing file: blur_869.png
2024-11-22 13:25:31,026 - Processing file: blur_870.png
2024-11-22 13:25:31,678 - Processing file: blur_871.png
2024-11-22 13:25:32,318 - Processing file: blur_872.png
2024-11-22 13:25:32,948 - Processing file: blur_873.png
2024-11-22 13:25:33,574 - Processing file: blur_874.png
2024-11-22 13:25:34,202 - Processing file: blur_875.png
2024-11-22 13:25:34,841 - Processing file: blur_876.png
2024-11-22 13:25:35,479 - Processing file: blur_877.png
2024-11-22 13:25:36,109 - Processing file: blur_878.png
2024-11-22 13:25:36,740 - Processing file: blur_879.png
2024-11-22 13:25:37,372 - Processing file: blur_880.png
2024-11-22 13:25:37,994 - Processing file: blur_881.png
2024-11-22 13:25:38,647 - Processing file: blur_882.png
2024-11-22 13:25:39,281 - Processing file: blur_883.png
2024-11-22 13:25:39,910 - Processing file: blur_884.png
2024-11-22 13:25:40,529 - Processing file: blur_885.png
2024-11-22 13:25:41,172 - Processing file: blur_886.png
2024-11-22 13:25:41,806 - Processing file: blur_887.png
2024-11-22 13:25:42,439 - Processing file: blur_888.png
2024-11-22 13:25:43,066 - Processing file: blur_889.png
2024-11-22 13:25:43,690 - Processing file: blur_890.png
2024-11-22 13:25:44,336 - Processing file: blur_891.png
2024-11-22 13:25:44,961 - Processing file: blur_892.png
2024-11-22 13:25:45,582 - Processing file: blur_893.png
2024-11-22 13:25:46,220 - Processing file: blur_894.png
2024-11-22 13:25:46,849 - Processing file: blur_895.png
2024-11-22 13:25:47,495 - Processing file: blur_896.png
2024-11-22 13:25:48,130 - Processing file: blur_897.png
2024-11-22 13:25:48,762 - Processing file: blur_898.png
2024-11-22 13:25:49,413 - Processing file: blur_899.png
2024-11-22 13:25:50,035 - Processing file: blur_900.png
2024-11-22 13:25:50,692 - Processing file: blur_901.png
2024-11-22 13:25:51,311 - Processing file: blur_902.png
2024-11-22 13:25:51,948 - Processing file: blur_903.png
2024-11-22 13:25:52,588 - Processing file: blur_904.png
2024-11-22 13:25:53,268 - Processing file: blur_905.png
2024-11-22 13:25:53,914 - Processing file: blur_906.png
2024-11-22 13:25:54,582 - Processing file: blur_907.png
2024-11-22 13:25:55,247 - Processing file: blur_908.png
2024-11-22 13:25:55,938 - Processing file: blur_909.png
2024-11-22 13:25:56,581 - Processing file: blur_910.png
2024-11-22 13:25:57,249 - Processing file: blur_911.png
2024-11-22 13:25:57,905 - Processing file: blur_912.png
2024-11-22 13:25:58,543 - Processing file: blur_913.png
2024-11-22 13:25:59,225 - Processing file: blur_914.png
2024-11-22 13:25:59,861 - Processing file: blur_915.png
2024-11-22 13:26:00,491 - Processing file: blur_916.png
2024-11-22 13:26:01,132 - Processing file: blur_917.png
2024-11-22 13:26:01,782 - Processing file: blur_918.png
2024-11-22 13:26:02,416 - Processing file: blur_919.png
2024-11-22 13:26:03,045 - Processing file: blur_920.png
2024-11-22 13:26:03,680 - Processing file: blur_921.png
2024-11-22 13:26:04,331 - Processing file: blur_922.png
2024-11-22 13:26:04,988 - Processing file: blur_923.png
2024-11-22 13:26:05,656 - Processing file: blur_924.png
2024-11-22 13:26:06,297 - Processing file: blur_925.png
2024-11-22 13:26:06,932 - Processing file: blur_926.png
2024-11-22 13:26:07,578 - Processing file: blur_927.png
2024-11-22 13:26:08,246 - Processing file: blur_928.png
2024-11-22 13:26:08,874 - Processing file: blur_929.png
2024-11-22 13:26:09,549 - Processing file: blur_930.png
2024-11-22 13:26:10,218 - Processing file: blur_931.png
2024-11-22 13:26:10,845 - Processing file: blur_932.png
2024-11-22 13:26:11,504 - Processing file: blur_933.png
2024-11-22 13:26:12,139 - Processing file: blur_934.png
2024-11-22 13:26:12,765 - Processing file: blur_935.png
2024-11-22 13:26:13,434 - Processing file: blur_936.png
2024-11-22 13:26:14,094 - Processing file: blur_937.png
2024-11-22 13:26:14,705 - Processing file: blur_938.png
2024-11-22 13:26:15,337 - Processing file: blur_939.png
2024-11-22 13:26:15,953 - Processing file: blur_940.png
2024-11-22 13:26:16,579 - Processing file: blur_941.png
2024-11-22 13:26:17,221 - Processing file: blur_942.png
2024-11-22 13:26:17,856 - Processing file: blur_943.png
2024-11-22 13:26:18,501 - Processing file: blur_944.png
2024-11-22 13:26:19,158 - Processing file: blur_945.png
2024-11-22 13:26:19,795 - Processing file: blur_946.png
2024-11-22 13:26:20,428 - Processing file: blur_947.png
2024-11-22 13:26:21,053 - Processing file: blur_948.png
2024-11-22 13:26:21,681 - Processing file: blur_949.png
2024-11-22 13:26:22,312 - Processing file: blur_950.png
2024-11-22 13:26:22,944 - Processing file: blur_951.png
2024-11-22 13:26:23,573 - Processing file: blur_952.png
2024-11-22 13:26:24,198 - Processing file: blur_953.png
2024-11-22 13:26:24,823 - Processing file: blur_954.png
2024-11-22 13:26:25,449 - Processing file: blur_955.png
2024-11-22 13:26:26,101 - Processing file: blur_956.png
2024-11-22 13:26:26,739 - Processing file: blur_957.png
2024-11-22 13:26:27,356 - Processing file: blur_958.png
2024-11-22 13:26:27,981 - Processing file: blur_959.png
2024-11-22 13:26:28,601 - Processing file: blur_960.png
2024-11-22 13:26:29,258 - Processing file: blur_961.png
2024-11-22 13:26:29,895 - Processing file: blur_962.png
2024-11-22 13:26:30,580 - Processing file: blur_963.png
2024-11-22 13:26:31,196 - Processing file: blur_964.png
2024-11-22 13:26:31,802 - Processing file: blur_965.png
2024-11-22 13:26:32,445 - Processing file: blur_966.png
2024-11-22 13:26:33,109 - Processing file: blur_967.png
2024-11-22 13:26:33,729 - Processing file: blur_968.png
2024-11-22 13:26:34,353 - Processing file: blur_969.png
2024-11-22 13:26:34,986 - Processing file: blur_970.png
2024-11-22 13:26:35,619 - Processing file: blur_971.png
2024-11-22 13:26:36,248 - Processing file: blur_972.png
2024-11-22 13:26:36,866 - Processing file: blur_973.png
2024-11-22 13:26:37,492 - Processing file: blur_974.png
2024-11-22 13:26:38,122 - Processing file: blur_975.png
2024-11-22 13:26:38,779 - Processing file: blur_976.png
2024-11-22 13:26:39,399 - Processing file: blur_977.png
2024-11-22 13:26:40,052 - Processing file: blur_978.png
2024-11-22 13:26:40,670 - Processing file: blur_979.png
2024-11-22 13:26:41,312 - Processing file: blur_980.png
2024-11-22 13:26:41,910 - Inference completed in 624.92 seconds.
2024-11-22 13:26:41,910 - Overall Metrics - PSNR: 26.6137, SSIM: 0.8246, MAE: 0.0291, LPIPS: 0.1208, DeltaE: 2.6023
